  0000:  0b 99 63 97 e2 93 50 9a - d7 03 83 48 18 04 26 f7  ..c...P....H..&.
  0001:  3e 30 fe 93 16 de 4c 77 - 2c ff 8a 49 68 1c 7a 51  >0....Lw,..Ih.zQ
  0002:  b7 54 bb 62 be 9f aa f3 - 14 f2 5e 89 cc 43 66 7e  .T.b......^..Cf~
  0003:  cd 50 db f3 2e 27 6b 78 - b4 4d d5 14 74 2b 74 f7  .P...'kx.M..t+t.
  0004:  90 6e 5f c5 df 04 cb 21 - e5 82 b9 f6 02 43 db 53  .n_....!.....C.S
  0005:  13 96 5e d2 91 be 6a f6 - c4 8f c2 34 42 4b 3b fb  ..^...j....4BK;.
  0006:  7d d5 b0 bf c5 2b 77 12 - 6b 8b 45 67              }....+w.k.Eg
  0000:  00 05 ec 2e 00 00 57 24 - 00 07 da d2 2f 1f c9 c8  ......W$..../...
  0001:  03 cb 12 54             -                          ...T
  0000:  0b 99 63 97 e2 93 50 9a - d7 03 83 48 18 04 26 f7  ..c...P....H..&.
  0001:  3e 30 fe 93 16 de 4c 77 - 2c ff 8a 49 68 1c 7a 51  >0....Lw,..Ih.zQ
  0002:  b7 54 bb 62 be 9f aa f3 - 14 f2 5e 89 cc 43 66 7e  .T.b......^..Cf~
  0003:  cd 50 db f3 2e 27 6b 78 - b4 4d d5 14 74 2b 74 f7  .P...'kx.M..t+t.
  0004:  90 6e 5f c5 df 04 cb 21 - e5 82 b9 f6 02 43 db 53  .n_....!.....C.S
  0005:  13 96 5e d2 91 be 6a f6 - c4 8f c2 34 42 4b 3b fb  ..^...j....4BK;.
  0006:  7d d5 b0 bf c5 2b 77 12 - 6b 8b 45 67              }....+w.k.Eg
  0000:  00 05 f5 02 00 00 57 24 - 00 07 e2 24 2f 24 fb 9f  ......W$...$/$..
  0001:  03 ca d9 4c             -                          ...L
  0000:  0b 99 63 97 e2 93 50 9a - d7 03 83 48 18 04 26 f7  ..c...P....H..&.
  0001:  3e 30 fe 93 16 de 4c 77 - 2c ff 8a 49 68 1c 7a 51  >0....Lw,..Ih.zQ
  0002:  b7 54 bb 62 bc 9f aa f3 - 14 f2 5e 89 cc 43 66 7e  .T.b......^..Cf~
  0003:  cd 50 db f3 2e 27 6b 78 - b4 4d d5 14 74 2b 74 f7  .P...'kx.M..t+t.
  0004:  90 6e 5f c5 df 04 cb 21 - e5 82 b9 f6 02 43 db 53  .n_....!.....C.S
  0005:  13 96 5e d2 91 be 6a f6 - c4 8f c2 34 42 4b 3b fb  ..^...j....4BK;.
  0006:  7d d5 b0 bf c5 2b 77 12 - 6b 8b 45 67              }....+w.k.Eg
  0000:  00 06 46 4e 00 00 57 24 - 00 08 1c cd 2f 2a 7c 12  ..FN..W$..../*|.
  0001:  03 ca db 10             -                          ....
  0000:  00                      -                          .
  0000:  00                      -                          .
  0000:  01 01 01 01 00 01 6c 06 - a6 59 00 07 c2 d5 10 0b  ......l..Y......
  0001:  6e 66 17 d8 c2 d5 0f a9 - 6e 66 17 d8 c2 d5 0f aa  nf......nf......
  0002:  6e 66 17 d8 c2 d5 0f ab - 6e 66 17 d8 c2 d5 0f ac  nf......nf......
  0003:  6e 66 17 d8 c2 d5 0f ad - 6e 66 17 d8 00 00 00 00  nf......nf......
  0004:  50 bf 63 22 fe 7f 00 00 - 00 1f 40 00 00 00 00 00  P.c"......@.....
  0005:  d0 06 64 22 fe 7f 00 00 - 00 00 00 00 00 00 00 00  ..d"............
  0006:  00 00 00 00 00 00 00 00 - bc 4e 40 00 00 00 00 00  .........N@.....
  0007:  f0 ae bd 01 91 05 00 00 - 80 bf 63 22              ..........c"
  0000:  01 00 00 00             -                          ....
  0000:  00 00 00 00 50 52 4e 2d - 66 71 68 2d 31 37 34 36  ....PRN-fqh-1746
  0000:  0b 99 63 97 e2 93 50 9a - d7 03 83 48 18 04 26 f7  ..c...P....H..&.
  0001:  3e 30 fe 93 16 de 4c 77 - 2c ff 8a 49 68 1c 7a 51  >0....Lw,..Ih.zQ
  0002:  b7 54 bb 62 bf 9f aa f3 - 14 f2 5e 89 cc 43 66 7e  .T.b......^..Cf~
  0003:  cd 50 db f3 2e 27 6b 78 - b4 4d d5 14 74 2b 74 f7  .P...'kx.M..t+t.
  0004:  90 6e 5f c5 df 04 cb 21 - e5 82 b9 f6 02 43 db 53  .n_....!.....C.S
  0005:  13 96 5e d2 91 be 6a f6 - c4 8f c2 34 42 4b 3b fb  ..^...j....4BK;.
  0006:  7d d5 b0 bf c5 2b 77 12 - 6b 8b 45 67              }....+w.k.Eg
  0000:  00 07 a3 f2 00 00 57 4f - 00 09 1a 1a 2f 5c e7 39  ......WO..../\.9
  0001:  03 cb 9a 78             -                          ...x
  0000:  00                      -                          .
  0000:  00                      -                          .
  0000:  01 01 01 00 00 01 6c 06 - a6 59 00 07 c2 d5 10 0b  ......l..Y......
  0001:  6e 66 17 d8 c2 d5 0f a9 - 6e 66 17 d8 c2 d5 0f aa  nf......nf......
  0002:  6e 66 17 d8 c2 d5 0f ab - 6e 66 17 d8 c2 d5 0f ac  nf......nf......
  0003:  6e 66 17 d8 c2 d5 0f ad - 6e 66 17 d8 53 b2 25 20  nf......nf..S.% 
  0004:  00 cc 38 ef 00 00 00 00 - 00 00 00 00 00 00 00 00  ..8.............
  0005:  00 00 00 00 00 00 00 00 - 00 00 00 00 ff ff ff ff  ................
  0006:  ff ff ff ff ff ff ff ff - ff ff ff ff ff ff ff ff  ................
  0007:  ff ff ff ff ff ff ff ff - ff ff ff ff              ............
  0000:  01 01 01 00 00 01 6c 06 - a6 59 00 07 c2 d5 10 0b  ......l..Y......
  0001:  6e 66 17 d8 c2 d5 0f a9 - 6e 66 17 d8 c2 d5 0f aa  nf......nf......
  0002:  6e 66 17 d8 c2 d5 0f ab - 6e 66 17 d8 c2 d5 0f ac  nf......nf......
  0003:  6e 66 17 d8 c2 d5 0f ad - 6e 66 17 d8 df dd 34 28  nf......nf....4(
  0004:  04 7a 0c d5 00 00 00 00 - 00 00 00 00 00 00 00 00  .z..............
  0005:  00 00 00 00 00 00 00 00 - 00 00 00 00 df dd 34 28  ..............4(
  0006:  04 7a 0c d5 00 00 00 00 - 00 00 00 00 00 00 00 00  .z..............
  0007:  00 00 00 00 00 00 00 00 - 00 00 00 00              ............
  0000:  01 00 00 00             -                          ....
  0000:  00 00 00 00 50 52 4e 2d - 66 71 68 2d 31 37 34 36  ....PRN-fqh-1746
  0000:  0b 99 63 97 e2 93 50 9a - d7 03 83 48 18 04 26 f7  ..c...P....H..&.
  0001:  3e 30 fe 93 16 de 4c 77 - 2c ff 8a 49 68 1c 7a 51  >0....Lw,..Ih.zQ
  0002:  b7 54 bb 62 be 9f aa f3 - 14 f2 5e 89 cc 43 66 7e  .T.b......^..Cf~
  0003:  cd 50 db f3 2e 27 6b 78 - b4 4d d5 14 74 2b 74 f7  .P...'kx.M..t+t.
  0004:  90 6e 5f c5 df 04 cb 21 - e5 82 b9 f6 02 43 db 53  .n_....!.....C.S
  0005:  13 96 5e d2 91 be 6a f6 - c4 8f c2 34 42 4b 3b fb  ..^...j....4BK;.
  0006:  7d d5 b0 bf c5 2b 77 12 - 6b 8b 45 67              }....+w.k.Eg
  0000:  00 07 a4 38 00 00 57 4f - 00 09 1a 2e 2f 5e c8 33  ...8..WO..../^.3
  0001:  03 cb 9a 88             -                          ....
  0000:  00                      -                          .
  0000:  00                      -                          .
  0000:  01 01 01 00 00 01 6c 06 - a6 59 00 07 c2 d5 10 0b  ......l..Y......
  0001:  6e 66 17 d8 c2 d5 0f a9 - 6e 66 17 d8 c2 d5 0f aa  nf......nf......
  0002:  6e 66 17 d8 c2 d5 0f ab - 6e 66 17 d8 c2 d5 0f ac  nf......nf......
  0003:  6e 66 17 d8 c2 d5 0f ad - 6e 66 17 d8 53 b3 38 be  nf......nf..S.8.
  0004:  00 cc 3b 90 00 00 00 00 - 00 00 00 00 00 00 00 00  ..;.............
  0005:  00 00 00 00 00 00 00 00 - 00 00 00 00 ff ff ff ff  ................
  0006:  ff ff ff ff ff ff ff ff - ff ff ff ff ff ff ff ff  ................
  0007:  ff ff ff ff ff ff ff ff - ff ff ff ff              ............
  0000:  01 01 01 00 00 01 6c 06 - a6 59 00 07 c2 d5 10 0b  ......l..Y......
  0001:  6e 66 17 d8 c2 d5 0f a9 - 6e 66 17 d8 c2 d5 0f aa  nf......nf......
  0002:  6e 66 17 d8 c2 d5 0f ab - 6e 66 17 d8 c2 d5 0f ac  nf......nf......
  0003:  6e 66 17 d8 c2 d5 0f ad - 6e 66 17 d8 df dd 34 28  nf......nf....4(
  0004:  04 7a 0c d5 00 00 00 00 - 00 00 00 00 00 00 00 00  .z..............
  0005:  00 00 00 00 00 00 00 00 - 00 00 00 00 df dd 34 28  ..............4(
  0006:  04 7a 0c d5 00 00 00 00 - 00 00 00 00 00 00 00 00  .z..............
  0007:  00 00 00 00 00 00 00 00 - 00 00 00 00              ............
  0000:  01 00 00 00             -                          ....
  0000:  00                      -                          .
  0000:  00 00 00 00 50 52 4e 2d - 66 71 68 2d 31 37 34 36  ....PRN-fqh-1746
  0000:  0b 99 63 97 e2 93 50 9a - d7 03 83 48 18 04 26 f7  ..c...P....H..&.
  0001:  3e 30 fe 93 16 de 4c 77 - 2c ff 8a 49 68 1c 7a 51  >0....Lw,..Ih.zQ
  0002:  b7 54 bb 62 bd 9f aa f3 - 14 f2 5e 89 cc 43 66 7e  .T.b......^..Cf~
  0003:  cd 50 db f3 2e 27 6b 78 - b4 4d d5 14 74 2b 74 f7  .P...'kx.M..t+t.
  0004:  90 6e 5f c5 df 04 cb 21 - e5 82 b9 f6 02 43 db 53  .n_....!.....C.S
  0005:  13 96 5e d2 91 be 6a f6 - c4 8f c2 34 42 4b 3b fb  ..^...j....4BK;.
  0006:  7d d5 b0 bf c5 2b 77 12 - 6b 8b 45 67              }....+w.k.Eg
  0000:  00 07 a4 a1 00 00 57 4f - 00 09 1a 85 2f 68 70 85  ......WO..../hp.
  0001:  03 cb 9a 78             -                          ...x
  0000:  00                      -                          .
  0000:  00                      -                          .
  0000:  01 01 01 00 00 01 6c 06 - a6 59 00 07 c2 d5 10 0b  ......l..Y......
  0001:  6e 66 17 d8 c2 d5 0f a9 - 6e 66 17 d8 c2 d5 0f aa  nf......nf......
  0002:  6e 66 17 d8 c2 d5 0f ab - 6e 66 17 d8 c2 d5 0f ac  nf......nf......
  0003:  6e 66 17 d8 c2 d5 0f ad - 6e 66 17 d8 53 b7 fe 20  nf......nf..S.. 
  0004:  00 cc 48 79 00 00 00 00 - 00 00 00 00 00 00 00 00  ..Hy............
  0005:  00 00 00 00 00 00 00 00 - 00 00 00 00 ff ff ff ff  ................
  0006:  ff ff ff ff ff ff ff ff - ff ff ff ff ff ff ff ff  ................
  0007:  ff ff ff ff ff ff ff ff - ff ff ff ff              ............
  0000:  01 01 01 00 00 01 6c 06 - a6 59 00 07 c2 d5 10 0b  ......l..Y......
  0001:  6e 66 17 d8 c2 d5 0f a9 - 6e 66 17 d8 c2 d5 0f aa  nf......nf......
  0002:  6e 66 17 d8 c2 d5 0f ab - 6e 66 17 d8 c2 d5 0f ac  nf......nf......
  0003:  6e 66 17 d8 c2 d5 0f ad - 6e 66 17 d8 df dd 34 28  nf......nf....4(
  0004:  04 7a 0c d5 00 00 00 00 - 00 00 00 00 00 00 00 00  .z..............
  0005:  00 00 00 00 00 00 00 00 - 00 00 00 00 df dd 34 28  ..............4(
  0006:  04 7a 0c d5 00 00 00 00 - 00 00 00 00 00 00 00 00  .z..............
  0007:  00 00 00 00 00 00 00 00 - 00 00 00 00              ............
  0000:  01 00 00 00             -                          ....
  0000:  00                      -                          .
  0000:  00 00 00 00 50 52 4e 2d - 66 71 68 2d 31 37 34 36  ....PRN-fqh-1746
  0000:  0b 99 63 97 e2 93 50 9a - d7 03 83 48 18 04 26 f7  ..c...P....H..&.
  0001:  3e 30 fe 93 16 de 4c 77 - 2c ff 8a 49 68 1c 7a 51  >0....Lw,..Ih.zQ
  0002:  b7 54 bb 62 bf 9f aa f3 - 14 f2 5e 89 cc 43 66 7e  .T.b......^..Cf~
  0003:  cd 50 db f3 2e 27 6b 78 - b4 4d d5 14 74 2b 74 f7  .P...'kx.M..t+t.
  0004:  90 6e 5f c5 df 04 cb 21 - e5 82 b9 f6 02 43 db 53  .n_....!.....C.S
  0005:  13 96 5e d2 91 be 6a f6 - c4 8f c2 34 42 4b 3b fb  ..^...j....4BK;.
  0006:  7d d5 b0 bf c5 2b 77 12 - 6b 8b 45 67              }....+w.k.Eg
  0000:  00 07 a4 b0 00 00 57 4f - 00 09 1a 9f 2f 6b 9d bb  ......WO..../k..
  0001:  03 cb 9a f8             -                          ....
  0000:  00                      -                          .
  0000:  00                      -                          .
  0000:  01 01 01 00 00 01 6c 06 - a6 59 00 07 c2 d5 10 0b  ......l..Y......
  0001:  6e 66 17 d8 c2 d5 0f a9 - 6e 66 17 d8 c2 d5 0f aa  nf......nf......
  0002:  6e 66 17 d8 c2 d5 0f ab - 6e 66 17 d8 c2 d5 0f ac  nf......nf......
  0003:  6e 66 17 d8 c2 d5 0f ad - 6e 66 17 d8 53 b9 41 9b  nf......nf..S.A.
  0004:  00 cc 4c e6 00 00 00 00 - 00 00 00 00 00 00 00 00  ..L.............
  0005:  00 00 00 00 00 00 00 00 - 00 00 00 00 ff ff ff ff  ................
  0006:  ff ff ff ff ff ff ff ff - ff ff ff ff ff ff ff ff  ................
  0007:  ff ff ff ff ff ff ff ff - ff ff ff ff              ............
  0000:  01 01 01 00 00 01 6c 06 - a6 59 00 07 c2 d5 10 0b  ......l..Y......
  0001:  6e 66 17 d8 c2 d5 0f a9 - 6e 66 17 d8 c2 d5 0f aa  nf......nf......
  0002:  6e 66 17 d8 c2 d5 0f ab - 6e 66 17 d8 c2 d5 0f ac  nf......nf......
  0003:  6e 66 17 d8 c2 d5 0f ad - 6e 66 17 d8 df dd 34 28  nf......nf....4(
  0004:  04 7a 0c d5 00 00 00 00 - 00 00 00 00 00 00 00 00  .z..............
  0005:  00 00 00 00 00 00 00 00 - 00 00 00 00 df dd 34 28  ..............4(
  0006:  04 7a 0c d5 00 00 00 00 - 00 00 00 00 00 00 00 00  .z..............
  0007:  00 00 00 00 00 00 00 00 - 00 00 00 00              ............
  0000:  01 00 00 00             -                          ....
  0000:  00                      -                          .
  0000:  00 00 00 00 50 52 4e 2d - 66 71 68 2d 31 37 34 36  ....PRN-fqh-1746
  0000:  0b 99 63 97 e2 93 50 9a - d7 03 83 48 18 04 26 f7  ..c...P....H..&.
  0001:  3e 30 fe 93 16 de 4c 77 - 2c ff 8a 49 68 1c 7a 51  >0....Lw,..Ih.zQ
  0002:  b7 54 bb 62 bc 9f aa f3 - 14 f2 5e 89 cc 43 66 7e  .T.b......^..Cf~
  0003:  cd 50 db f3 2e 27 6b 78 - b4 4d d5 14 74 2b 74 f7  .P...'kx.M..t+t.
  0004:  90 6e 5f c5 df 04 cb 21 - e5 82 b9 f6 02 43 db 53  .n_....!.....C.S
  0005:  13 96 5e d2 91 be 6a f6 - c4 8f c2 34 42 4b 3b fb  ..^...j....4BK;.
  0006:  7d d5 b0 bf c5 2b 77 12 - 6b 8b 45 67              }....+w.k.Eg
  0000:  00 07 a4 ef 00 00 57 4f - 00 09 1a aa 2f 6b c2 8e  ......WO..../k..
  0001:  03 cb 9a f0             -                          ....
  0000:  00                      -                          .
  0000:  00                      -                          .
  0000:  01 01 01 00 00 01 6c 06 - a6 59 00 07 c2 d5 10 0b  ......l..Y......
  0001:  6e 66 17 d8 c2 d5 0f a9 - 6e 66 17 d8 c2 d5 0f aa  nf......nf......
  0002:  6e 66 17 d8 c2 d5 0f ab - 6e 66 17 d8 c2 d5 0f ac  nf......nf......
  0003:  6e 66 17 d8 c2 d5 0f ad - 6e 66 17 d8 53 b9 70 c5  nf......nf..S.p.
  0004:  00 cc 4d 9e 00 00 00 00 - 00 00 00 00 00 00 00 00  ..M.............
  0005:  00 00 00 00 00 00 00 00 - 00 00 00 00 ff ff ff ff  ................
  0006:  ff ff ff ff ff ff ff ff - ff ff ff ff ff ff ff ff  ................
  0007:  ff ff ff ff ff ff ff ff - ff ff ff ff              ............
  0000:  01 01 01 00 00 01 6c 06 - a6 59 00 07 c2 d5 10 0b  ......l..Y......
  0001:  6e 66 17 d8 c2 d5 0f a9 - 6e 66 17 d8 c2 d5 0f aa  nf......nf......
  0002:  6e 66 17 d8 c2 d5 0f ab - 6e 66 17 d8 c2 d5 0f ac  nf......nf......
  0003:  6e 66 17 d8 c2 d5 0f ad - 6e 66 17 d8 df dd 34 28  nf......nf....4(
  0004:  04 7a 0c d5 00 00 00 00 - 00 00 00 00 00 00 00 00  .z..............
  0005:  00 00 00 00 00 00 00 00 - 00 00 00 00 df dd 34 28  ..............4(
  0006:  04 7a 0c d5 00 00 00 00 - 00 00 00 00 00 00 00 00  .z..............
  0007:  00 00 00 00 00 00 00 00 - 00 00 00 00              ............
  0000:  01 00 00 00             -                          ....
  0000:  00                      -                          .
  0000:  00 39 00 00 50 52 4e 2d - 66 71 68 2d 31 37 34 36  .9..PRN-fqh-1746
  0001:  00 00 00 00 00 00 00 00 - 00 00 00 00 00 00 00 00  ................
  0002:  00 00 00 00             -                          ....
  0000:  00                      -                          .
  0000:  0b 99 63 97 e2 93 50 9a - d7 03 83 48 18 04 26 f7  ..c...P....H..&.
  0001:  3e 30 fe 93 16 de 4c 77 - 2c ff 8a 49 68 1c 7a 51  >0....Lw,..Ih.zQ
  0002:  b7 54 bb 62 bd 9f aa f3 - 14 f2 5e 89 cc 43 66 7e  .T.b......^..Cf~
  0003:  cd 50 db f3 2e 27 6b 78 - b4 4d d5 14 74 2b 74 f7  .P...'kx.M..t+t.
  0004:  90 6e 5f c5 df 04 cb 21 - e5 82 b9 f6 02 43 db 53  .n_....!.....C.S
  0005:  13 96 5e d2 91 be 6a f6 - c4 8f c2 34 42 4b 3b fb  ..^...j....4BK;.
  0006:  7d d5 b0 bf c5 2b 77 12 - 6b 8b 45 67              }....+w.k.Eg
  0000:  00 07 a5 03 00 00 58 0b - 00 09 1a e6 2f 70 49 b4  ......X...../pI.
  0001:  03 cb 9a 08             -                          ....
  0000:  00                      -                          .
  0000:  00                      -                          .
  0000:  01 01 01 00 00 01 6c 06 - a6 59 00 07 c2 d5 10 0b  ......l..Y......
  0001:  6e 66 17 d8 c2 d5 0f a9 - 6e 66 17 d8 c2 d5 0f aa  nf......nf......
  0002:  6e 66 17 d8 c2 d5 0f ab - 6e 66 17 d8 c2 d5 0f ac  nf......nf......
  0003:  6e 66 17 d8 c2 d5 0f ad - 6e 66 17 d8 53 bc 31 ba  nf......nf..S.1.
  0004:  00 cc 53 fe 00 00 00 00 - 00 00 00 00 00 00 00 00  ..S.............
  0005:  00 00 00 00 00 00 00 00 - 00 00 00 00 ff ff ff ff  ................
  0006:  ff ff ff ff ff ff ff ff - ff ff ff ff ff ff ff ff  ................
  0007:  ff ff ff ff ff ff ff ff - ff ff ff ff              ............
  0000:  01 01 01 00 00 01 6c 06 - a6 59 00 07 c2 d5 10 0b  ......l..Y......
  0001:  6e 66 17 d8 c2 d5 0f a9 - 6e 66 17 d8 c2 d5 0f aa  nf......nf......
  0002:  6e 66 17 d8 c2 d5 0f ab - 6e 66 17 d8 c2 d5 0f ac  nf......nf......
  0003:  6e 66 17 d8 c2 d5 0f ad - 6e 66 17 d8 df dd 34 28  nf......nf....4(
  0004:  04 7a 0c d5 00 00 00 00 - 00 00 00 00 00 00 00 00  .z..............
  0005:  00 00 00 00 00 00 00 00 - 00 00 00 00 df dd 34 28  ..............4(
  0006:  04 7a 0c d5 00 00 00 00 - 00 00 00 00 00 00 00 00  .z..............
  0007:  00 00 00 00 00 00 00 00 - 00 00 00 00              ............
  0000:  01 00 00 00             -                          ....
  0000:  00                      -                          .
  0000:  00 1d 00 00 50 52 4e 2d - 66 71 68 2d 31 37 34 36  ....PRN-fqh-1746
  0001:  00 00 00 00 00 00 00 00 - 00 00 00 00 00 00 00 00  ................
  0002:  00 00 00 00             -                          ....
  0000:  00                      -                          .
  0000:  0b 99 63 97 e2 93 50 9a - d7 03 83 48 18 04 26 f7  ..c...P....H..&.
  0001:  3e 30 fe 93 16 de 4c 77 - 2c ff 8a 49 68 1c 7a 51  >0....Lw,..Ih.zQ
  0002:  b7 54 bb 62 be 9f aa f3 - 14 f2 5e 89 cc 43 66 7e  .T.b......^..Cf~
  0003:  cd 50 db f3 2e 27 6b 78 - b4 4d d5 14 74 2b 74 f7  .P...'kx.M..t+t.
  0004:  90 6e 5f c5 df 04 cb 21 - e5 82 b9 f6 02 43 db 53  .n_....!.....C.S
  0005:  13 96 5e d2 91 be 6a f6 - c4 8f c2 34 42 4b 3b fb  ..^...j....4BK;.
  0006:  7d d5 b0 bf c5 2b 77 12 - 6b 8b 45 67              }....+w.k.Eg
  0000:  00 07 a5 4a 00 00 58 0b - 00 09 1a ff 2f 71 fa cf  ...J..X...../q..
  0001:  03 cb 9a 88             -                          ....
  0000:  00                      -                          .
  0000:  00                      -                          .
  0000:  01 01 01 00 00 01 6c 06 - a6 59 00 07 c2 d5 10 0b  ......l..Y......
  0001:  6e 66 17 d8 c2 d5 0f a9 - 6e 66 17 d8 c2 d5 0f aa  nf......nf......
  0002:  6e 66 17 d8 c2 d5 0f ab - 6e 66 17 d8 c2 d5 0f ac  nf......nf......
  0003:  6e 66 17 d8 c2 d5 0f ad - 6e 66 17 d8 53 bc d4 9a  nf......nf..S...
  0004:  00 cc 56 66 00 00 00 00 - 00 00 00 00 00 00 00 00  ..Vf............
  0005:  00 00 00 00 00 00 00 00 - 00 00 00 00 ff ff ff ff  ................
  0006:  ff ff ff ff ff ff ff ff - ff ff ff ff ff ff ff ff  ................
  0007:  ff ff ff ff ff ff ff ff - ff ff ff ff              ............
  0000:  01 01 01 00 00 01 6c 06 - a6 59 00 07 c2 d5 10 0b  ......l..Y......
  0001:  6e 66 17 d8 c2 d5 0f a9 - 6e 66 17 d8 c2 d5 0f aa  nf......nf......
  0002:  6e 66 17 d8 c2 d5 0f ab - 6e 66 17 d8 c2 d5 0f ac  nf......nf......
  0003:  6e 66 17 d8 c2 d5 0f ad - 6e 66 17 d8 df dd 34 28  nf......nf....4(
  0004:  04 7a 0c d5 00 00 00 00 - 00 00 00 00 00 00 00 00  .z..............
  0005:  00 00 00 00 00 00 00 00 - 00 00 00 00 df dd 34 28  ..............4(
  0006:  04 7a 0c d5 00 00 00 00 - 00 00 00 00 00 00 00 00  .z..............
  0007:  00 00 00 00 00 00 00 00 - 00 00 00 00              ............
  0000:  01 00 00 00             -                          ....
  0000:  00                      -                          .
  0000:  00 71 00 00 50 52 4e 2d - 66 71 68 2d 31 37 34 36  .q..PRN-fqh-1746
  0001:  00 00 00 00 00 00 00 00 - 00 00 00 00 00 00 00 00  ................
  0002:  00 00 00 00             -                          ....
  0000:  00                      -                          .
  0000:  0b 99 63 97 e2 93 50 9a - d7 03 83 48 18 04 26 f7  ..c...P....H..&.
  0001:  3e 30 fe 93 16 de 4c 77 - 2c ff 8a 49 68 1c 7a 51  >0....Lw,..Ih.zQ
  0002:  b7 54 bb 62 bf 9f aa f3 - 14 f2 5e 89 cc 43 66 7e  .T.b......^..Cf~
  0003:  cd 50 db f3 2e 27 6b 78 - b4 4d d5 14 74 2b 74 f7  .P...'kx.M..t+t.
  0004:  90 6e 5f c5 df 04 cb 21 - e5 82 b9 f6 02 43 db 53  .n_....!.....C.S
  0005:  13 96 5e d2 91 be 6a f6 - c4 8f c2 34 42 4b 3b fb  ..^...j....4BK;.
  0006:  7d d5 b0 bf c5 2b 77 12 - 6b 8b 45 67              }....+w.k.Eg
  0000:  00 07 a5 93 00 00 58 0b - 00 09 1b 1a 2f 74 53 d3  ......X...../tS.
  0001:  03 cb 9a e8             -                          ....
  0000:  00                      -                          .
  0000:  00                      -                          .
  0000:  01 01 01 00 00 01 6c 06 - a6 59 00 07 c2 d5 10 0b  ......l..Y......
  0001:  6e 66 17 d8 c2 d5 0f a9 - 6e 66 17 d8 c2 d5 0f aa  nf......nf......
  0002:  6e 66 17 d8 c2 d5 0f ab - 6e 66 17 d8 c2 d5 0f ac  nf......nf......
  0003:  6e 66 17 d8 c2 d5 0f ad - 6e 66 17 d8 53 be 12 c8  nf......nf..S...
  0004:  00 cc 59 d6 00 00 00 00 - 00 00 00 00 00 00 00 00  ..Y.............
  0005:  00 00 00 00 00 00 00 00 - 00 00 00 00 ff ff ff ff  ................
  0006:  ff ff ff ff ff ff ff ff - ff ff ff ff ff ff ff ff  ................
  0007:  ff ff ff ff ff ff ff ff - ff ff ff ff              ............
  0000:  01 01 01 00 00 01 6c 06 - a6 59 00 07 c2 d5 10 0b  ......l..Y......
  0001:  6e 66 17 d8 c2 d5 0f a9 - 6e 66 17 d8 c2 d5 0f aa  nf......nf......
  0002:  6e 66 17 d8 c2 d5 0f ab - 6e 66 17 d8 c2 d5 0f ac  nf......nf......
  0003:  6e 66 17 d8 c2 d5 0f ad - 6e 66 17 d8 df dd 34 28  nf......nf....4(
  0004:  04 7a 0c d5 00 00 00 00 - 00 00 00 00 00 00 00 00  .z..............
  0005:  00 00 00 00 00 00 00 00 - 00 00 00 00 df dd 34 28  ..............4(
  0006:  04 7a 0c d5 00 00 00 00 - 00 00 00 00 00 00 00 00  .z..............
  0007:  00 00 00 00 00 00 00 00 - 00 00 00 00              ............
  0000:  01 00 00 00             -                          ....
  0000:  00 4e 00 00 50 52 4e 2d - 66 71 68 2d 31 37 34 36  .N..PRN-fqh-1746
  0001:  00 00 00 00 00 00 00 00 - 00 00 00 00 00 00 00 00  ................
  0002:  00 00 00 00             -                          ....
  0000:  00                      -                          .
  0000:  0b 99 63 97 e2 93 50 9a - d7 03 83 48 18 04 26 f7  ..c...P....H..&.
  0001:  3e 30 fe 93 16 de 4c 77 - 2c ff 8a 49 68 1c 7a 51  >0....Lw,..Ih.zQ
  0002:  b7 54 bb 62 bd 9f aa f3 - 14 f2 5e 89 cc 43 66 7e  .T.b......^..Cf~
  0003:  cd 50 db f3 2e 27 6b 78 - b4 4d d5 14 74 2b 74 f7  .P...'kx.M..t+t.
  0004:  90 6e 5f c5 df 04 cb 21 - e5 82 b9 f6 02 43 db 53  .n_....!.....C.S
  0005:  13 96 5e d2 91 be 6a f6 - c4 8f c2 34 42 4b 3b fb  ..^...j....4BK;.
  0006:  7d d5 b0 bf c5 2b 77 12 - 6b 8b 45 67              }....+w.k.Eg
  0000:  00 07 a5 96 00 00 58 0b - 00 09 1b 1e 2f 74 dc 8d  ......X...../t..
  0001:  03 cb 98 98             -                          ....
  0000:  00                      -                          .
  0000:  00                      -                          .
  0000:  01 01 01 00 00 01 6c 06 - a6 59 00 07 c2 d5 10 0b  ......l..Y......
  0001:  6e 66 17 d8 c2 d5 0f a9 - 6e 66 17 d8 c2 d5 0f aa  nf......nf......
  0002:  6e 66 17 d8 c2 d5 0f ab - 6e 66 17 d8 c2 d5 0f ac  nf......nf......
  0003:  6e 66 17 d8 c2 d5 0f ad - 6e 66 17 d8 53 be 5b 48  nf......nf..S.[H
  0004:  00 cc 5a f4 00 00 00 00 - 00 00 00 00 00 00 00 00  ..Z.............
  0005:  00 00 00 00 00 00 00 00 - 00 00 00 00 ff ff ff ff  ................
  0006:  ff ff ff ff ff ff ff ff - ff ff ff ff ff ff ff ff  ................
  0007:  ff ff ff ff ff ff ff ff - ff ff ff ff              ............
  0000:  01 01 01 00 00 01 6c 06 - a6 59 00 07 c2 d5 10 0b  ......l..Y......
  0001:  6e 66 17 d8 c2 d5 0f a9 - 6e 66 17 d8 c2 d5 0f aa  nf......nf......
  0002:  6e 66 17 d8 c2 d5 0f ab - 6e 66 17 d8 c2 d5 0f ac  nf......nf......
  0003:  6e 66 17 d8 c2 d5 0f ad - 6e 66 17 d8 df dd 34 28  nf......nf....4(
  0004:  04 7a 0c d5 00 00 00 00 - 00 00 00 00 00 00 00 00  .z..............
  0005:  00 00 00 00 00 00 00 00 - 00 00 00 00 df dd 34 28  ..............4(
  0006:  04 7a 0c d5 00 00 00 00 - 00 00 00 00 00 00 00 00  .z..............
  0007:  00 00 00 00 00 00 00 00 - 00 00 00 00              ............
  0000:  01 00 00 00             -                          ....
  0000:  00 23 00 00 50 52 4e 2d - 66 71 68 2d 31 37 34 36  .#..PRN-fqh-1746
  0001:  00 00 00 00 00 00 00 00 - 00 00 00 00 00 00 00 00  ................
  0002:  00 00 00 00             -                          ....
  0000:  00                      -                          .
  0000:  0b 99 63 97 e2 93 50 9a - d7 03 83 48 18 04 26 f7  ..c...P....H..&.
  0001:  3e 30 fe 93 16 de 4c 77 - 2c ff 8a 49 68 1c 7a 51  >0....Lw,..Ih.zQ
  0002:  b7 54 bb 62 be 9f aa f3 - 14 f2 5e 89 cc 43 66 7e  .T.b......^..Cf~
  0003:  cd 50 db f3 2e 27 6b 78 - b4 4d d5 14 74 2b 74 f7  .P...'kx.M..t+t.
  0004:  90 6e 5f c5 df 04 cb 21 - e5 82 b9 f6 02 43 db 53  .n_....!.....C.S
  0005:  13 96 5e d2 91 be 6a f6 - c4 8f c2 34 42 4b 3b fb  ..^...j....4BK;.
  0006:  7d d5 b0 bf c5 2b 77 12 - 6b 8b 45 67              }....+w.k.Eg
  0000:  00 07 a5 99 00 00 58 0b - 00 09 1b 25 2f 75 a0 51  ......X....%/u.Q
  0001:  03 cb 99 f8             -                          ....
  0000:  00                      -                          .
  0000:  00                      -                          .
  0000:  01 01 01 00 00 01 6c 06 - a6 59 00 07 c2 d5 10 0b  ......l..Y......
  0001:  6e 66 17 d8 c2 d5 0f a9 - 6e 66 17 d8 c2 d5 0f aa  nf......nf......
  0002:  6e 66 17 d8 c2 d5 0f ab - 6e 66 17 d8 c2 d5 0f ac  nf......nf......
  0003:  6e 66 17 d8 c2 d5 0f ad - 6e 66 17 d8 53 be bf b8  nf......nf..S...
  0004:  00 cc 5c 56 00 00 00 00 - 00 00 00 00 00 00 00 00  ..\V............
  0005:  00 00 00 00 00 00 00 00 - 00 00 00 00 ff ff ff ff  ................
  0006:  ff ff ff ff ff ff ff ff - ff ff ff ff ff ff ff ff  ................
  0007:  ff ff ff ff ff ff ff ff - ff ff ff ff              ............
  0000:  01 01 01 00 00 01 6c 06 - a6 59 00 07 c2 d5 10 0b  ......l..Y......
  0001:  6e 66 17 d8 c2 d5 0f a9 - 6e 66 17 d8 c2 d5 0f aa  nf......nf......
  0002:  6e 66 17 d8 c2 d5 0f ab - 6e 66 17 d8 c2 d5 0f ac  nf......nf......
  0003:  6e 66 17 d8 c2 d5 0f ad - 6e 66 17 d8 df dd 34 28  nf......nf....4(
  0004:  04 7a 0c d5 00 00 00 00 - 00 00 00 00 00 00 00 00  .z..............
  0005:  00 00 00 00 00 00 00 00 - 00 00 00 00 df dd 34 28  ..............4(
  0006:  04 7a 0c d5 00 00 00 00 - 00 00 00 00 00 00 00 00  .z..............
  0007:  00 00 00 00 00 00 00 00 - 00 00 00 00              ............
  0000:  01 00 00 00             -                          ....
  0000:  00 d6 00 00 50 52 4e 2d - 66 71 68 2d 31 37 34 36  ....PRN-fqh-1746
  0001:  00 00 00 00 00 00 00 00 - 00 00 00 00 00 00 00 00  ................
  0002:  00 00 00 00             -                          ....
  0000:  00                      -                          .
  0000:  0b 99 63 97 e2 93 50 9a - d7 03 83 48 18 04 26 f7  ..c...P....H..&.
  0001:  3e 30 fe 93 16 de 4c 77 - 2c ff 8a 49 68 1c 7a 51  >0....Lw,..Ih.zQ
  0002:  b7 54 bb 62 bd 9f aa f3 - 14 f2 5e 89 cc 43 66 7e  .T.b......^..Cf~
  0003:  cd 50 db f3 2e 27 6b 78 - b4 4d d5 14 74 2b 74 f7  .P...'kx.M..t+t.
  0004:  90 6e 5f c5 df 04 cb 21 - e5 82 b9 f6 02 43 db 53  .n_....!.....C.S
  0005:  13 96 5e d2 91 be 6a f6 - c4 8f c2 34 42 4b 3b fb  ..^...j....4BK;.
  0006:  7d d5 b0 bf c5 2b 77 12 - 6b 8b 45 67              }....+w.k.Eg
  0000:  00 0c 41 15 00 00 58 63 - 00 0d 05 af 2f f7 fd cf  ..A...Xc..../...
  0001:  03 c9 0b b8             -                          ....
  0000:  00                      -                          .
  0000:  00                      -                          .
  0000:  01 01 01 00 00 01 6c 06 - a6 59 00 07 c2 d5 10 0b  ......l..Y......
  0001:  6e 66 17 d8 c2 d5 0f a9 - 6e 66 17 d8 c2 d5 0f aa  nf......nf......
  0002:  6e 66 17 d8 c2 d5 0f ab - 6e 66 17 d8 c2 d5 0f ac  nf......nf......
  0003:  6e 66 17 d8 c2 d5 0f ad - 6e 66 17 d8 54 df b4 bc  nf......nf..T...
  0004:  00 ce 39 ef 00 00 00 00 - 00 00 00 00 00 00 00 00  ..9.............
  0005:  00 00 00 00 00 00 00 00 - 00 00 00 00 ff ff ff ff  ................
  0006:  ff ff ff ff ff ff ff ff - ff ff ff ff ff ff ff ff  ................
  0007:  ff ff ff ff ff ff ff ff - ff ff ff ff              ............
  0000:  01 01 01 00 00 01 6c 06 - a6 59 00 07 c2 d5 10 0b  ......l..Y......
  0001:  6e 66 17 d8 c2 d5 0f a9 - 6e 66 17 d8 c2 d5 0f aa  nf......nf......
  0002:  6e 66 17 d8 c2 d5 0f ab - 6e 66 17 d8 c2 d5 0f ac  nf......nf......
  0003:  6e 66 17 d8 c2 d5 0f ad - 6e 66 17 d8 df dd 36 80  nf......nf....6.
  0004:  04 7a 0c e1 00 00 00 00 - 00 00 00 00 00 00 00 00  .z..............
  0005:  00 00 00 00 00 00 00 00 - 00 00 00 00 df dd 36 80  ..............6.
  0006:  04 7a 0c e1 00 00 00 00 - 00 00 00 00 00 00 00 00  .z..............
  0007:  00 00 00 00 00 00 00 00 - 00 00 00 00              ............
  0000:  01 00 00 00             -                          ....
  0000:  00 27 00 00 50 52 4e 2d - 66 71 68 2d 31 37 34 36  .'..PRN-fqh-1746
  0001:  00 00 00 00 00 00 00 00 - 00 00 00 00 00 00 00 00  ................
  0002:  00 00 00 00             -                          ....
  0000:  00                      -                          .
  0000:  0b 99 63 97 e2 93 50 9a - d7 03 83 48 18 04 26 f7  ..c...P....H..&.
  0001:  3e 30 fe 93 16 de 4c 77 - 2c ff 8a 49 68 1c 7a 51  >0....Lw,..Ih.zQ
  0002:  b7 54 bb 62 be 9f aa f3 - 14 f2 5e 89 cc 43 66 7e  .T.b......^..Cf~
  0003:  cd 50 db f3 2e 27 6b 78 - b4 4d d5 14 74 2b 74 f7  .P...'kx.M..t+t.
  0004:  90 6e 5f c5 df 04 cb 21 - e5 82 b9 f6 02 43 db 53  .n_....!.....C.S
  0005:  13 96 5e d2 91 be 6a f6 - c4 8f c2 34 42 4b 3b fb  ..^...j....4BK;.
  0006:  7d d5 b0 bf c5 2b 77 12 - 6b 8b 45 67              }....+w.k.Eg
  0000:  00 0d d5 ea 00 00 59 58 - 00 0e 99 51 30 8d e6 70  ......YX...Q0..p
  0001:  03 c9 31 d8             -                          ..1.
  0000:  00                      -                          .
  0000:  00                      -                          .
  0000:  01 01 01 00 00 01 6c 06 - a6 59 00 07 c2 d5 10 0b  ......l..Y......
  0001:  6e 66 17 d8 c2 d5 0f a9 - 6e 66 17 d8 c2 d5 0f aa  nf......nf......
  0002:  6e 66 17 d8 c2 d5 0f ab - 6e 66 17 d8 c2 d5 0f ac  nf......nf......
  0003:  6e 66 17 d8 c2 d5 0f ad - 6e 66 17 d8 58 4e ff 13  nf......nf..XN..
  0004:  00 d9 b0 cd 00 00 00 00 - 00 00 00 00 00 00 00 00  ................
  0005:  00 00 00 00 00 00 00 00 - 00 00 00 00 ff ff ff ff  ................
  0006:  ff ff ff ff ff ff ff ff - ff ff ff ff ff ff ff ff  ................
  0007:  ff ff ff ff ff ff ff ff - ff ff ff ff              ............
  0000:  01 01 01 00 00 01 6c 06 - a6 59 00 07 c2 d5 10 0b  ......l..Y......
  0001:  6e 66 17 d8 c2 d5 0f a9 - 6e 66 17 d8 c2 d5 0f aa  nf......nf......
  0002:  6e 66 17 d8 c2 d5 0f ab - 6e 66 17 d8 c2 d5 0f ac  nf......nf......
  0003:  6e 66 17 d8 c2 d5 0f ad - 6e 66 17 d8 df dd 36 e4  nf......nf....6.
  0004:  04 7a 0c e3 00 00 00 00 - 00 00 00 00 00 00 00 00  .z..............
  0005:  00 00 00 00 00 00 00 00 - 00 00 00 00 df dd 36 e4  ..............6.
  0006:  04 7a 0c e3 00 00 00 00 - 00 00 00 00 00 00 00 00  .z..............
  0007:  00 00 00 00 00 00 00 00 - 00 00 00 00              ............
  0000:  01 00 00 00             -                          ....
  0000:  00 8f 00 00 50 52 4e 2d - 66 71 68 2d 31 37 34 36  ....PRN-fqh-1746
  0001:  00 00 00 00 00 00 00 00 - 00 00 00 00 00 00 00 00  ................
  0002:  00 00 00 00             -                          ....
  0000:  00 00 00 00 00 00 01 00 - 00 00 00 00 00 00 01 00  ................
  0001:  00 00 00 00 00 00 00 00 - 00 00 00 00 00 01 00 00  ................
  0002:  00 00 01 00 00 00 00 00 - 00 00 00 00 00 00 00 00  ................
  0003:  00 00 00 01 00 01 00 00 - 00 00 00 00 01 00 00 00  ................
  0004:  00 00 00 00 00 01 00 00 - 00 00 00 00 00 00 00 00  ................
  0005:  00 00 00 00 00 00 00 00 - 00 00 00 00 00 00 00 00  ................
  0006:  01 00 00 00 00 01 00 00 - 00 00 00 00 00 00 01 00  ................
  0007:  01 00 00 00 00 00 00 00 - 01 00 00 00 00 00 00 00  ................
  0008:  00 00 00 00 00 00 00 00 - 00 00 00 01 00 00 00 00  ................
  0009:  00 00 00 00 00 00 00 00 - 00 00 00 00 00 01 00 01  ................
  000A:  00 00 01 00 01 00 00 00 - 00 00 00 00 00 00 00 00  ................
  000B:  00 00 00 00 00 00 00 00 - 00 00 00 00 00 00 00 00  ................
  000C:  00 00 00 00 00 00 00 00 - 00 00 00 00 01 00 01 00  ................
  000D:  00 00 00 00 00 00 00 00 - 00 00 00 00 00 00 00 00  ................
  000E:  00 00 00 00 00 01 01 01 - 00 01 00 00 00 00 00 01  ................
  000F:  01 00 00 00 00 00 00 01 - 00 00 00 00 00 00 00 00  ................
  0010:  00 00 00 00 00 00 00 00 - 00 00 00 00 00 00 00 6f  ...............o
  0000:  0b 99 63 97 e2 93 50 9a - d7 03 83 48 18 04 26 f7  ..c...P....H..&.
  0001:  3e 30 fe 93 16 de 4c 77 - 2c ff 8a 49 68 1c 7a 51  >0....Lw,..Ih.zQ
  0002:  b7 54 bb 62 bd 9f aa f3 - 14 f2 5e 89 cc 43 66 7e  .T.b......^..Cf~
  0003:  cd 50 db f3 2e 27 6b 78 - b4 4d d5 14 74 2b 74 f7  .P...'kx.M..t+t.
  0004:  90 6e 5f c5 df 04 cb 21 - e5 82 b9 f6 02 43 db 53  .n_....!.....C.S
  0005:  13 96 5e d2 91 be 6a f6 - c4 8f c2 34 42 4b 3b fb  ..^...j....4BK;.
  0006:  7d d5 b0 bf c5 2b 77 12 - 6b 8b 45 67              }....+w.k.Eg
  0000:  00 0d d7 ae 00 00 59 58 - 00 0e 99 c0 30 91 5b 90  ......YX....0.[.
  0001:  03 c8 df a4             -                          ....
  0000:  00                      -                          .
  0000:  00                      -                          .
  0000:  01 01 01 00 00 01 6c 06 - a6 59 00 07 c2 d5 10 0b  ......l..Y......
  0001:  6e 66 17 d8 c2 d5 0f a9 - 6e 66 17 d8 c2 d5 0f aa  nf......nf......
  0002:  6e 66 17 d8 c2 d5 0f ab - 6e 66 17 d8 c2 d5 0f ac  nf......nf......
  0003:  6e 66 17 d8 c2 d5 0f ad - 6e 66 17 d8 58 53 60 4d  nf......nf..XS`M
  0004:  00 d9 b7 97 00 00 00 00 - 00 00 00 00 00 00 00 00  ................
  0005:  00 00 00 00 00 00 00 00 - 00 00 00 00 ff ff ff ff  ................
  0006:  ff ff ff ff ff ff ff ff - ff ff ff ff ff ff ff ff  ................
  0007:  ff ff ff ff ff ff ff ff - ff ff ff ff              ............
  0000:  01 01 01 00 00 01 6c 06 - a6 59 00 07 c2 d5 10 0b  ......l..Y......
  0001:  6e 66 17 d8 c2 d5 0f a9 - 6e 66 17 d8 c2 d5 0f aa  nf......nf......
  0002:  6e 66 17 d8 c2 d5 0f ab - 6e 66 17 d8 c2 d5 0f ac  nf......nf......
  0003:  6e 66 17 d8 c2 d5 0f ad - 6e 66 17 d8 df dd 36 e4  nf......nf....6.
  0004:  04 7a 0c e3 00 00 00 00 - 00 00 00 00 00 00 00 00  .z..............
  0005:  00 00 00 00 00 00 00 00 - 00 00 00 00 df dd 36 e4  ..............6.
  0006:  04 7a 0c e3 00 00 00 00 - 00 00 00 00 00 00 00 00  .z..............
  0007:  00 00 00 00 00 00 00 00 - 00 00 00 00              ............
  0000:  01 00 00 00             -                          ....
  0000:  00 37 00 00 50 52 4e 2d - 66 71 68 2d 31 37 34 36  .7..PRN-fqh-1746
  0001:  00 00 00 00 00 00 00 00 - 00 00 00 00 00 00 00 00  ................
  0002:  00 00 00 00             -                          ....
  0000:  00 00 00 00 00 01 01 00 - 00 00 00 00 00 00 00 00  ................
  0001:  00 00 00 00 00 00 00 00 - 00 00 00 00 00 00 00 00  ................
  0002:  00 00 00 00 00 00 00 00 - 00 00 00 00 00 00 00 01  ................
  0003:  00 01 00 00 01 00 00 00 - 00 00 00 00 00 00 00 00  ................
  0004:  00 00 01 00 00 00 00 00 - 00 00 00 00 01 00 00 00  ................
  0005:  01 00 00 01 00 01 00 00 - 01 00 00 00 00 00 00 00  ................
  0006:  00 00 00 00 00 00 00 00 - 00 00 01 00 00 00 00 00  ................
  0007:  01 00 00 00 00 00 00 00 - 00 00 00 00 00 00 00 00  ................
  0008:  00 01 01 00 00 00 00 00 - 00 00 00 00 00 00 00 00  ................
  0009:  00 00 00 00 00 00 00 00 - 00 01 00 00 00 01 00 00  ................
  000A:  00 00 00 00 00 00 00 00 - 00 00 00 00 00 00 00 00  ................
  000B:  00 01 00 00 00 00 01 00 - 00 00 00 00 00 00 00 00  ................
  000C:  00 00 00 00 00 00 00 00 - 00 01 00 01 00 01 00 00  ................
  000D:  00 00 00 00 00 00 01 00 - 01 00 00 00 00 00 00 01  ................
  000E:  00 00 00 00 00 00 01 00 - 00 00 00 00 00 00 00 00  ................
  000F:  00 00 00 00 00 00 00 00 - 00 00 00 00 00 00 00 00  ................
  0010:  01 00 00 00 00 00 00 00 - 00 00 00 00 00 00 00 67  ...............g
  0000:  00                      -                          .
  0000:  00 00 08 0a 00 00 00 00 - b4 ae bf da d6 d5 b6 cb  ................
  0001:  00 00 00 00 b2 cb b5 a5 - 00 00 00 00 00 ee ca 22  ..............."
  0002:  be 1a fe da 53 53 48 67 - da 76 ba a5 00 00 00 00  ....SSHg.v......
  0003:  bf aa bb fa 66 95 0c 00 - b4 a2 d0 ee cf b5 cd b3  ....f...........
  0004:  00 00 00 00 3b ac cc 73 - 5c 7f 00 00 00 00 00 00  ....;..s\.......
  0005:  76 74 31 30 30 ee c1 e6 - ff 7f 00 00 61 26 34 7f  vt100.......a&4.
  0006:  00 63 ab c4 00 80 af 2c - 00 3b b0 db 00 15 a8 73  .c.....,.;.....s
  0007:  00 00 65 ce 00 00 7d cc - 00 00 87 d7 01 ee ca 22  ..e...}........"
  0008:  be 1a fe da 53 53 48 67 - da 76 ba a5 00 00 00 00  ....SSHg.v......
  0009:  d2 d1 b5 c7 c2 bc 0c 00 - bb f9 bd f0 bf aa bb a7  ................
  000A:  00 00 00 00 3b ac cc 73 - 5c 7f 00 00 00 00 00 00  ....;..s\.......
  000B:  76 74 32 32 30 ee c1 e6 - ff 7f 00 00 61 26 34 7f  vt220.......a&4.
  000C:  00 67 e5 65 00 1c 2a 86 - 00 3f 74 c4 00 70 75 b3  .g.e..*..?t..pu.
  000D:  00 00 6e ef 00 01 06 cd - 00 01 60 a3 02 ee ca 22  ..n.......`...."
  000E:  be 1a fe da d7 a8 d3 c3 - 53 53 48 a5 00 00 00 00  ........SSH.....
  000F:  bf aa bb fa c2 bc 0c 00 - bb f9 bd f0 bf aa bb a7  ................
  0000:  00                      -                          .
  0000:  0b 99 63 97 e2 93 50 9a - d7 03 83 48 18 04 26 f7  ..c...P....H..&.
  0001:  3e 30 fe 93 16 de 4c 77 - 2c ff 8a 49 68 1c 7a 51  >0....Lw,..Ih.zQ
  0002:  b7 54 bb 62 bf 9f aa f3 - 14 f2 5e 89 cc 43 66 7e  .T.b......^..Cf~
  0003:  cd 50 db f3 2e 27 6b 78 - b4 4d d5 14 74 2b 74 f7  .P...'kx.M..t+t.
  0004:  90 6e 5f c5 df 04 cb 21 - e5 82 b9 f6 02 43 db 53  .n_....!.....C.S
  0005:  13 96 5e d2 91 be 6a f6 - c4 8f c2 34 42 4b 3b fb  ..^...j....4BK;.
  0006:  7d d5 b0 bf c5 2b 77 12 - 6b 8b 45 67              }....+w.k.Eg
  0000:  00 0d da 4b 00 00 59 58 - 00 0e 9b fd 30 9c d3 84  ...K..YX....0...
  0001:  03 c9 98 b8             -                          ....
  0000:  00                      -                          .
  0000:  00                      -                          .
  0000:  01 01 01 00 00 01 6c 06 - a6 59 00 07 c2 d5 10 0b  ......l..Y......
  0001:  6e 66 17 d8 c2 d5 0f a9 - 6e 66 17 d8 c2 d5 0f aa  nf......nf......
  0002:  6e 66 17 d8 c2 d5 0f ab - 6e 66 17 d8 c2 d5 0f ac  nf......nf......
  0003:  6e 66 17 d8 c2 d5 0f ad - 6e 66 17 d8 58 6a a2 a8  nf......nf..Xj..
  0004:  00 da 08 3b 00 00 00 00 - 00 00 00 00 00 00 00 00  ...;............
  0005:  00 00 00 00 00 00 00 00 - 00 00 00 00 ff ff ff ff  ................
  0006:  ff ff ff ff ff ff ff ff - ff ff ff ff ff ff ff ff  ................
  0007:  ff ff ff ff ff ff ff ff - ff ff ff ff              ............
  0000:  01 01 01 00 00 01 6c 06 - a6 59 00 07 c2 d5 10 0b  ......l..Y......
  0001:  6e 66 17 d8 c2 d5 0f a9 - 6e 66 17 d8 c2 d5 0f aa  nf......nf......
  0002:  6e 66 17 d8 c2 d5 0f ab - 6e 66 17 d8 c2 d5 0f ac  nf......nf......
  0003:  6e 66 17 d8 c2 d5 0f ad - 6e 66 17 d8 df dd 36 e4  nf......nf....6.
  0004:  04 7a 0c e3 00 00 00 00 - 00 00 00 00 00 00 00 00  .z..............
  0005:  00 00 00 00 00 00 00 00 - 00 00 00 00 df dd 36 e4  ..............6.
  0006:  04 7a 0c e3 00 00 00 00 - 00 00 00 00 00 00 00 00  .z..............
  0007:  00 00 00 00 00 00 00 00 - 00 00 00 00              ............
  0000:  01 00 00 00             -                          ....
  0000:  00 d8 00 00 50 52 4e 2d - 66 71 68 2d 31 37 34 36  ....PRN-fqh-1746
  0001:  00 00 00 00 00 00 00 00 - 00 00 00 00 00 00 00 00  ................
  0002:  00 00 00 00             -                          ....
  0000:  00 00 00 00 00 01 01 00 - 00 00 00 00 00 00 00 00  ................
  0001:  00 00 00 00 00 00 00 00 - 00 00 00 00 00 00 00 00  ................
  0002:  00 00 00 00 00 00 00 00 - 00 00 00 00 00 00 00 01  ................
  0003:  00 01 00 00 01 00 00 00 - 00 00 00 00 00 00 00 00  ................
  0004:  00 00 01 00 00 00 00 00 - 00 00 00 00 01 00 00 00  ................
  0005:  01 00 00 01 00 01 00 00 - 01 00 00 00 00 00 00 00  ................
  0006:  00 00 00 00 00 00 00 00 - 00 00 01 00 00 00 00 00  ................
  0007:  01 00 00 00 00 00 00 00 - 00 00 00 00 00 00 00 00  ................
  0008:  00 01 01 00 00 00 00 00 - 00 00 00 00 00 00 00 00  ................
  0009:  00 00 00 00 00 00 00 00 - 00 01 00 00 00 01 00 00  ................
  000A:  00 00 00 00 00 00 00 00 - 00 00 00 00 00 00 00 00  ................
  000B:  00 01 00 00 00 00 01 00 - 00 00 00 00 00 00 00 00  ................
  000C:  00 00 00 00 00 00 00 00 - 00 01 00 01 00 01 00 00  ................
  000D:  00 00 00 00 00 00 01 00 - 01 00 00 00 00 00 00 01  ................
  000E:  00 00 00 00 00 00 01 00 - 00 00 00 00 00 00 00 00  ................
  000F:  00 00 00 00 00 00 00 00 - 00 00 00 00 00 00 00 00  ................
  0010:  01 00 00 00 00 00 00 00 - 00 00 00 00 00 00 00 67  ...............g
  0000:  0b 99 63 97 e2 93 50 9a - d7 03 83 48 18 04 26 f7  ..c...P....H..&.
  0001:  3e 30 fe 93 16 de 4c 77 - 2c ff 8a 49 68 1c 7a 51  >0....Lw,..Ih.zQ
  0002:  b7 54 bb 62 bc 9f aa f3 - 14 f2 5e 89 cc 43 66 7e  .T.b......^..Cf~
  0003:  cd 50 db f3 2e 27 6b 78 - b4 4d d5 14 74 2b 74 f7  .P...'kx.M..t+t.
  0004:  90 6e 5f c5 df 04 cb 21 - e5 82 b9 f6 02 43 db 53  .n_....!.....C.S
  0005:  13 96 5e d2 91 be 6a f6 - c4 8f c2 34 42 4b 3b fb  ..^...j....4BK;.
  0006:  7d d5 b0 bf c5 2b 77 12 - 6b 8b 45 67              }....+w.k.Eg
  0000:  00 11 4d 9e 00 00 5a e7 - 00 11 74 51 30 f5 d4 e5  ..M...Z...tQ0...
  0001:  03 c7 36 10             -                          ..6.
  0000:  00                      -                          .
  0000:  00                      -                          .
  0000:  01 01 01 00 00 01 6c 06 - a6 59 00 07 c2 d5 10 0b  ......l..Y......
  0001:  6e 66 17 d8 c2 d5 0f a9 - 6e 66 17 d8 c2 d5 0f aa  nf......nf......
  0002:  6e 66 17 d8 c2 d5 0f ab - 6e 66 17 d8 c2 d5 0f ac  nf......nf......
  0003:  6e 66 17 d8 c2 d5 0f ad - 6e 66 17 d8 df dd 36 e4  nf......nf....6.
  0004:  04 7a 0c e3 00 00 00 00 - 00 00 00 00 00 00 00 00  .z..............
  0005:  00 00 00 00 00 00 00 00 - 00 00 00 00 df dd 36 e4  ..............6.
  0006:  04 7a 0c e3 00 00 00 00 - 00 00 00 00 00 00 00 00  .z..............
  0007:  00 00 00 00 00 00 00 00 - 00 00 00 00              ............
  0000:  01 01 01 00 00 01 6c 06 - a6 59 00 07 c2 d5 10 0b  ......l..Y......
  0001:  6e 66 17 d8 c2 d5 0f a9 - 6e 66 17 d8 c2 d5 0f aa  nf......nf......
  0002:  6e 66 17 d8 c2 d5 0f ab - 6e 66 17 d8 c2 d5 0f ac  nf......nf......
  0003:  6e 66 17 d8 c2 d5 0f ad - 6e 66 17 d8 70 1c 3e 9a  nf......nf..p.>.
  0004:  01 22 34 d8 00 00 00 00 - 00 00 00 00 00 00 00 00  ."4.............
  0005:  00 00 00 00 00 00 00 00 - 00 00 00 00 ff ff ff ff  ................
  0006:  ff ff ff ff ff ff ff ff - ff ff ff ff ff ff ff ff  ................
  0007:  ff ff ff ff ff ff ff ff - ff ff ff ff              ............
  0000:  01 00 00 00             -                          ....
  0000:  00 5a 00 00 50 52 4e 2d - 66 71 68 2d 31 37 34 36  .Z..PRN-fqh-1746
  0001:  00 00 00 00 00 00 00 00 - 00 00 00 00 00 00 00 00  ................
  0002:  00 00 00 00             -                          ....
  0000:  00 00 00 00 00 01 01 00 - 00 00 00 00 00 00 00 00  ................
  0001:  00 00 00 00 00 00 00 00 - 00 00 00 00 00 00 00 00  ................
  0002:  00 00 00 00 00 00 00 00 - 00 00 00 00 00 00 00 01  ................
  0003:  00 01 00 00 01 00 00 00 - 00 00 00 00 00 00 00 00  ................
  0004:  00 00 01 00 00 00 00 00 - 00 00 00 00 01 00 00 00  ................
  0005:  01 00 00 01 00 01 00 00 - 01 00 00 00 00 00 00 00  ................
  0006:  00 00 00 00 00 00 00 00 - 00 00 01 00 00 00 00 00  ................
  0007:  01 00 00 00 00 00 00 00 - 00 00 00 00 00 00 00 00  ................
  0008:  00 01 01 00 00 00 00 00 - 00 00 00 00 00 00 00 00  ................
  0009:  00 00 00 00 00 00 00 00 - 00 01 00 00 00 01 00 00  ................
  000A:  00 00 00 00 00 00 00 00 - 00 00 00 00 00 00 00 00  ................
  000B:  00 01 00 00 00 00 01 00 - 00 00 00 00 00 00 00 00  ................
  000C:  00 00 00 00 00 00 00 00 - 00 01 00 01 00 01 00 00  ................
  000D:  00 00 00 00 00 00 01 00 - 01 00 00 00 00 00 00 01  ................
  000E:  00 00 00 00 00 00 01 00 - 00 00 00 00 00 00 00 00  ................
  000F:  00 00 00 00 00 00 00 00 - 00 00 00 00 00 00 00 00  ................
  0010:  01 00 00 00 00 00 00 00 - 00 00 00 00 00 00 00 67  ...............g
  0000:  00                      -                          .
  0000:  0b 99 63 97 e2 93 50 9a - d7 03 83 48 18 04 26 f7  ..c...P....H..&.
  0001:  3e 30 fe 93 16 de 4c 77 - 2c ff 8a 49 68 1c 7a 51  >0....Lw,..Ih.zQ
  0002:  b7 54 bb 62 bd 9f aa f3 - 14 f2 5e 89 cc 43 66 7e  .T.b......^..Cf~
  0003:  cd 50 db f3 2e 27 6b 78 - b4 4d d5 14 74 2b 74 f7  .P...'kx.M..t+t.
  0004:  90 6e 5f c5 df 04 cb 21 - e5 82 b9 f6 02 43 db 53  .n_....!.....C.S
  0005:  13 96 5e d2 91 be 6a f6 - c4 8f c2 34 42 4b 3b fb  ..^...j....4BK;.
  0006:  7d d5 b0 bf c5 2b 77 12 - 6b 8b 45 67              }....+w.k.Eg
  0000:  00 11 64 13 00 00 5b 13 - 00 11 76 bb 31 0a 4d 70  ..d...[...v.1.Mp
  0001:  03 c8 1c 84             -                          ....
  0000:  00                      -                          .
  0000:  00                      -                          .
  0000:  01 01 01 00 00 01 6c 06 - a6 59 00 07 c2 d5 10 0b  ......l..Y......
  0001:  6e 66 17 d8 c2 d5 0f a9 - 6e 66 17 d8 c2 d5 0f aa  nf......nf......
  0002:  6e 66 17 d8 c2 d5 0f ab - 6e 66 17 d8 c2 d5 0f ac  nf......nf......
  0003:  6e 66 17 d8 c2 d5 0f ad - 6e 66 17 d8 df dd 36 e4  nf......nf....6.
  0004:  04 7a 0c e3 00 00 00 00 - 00 00 00 00 00 00 00 00  .z..............
  0005:  00 00 00 00 00 00 00 00 - 00 00 00 00 df dd 36 e4  ..............6.
  0006:  04 7a 0c e3 00 00 00 00 - 00 00 00 00 00 00 00 00  .z..............
  0007:  00 00 00 00 00 00 00 00 - 00 00 00 00              ............
  0000:  01 01 01 00 00 01 6c 06 - a6 59 00 07 c2 d5 10 0b  ......l..Y......
  0001:  6e 66 17 d8 c2 d5 0f a9 - 6e 66 17 d8 c2 d5 0f aa  nf......nf......
  0002:  6e 66 17 d8 c2 d5 0f ab - 6e 66 17 d8 c2 d5 0f ac  nf......nf......
  0003:  6e 66 17 d8 c2 d5 0f ad - 6e 66 17 d8 70 36 ea 63  nf......nf..p6.c
  0004:  01 22 6d d1 00 00 00 00 - 00 00 00 00 00 00 00 00  ."m.............
  0005:  00 00 00 00 00 00 00 00 - 00 00 00 00 ff ff ff ff  ................
  0006:  ff ff ff ff ff ff ff ff - ff ff ff ff ff ff ff ff  ................
  0007:  ff ff ff ff ff ff ff ff - ff ff ff ff              ............
  0000:  01 00 00 00             -                          ....
  0000:  00 43 00 00 50 52 4e 2d - 66 71 68 2d 31 37 34 36  .C..PRN-fqh-1746
  0001:  00 00 00 00 00 00 00 00 - 00 00 00 00 00 00 00 00  ................
  0002:  00 00 00 00             -                          ....
  0000:  00 00 00 00 00 01 01 00 - 00 00 00 00 00 00 00 00  ................
  0001:  00 00 00 00 00 00 00 00 - 00 00 00 00 00 00 00 00  ................
  0002:  00 00 00 00 00 00 00 00 - 00 00 00 00 00 00 00 01  ................
  0003:  00 01 00 00 01 00 00 00 - 00 00 00 00 00 00 00 00  ................
  0004:  00 00 01 00 00 00 00 00 - 00 00 00 00 01 00 00 00  ................
  0005:  01 00 00 01 00 01 00 00 - 01 00 00 00 00 00 00 00  ................
  0006:  00 00 00 00 00 00 00 00 - 00 00 01 00 00 00 00 00  ................
  0007:  01 00 00 00 00 00 00 00 - 00 00 00 00 00 00 00 00  ................
  0008:  00 01 01 00 00 00 00 00 - 00 00 00 00 00 00 00 00  ................
  0009:  00 00 00 00 00 00 00 00 - 00 01 00 00 00 01 00 00  ................
  000A:  00 00 00 00 00 00 00 00 - 00 00 00 00 00 00 00 00  ................
  000B:  00 01 00 00 00 00 01 00 - 00 00 00 00 00 00 00 00  ................
  000C:  00 00 00 00 00 00 00 00 - 00 01 00 01 00 01 00 00  ................
  000D:  00 00 00 00 00 00 01 00 - 01 00 00 00 00 00 00 01  ................
  000E:  00 00 00 00 00 00 01 00 - 00 00 00 00 00 00 00 00  ................
  000F:  00 00 00 00 00 00 00 00 - 00 00 00 00 00 00 00 00  ................
  0010:  01 00 00 00 00 00 00 00 - 00 00 00 00 00 00 00 67  ...............g
  0000:  00                      -                          .
  0000:  0b 99 63 97 e2 93 50 9a - d7 03 83 48 18 04 26 f7  ..c...P....H..&.
  0001:  3e 30 fe 93 16 de 4c 77 - 2c ff 8a 49 68 1c 7a 51  >0....Lw,..Ih.zQ
  0002:  b7 54 bb 62 bf 9f aa f3 - 14 f2 5e 89 cc 43 66 7e  .T.b......^..Cf~
  0003:  cd 50 db f3 2e 27 6b 78 - b4 4d d5 14 74 2b 74 f7  .P...'kx.M..t+t.
  0004:  90 6e 5f c5 df 04 cb 21 - e5 82 b9 f6 02 43 db 53  .n_....!.....C.S
  0005:  13 96 5e d2 91 be 6a f6 - c4 8f c2 34 42 4b 3b fb  ..^...j....4BK;.
  0006:  7d d5 b0 bf c5 2b 77 12 - 6b 8b 45 67              }....+w.k.Eg
  0000:  00 11 64 7d 00 00 5b 33 - 00 11 76 f5 31 0d 1e df  ..d}..[3..v.1...
  0001:  03 c8 1f 44             -                          ...D
  0000:  00                      -                          .
  0000:  00                      -                          .
  0000:  01 01 01 00 00 01 6c 06 - a6 59 00 07 c2 d5 10 0b  ......l..Y......
  0001:  6e 66 17 d8 c2 d5 0f a9 - 6e 66 17 d8 c2 d5 0f aa  nf......nf......
  0002:  6e 66 17 d8 c2 d5 0f ab - 6e 66 17 d8 c2 d5 0f ac  nf......nf......
  0003:  6e 66 17 d8 c2 d5 0f ad - 6e 66 17 d8 df dd 36 e4  nf......nf....6.
  0004:  04 7a 0c e3 00 00 00 00 - 00 00 00 00 00 00 00 00  .z..............
  0005:  00 00 00 00 00 00 00 00 - 00 00 00 00 df dd 36 e4  ..............6.
  0006:  04 7a 0c e3 00 00 00 00 - 00 00 00 00 00 00 00 00  .z..............
  0007:  00 00 00 00 00 00 00 00 - 00 00 00 00              ............
  0000:  01 01 01 00 00 01 6c 06 - a6 59 00 07 c2 d5 10 0b  ......l..Y......
  0001:  6e 66 17 d8 c2 d5 0f a9 - 6e 66 17 d8 c2 d5 0f aa  nf......nf......
  0002:  6e 66 17 d8 c2 d5 0f ab - 6e 66 17 d8 c2 d5 0f ac  nf......nf......
  0003:  6e 66 17 d8 c2 d5 0f ad - 6e 66 17 d8 70 38 a3 89  nf......nf..p8..
  0004:  01 22 72 91 00 00 00 00 - 00 00 00 00 00 00 00 00  ."r.............
  0005:  00 00 00 00 00 00 00 00 - 00 00 00 00 ff ff ff ff  ................
  0006:  ff ff ff ff ff ff ff ff - ff ff ff ff ff ff ff ff  ................
  0007:  ff ff ff ff ff ff ff ff - ff ff ff ff              ............
  0000:  01 00 00 00             -                          ....
  0000:  00 cf 00 00 50 52 4e 2d - 66 71 68 2d 31 37 34 36  ....PRN-fqh-1746
  0001:  00 00 00 00 00 00 00 00 - 00 00 00 00 00 00 00 00  ................
  0002:  00 00 00 00             -                          ....
  0000:  00 00 00 00 00 01 01 00 - 00 00 00 00 00 00 00 00  ................
  0001:  00 00 00 00 00 00 00 00 - 00 00 00 00 00 00 00 00  ................
  0002:  00 00 00 00 00 00 00 00 - 00 00 00 00 00 00 00 01  ................
  0003:  00 01 00 00 01 00 00 00 - 00 00 00 00 00 00 00 00  ................
  0004:  00 00 01 00 00 00 00 00 - 00 00 00 00 01 00 00 00  ................
  0005:  01 00 00 01 00 01 00 00 - 01 00 00 00 00 00 00 00  ................
  0006:  00 00 00 00 00 00 00 00 - 00 00 01 00 00 00 00 00  ................
  0007:  01 00 00 00 00 00 00 00 - 00 00 00 00 00 00 00 00  ................
  0008:  00 01 01 00 00 00 00 00 - 00 00 00 00 00 00 00 00  ................
  0009:  00 00 00 00 00 00 00 00 - 00 01 00 00 00 01 00 00  ................
  000A:  00 00 00 00 00 00 00 00 - 00 00 00 00 00 00 00 00  ................
  000B:  00 01 00 00 00 00 01 00 - 00 00 00 00 00 00 00 00  ................
  000C:  00 00 00 00 00 00 00 00 - 00 01 00 01 00 01 00 00  ................
  000D:  00 00 00 00 00 00 01 00 - 01 00 00 00 00 00 00 01  ................
  000E:  00 00 00 00 00 00 01 00 - 00 00 00 00 00 00 00 00  ................
  000F:  00 00 00 00 00 00 00 00 - 00 00 00 00 00 00 00 00  ................
  0010:  01 00 00 00 00 00 00 00 - 00 00 00 00 00 00 00 67  ...............g
  0000:  00                      -                          .
  0000:  07 07 08 0a 00 00 00 00 - b4 ae bf da d6 d5 b6 cb  ................
  0001:  00 00 00 00 b2 cb b5 a5 - 00 00 00 00 00 00 ca 22  ..............."
  0002:  be 1a fe da 53 53 48 87 - fd 7f 00 00 00 87 8d 87  ....SSH.........
  0003:  bf aa bb fa 00 04 27 f9 - b4 a2 d0 ee cf b5 cd b3  ......'.........
  0004:  00 00 00 00 65 a6 11 00 - 00 00 00 00 00 00 00 00  ....e...........
  0005:  76 74 31 30 30 bc 6e e9 - 12 7f 00 00 61 26 5e 4d  vt100.n.....a&^M
  0006:  00 63 ab c4 00 80 af 2c - 00 3b b0 db 00 15 a8 73  .c.....,.;.....s
  0007:  00 00 65 ce 00 00 7d cc - 00 00 87 d7 01 00 ca 22  ..e...}........"
  0008:  be 1a fe da 53 53 48 87 - fd 7f 00 00 00 87 8d 87  ....SSH.........
  0009:  d2 d1 b5 c7 c2 bc 27 f9 - bb f9 bd f0 bf aa bb a7  ......'.........
  000A:  00 00 00 00 65 a6 11 00 - 00 00 00 00 00 00 00 00  ....e...........
  000B:  76 74 32 32 30 bc 6e e9 - 12 7f 00 00 61 26 5e 4d  vt220.n.....a&^M
  000C:  00 67 e5 65 00 1c 2a 86 - 00 3f 74 c4 00 70 75 b3  .g.e..*..?t..pu.
  000D:  00 00 6e ef 00 01 06 cd - 00 01 60 a3 02 00 ca 22  ..n.......`...."
  000E:  be 1a fe da d7 a8 d3 c3 - 53 53 48 00 00 87 8d 87  ........SSH.....
  000F:  bf aa bb fa c2 bc 27 f9 - bb f9 bd f0 bf aa bb a7  ......'.........
  0000:  06                      -                          .
  0000:  0b 99 63 97 e2 93 50 9a - d7 03 83 48 18 04 26 f7  ..c...P....H..&.
  0001:  3e 30 fe 93 16 de 4c 77 - 2c ff 8a 49 68 1c 7a 51  >0....Lw,..Ih.zQ
  0002:  b7 54 bb 62 be 9f aa f3 - 14 f2 5e 89 cc 43 66 7e  .T.b......^..Cf~
  0003:  cd 50 db f3 2e 27 6b 78 - b4 4d d5 14 74 2b 74 f7  .P...'kx.M..t+t.
  0004:  90 6e 5f c5 df 04 cb 21 - e5 82 b9 f6 02 43 db 53  .n_....!.....C.S
  0005:  13 96 5e d2 91 be 6a f6 - c4 8f c2 34 42 4b 3b fb  ..^...j....4BK;.
  0006:  7d d5 b0 bf c5 2b 77 12 - 6b 8b 45 67              }....+w.k.Eg
  0000:  00 11 64 dc 00 00 5b 33 - 00 11 77 28 31 11 93 cb  ..d...[3..w(1...
  0001:  03 c8 45 d4             -                          ..E.
  0000:  00                      -                          .
  0000:  00                      -                          .
  0000:  01 01 01 00 00 01 6c 06 - a6 59 00 07 c2 d5 10 0b  ......l..Y......
  0001:  6e 66 17 d8 c2 d5 0f a9 - 6e 66 17 d8 c2 d5 0f aa  nf......nf......
  0002:  6e 66 17 d8 c2 d5 0f ab - 6e 66 17 d8 c2 d5 0f ac  nf......nf......
  0003:  6e 66 17 d8 c2 d5 0f ad - 6e 66 17 d8 df dd 36 e4  nf......nf....6.
  0004:  04 7a 0c e3 00 00 00 00 - 00 00 00 00 00 00 00 00  .z..............
  0005:  00 00 00 00 00 00 00 00 - 00 00 00 00 df dd 36 e4  ..............6.
  0006:  04 7a 0c e3 00 00 00 00 - 00 00 00 00 00 00 00 00  .z..............
  0007:  00 00 00 00 00 00 00 00 - 00 00 00 00              ............
  0000:  01 01 01 00 00 01 6c 06 - a6 59 00 07 c2 d5 10 0b  ......l..Y......
  0001:  6e 66 17 d8 c2 d5 0f a9 - 6e 66 17 d8 c2 d5 0f aa  nf......nf......
  0002:  6e 66 17 d8 c2 d5 0f ab - 6e 66 17 d8 c2 d5 0f ac  nf......nf......
  0003:  6e 66 17 d8 c2 d5 0f ad - 6e 66 17 d8 70 3b 1a 5b  nf......nf..p;.[
  0004:  01 22 79 33 00 00 00 00 - 00 00 00 00 00 00 00 00  ."y3............
  0005:  00 00 00 00 00 00 00 00 - 00 00 00 00 ff ff ff ff  ................
  0006:  ff ff ff ff ff ff ff ff - ff ff ff ff ff ff ff ff  ................
  0007:  ff ff ff ff ff ff ff ff - ff ff ff ff              ............
  0000:  01 00 00 00             -                          ....
  0000:  00 f7 00 00 50 52 4e 2d - 66 71 68 2d 31 37 34 36  ....PRN-fqh-1746
  0001:  00 00 00 00 00 00 00 00 - 00 00 00 00 00 00 00 00  ................
  0002:  00 00 00 00             -                          ....
  0000:  00 00 00 00 00 01 01 00 - 00 00 00 00 00 00 00 00  ................
  0001:  00 00 00 00 00 00 00 00 - 00 00 00 00 00 00 00 00  ................
  0002:  00 00 00 00 00 00 00 00 - 00 00 00 00 00 00 00 01  ................
  0003:  00 01 00 00 01 00 00 00 - 00 00 00 00 00 00 00 00  ................
  0004:  00 00 01 00 00 00 00 00 - 00 00 00 00 01 00 00 00  ................
  0005:  01 00 00 01 00 01 00 00 - 01 00 00 00 00 00 00 00  ................
  0006:  00 00 00 00 00 00 00 00 - 00 00 01 00 00 00 00 00  ................
  0007:  01 00 00 00 00 00 00 00 - 00 00 00 00 00 00 00 00  ................
  0008:  00 01 01 00 00 00 00 00 - 00 00 00 00 00 00 00 00  ................
  0009:  00 00 00 00 00 00 00 00 - 00 01 00 00 00 01 00 00  ................
  000A:  00 00 00 00 00 00 00 00 - 00 00 00 00 00 00 00 00  ................
  000B:  00 01 00 00 00 00 01 00 - 00 00 00 00 00 00 00 00  ................
  000C:  00 00 00 00 00 00 00 00 - 00 01 00 01 00 01 00 00  ................
  000D:  00 00 00 00 00 00 01 00 - 01 00 00 00 00 00 00 01  ................
  000E:  00 00 00 00 00 00 01 00 - 00 00 00 00 00 00 00 00  ................
  000F:  00 00 00 00 00 00 00 00 - 00 00 00 00 00 00 00 00  ................
  0010:  01 00 00 00 00 00 00 00 - 00 00 00 00 00 00 00 67  ...............g
  0000:  00                      -                          .
  0000:  07 07 08 0a 00 00 00 00 - b4 ae bf da d6 d5 b6 cb  ................
  0001:  00 00 00 00 b2 cb b5 a5 - 00 00 00 00 00 00 ca 22  ..............."
  0002:  be 1a fe da 53 53 48 a3 - fc 7f 00 00 a0 ae 40 a3  ....SSH.......@.
  0003:  bf aa bb fa 00 44 08 56 - b4 a2 d0 ee cf b5 cd b3  .....D.V........
  0004:  00 00 00 00 74 a6 11 00 - 00 00 00 00 00 00 00 00  ....t...........
  0005:  76 74 31 30 30 8c 44 00 - 16 7f 00 00 61 26 5f ba  vt100.D.....a&_.
  0006:  00 63 ab c4 00 80 af 2c - 00 3b b0 db 00 15 a8 73  .c.....,.;.....s
  0007:  00 00 65 ce 00 00 7d cc - 00 00 87 d7 01 00 ca 22  ..e...}........"
  0008:  be 1a fe da 53 53 48 a3 - fc 7f 00 00 a0 ae 40 a3  ....SSH.......@.
  0009:  d2 d1 b5 c7 c2 bc 08 56 - bb f9 bd f0 bf aa bb a7  .......V........
  000A:  00 00 00 00 74 a6 11 00 - 00 00 00 00 00 00 00 00  ....t...........
  000B:  76 74 32 32 30 8c 44 00 - 16 7f 00 00 61 26 5f ba  vt220.D.....a&_.
  000C:  00 67 e5 65 00 1c 2a 86 - 00 3f 74 c4 00 70 75 b3  .g.e..*..?t..pu.
  000D:  00 00 6e ef 00 01 06 cd - 00 01 60 a3 02 00 ca 22  ..n.......`...."
  000E:  be 1a fe da d7 a8 d3 c3 - 53 53 48 00 a0 ae 40 a3  ........SSH...@.
  000F:  bf aa bb fa c2 bc 08 56 - bb f9 bd f0 bf aa bb a7  .......V........
  0000:  06                      -                          .
  0000:  0b 99 63 97 e2 93 50 9a - d7 03 83 48 18 04 26 f7  ..c...P....H..&.
  0001:  3e 30 fe 93 16 de 4c 77 - 2c ff 8a 49 68 1c 7a 51  >0....Lw,..Ih.zQ
  0002:  b7 54 bb 62 be 9f aa f3 - 14 f2 5e 89 cc 43 66 7e  .T.b......^..Cf~
  0003:  cd 50 db f3 2e 27 6b 78 - b4 4d d5 14 74 2b 74 f7  .P...'kx.M..t+t.
  0004:  90 6e 5f c5 df 04 cb 21 - e5 82 b9 f6 02 43 db 53  .n_....!.....C.S
  0005:  13 96 5e d2 91 be 6a f6 - c4 8f c2 34 42 4b 3b fb  ..^...j....4BK;.
  0006:  7d d5 b0 bf c5 2b 77 12 - 6b 8b 45 67              }....+w.k.Eg
  0000:  00 11 65 53 00 00 5b 33 - 00 11 77 88 31 19 02 a9  ..eS..[3..w.1...
  0001:  03 c8 8f 44             -                          ...D
  0000:  00                      -                          .
  0000:  00                      -                          .
  0000:  01 01 01 00 00 01 6c 06 - a6 59 00 07 c2 d5 10 0b  ......l..Y......
  0001:  6e 66 17 d8 c2 d5 0f a9 - 6e 66 17 d8 c2 d5 0f aa  nf......nf......
  0002:  6e 66 17 d8 c2 d5 0f ab - 6e 66 17 d8 c2 d5 0f ac  nf......nf......
  0003:  6e 66 17 d8 c2 d5 0f ad - 6e 66 17 d8 df dd 36 e4  nf......nf....6.
  0004:  04 7a 0c e3 00 00 00 00 - 00 00 00 00 00 00 00 00  .z..............
  0005:  00 00 00 00 00 00 00 00 - 00 00 00 00 df dd 36 e4  ..............6.
  0006:  04 7a 0c e3 00 00 00 00 - 00 00 00 00 00 00 00 00  .z..............
  0007:  00 00 00 00 00 00 00 00 - 00 00 00 00              ............
  0000:  01 01 01 00 00 01 6c 06 - a6 59 00 07 c2 d5 10 0b  ......l..Y......
  0001:  6e 66 17 d8 c2 d5 0f a9 - 6e 66 17 d8 c2 d5 0f aa  nf......nf......
  0002:  6e 66 17 d8 c2 d5 0f ab - 6e 66 17 d8 c2 d5 0f ac  nf......nf......
  0003:  6e 66 17 d8 c2 d5 0f ad - 6e 66 17 d8 70 3f 61 fd  nf......nf..p?a.
  0004:  01 22 87 8c 00 00 00 00 - 00 00 00 00 00 00 00 00  ."..............
  0005:  00 00 00 00 00 00 00 00 - 00 00 00 00 ff ff ff ff  ................
  0006:  ff ff ff ff ff ff ff ff - ff ff ff ff ff ff ff ff  ................
  0007:  ff ff ff ff ff ff ff ff - ff ff ff ff              ............
  0000:  01 00 00 00             -                          ....
  0000:  00 00 00 00 50 52 4e 2d - 66 71 68 2d 31 37 34 36  ....PRN-fqh-1746
  0001:  00 00 00 00 00 00 00 00 - 00 00 00 00 00 00 00 00  ................
  0002:  00 00 00 00             -                          ....
  0000:  00 00 00 00 00 01 01 00 - 00 00 00 00 00 00 00 00  ................
  0001:  00 00 00 00 00 00 00 00 - 00 00 00 00 00 00 00 00  ................
  0002:  00 00 00 00 00 00 00 00 - 00 00 00 00 00 00 00 01  ................
  0003:  00 01 00 00 01 00 00 00 - 00 00 00 00 00 00 00 00  ................
  0004:  00 00 01 00 00 00 00 00 - 00 00 00 00 01 00 00 00  ................
  0005:  01 00 00 01 00 01 00 00 - 01 00 00 00 00 00 00 00  ................
  0006:  00 00 00 00 00 00 00 00 - 00 00 01 00 00 00 00 00  ................
  0007:  01 00 00 00 00 00 00 00 - 00 00 00 00 00 00 00 00  ................
  0008:  00 01 01 00 00 00 00 00 - 00 00 00 00 00 00 00 00  ................
  0009:  00 00 00 00 00 00 00 00 - 00 01 00 00 00 01 00 00  ................
  000A:  00 00 00 00 00 00 00 00 - 00 00 00 00 00 00 00 00  ................
  000B:  00 01 00 00 00 00 01 00 - 00 00 00 00 00 00 00 00  ................
  000C:  00 00 00 00 00 00 00 00 - 00 01 00 01 00 01 00 00  ................
  000D:  00 00 00 00 00 00 01 00 - 01 00 00 00 00 00 00 01  ................
  000E:  00 00 00 00 00 00 01 00 - 00 00 00 00 00 00 00 00  ................
  000F:  00 00 00 00 00 00 00 00 - 00 00 00 00 00 00 00 00  ................
  0010:  01 00 00 00 00 00 00 00 - 00 00 00 00 00 00 00 67  ...............g
  0000:  00                      -                          .
  0000:  07 07 03 05 00 00 00 00 - b4 ae bf da d6 d5 b6 cb  ................
  0001:  00 00 00 00 b2 cb b5 a5 - 00 00 00 00 00 00 ca 22  ..............."
  0002:  be 1a fe da 53 53 48 24 - fc 7f 00 00 c0 b7 a3 24  ....SSH$.......$
  0003:  bf aa bb fa 00 8c dc c9 - b4 a2 d0 ee cf b5 cd b3  ................
  0004:  00 00 00 00 95 a6 11 00 - 00 00 00 00 00 00 00 00  ................
  0005:  76 74 31 30 30 ec e7 68 - 24 7f 00 00 61 26 62 1c  vt100..h$...a&b.
  0006:  00 63 ab c4 00 80 af 2c - 00 3b b0 db 00 15 a8 73  .c.....,.;.....s
  0007:  00 00 65 ce 00 00 7d cc - 00 00 87 d7 01 00 ca 22  ..e...}........"
  0008:  be 1a fe da 53 53 48 24 - fc 7f 00 00 c0 b7 a3 24  ....SSH$.......$
  0009:  d2 d1 b5 c7 c2 bc dc c9 - bb f9 bd f0 bf aa bb a7  ................
  000A:  00 00 00 00 95 a6 11 00 - 00 00 00 00 00 00 00 00  ................
  000B:  76 74 32 32 30 ec e7 68 - 24 7f 00 00 61 26 62 1c  vt220..h$...a&b.
  000C:  00 67 e5 65 00 1c 2a 86 - 00 3f 74 c4 00 70 75 b3  .g.e..*..?t..pu.
  000D:  00 00 6e ef 00 01 06 cd - 00 01 60 a3 02 00 ca 22  ..n.......`...."
  000E:  be 1a fe da d7 a8 d3 c3 - 53 53 48 00 c0 b7 a3 24  ........SSH....$
  000F:  bf aa bb fa c2 bc dc c9 - bb f9 bd f0 bf aa bb a7  ................
  0000:  06                      -                          .
  0000:  0b 99 63 97 e2 93 50 9a - d7 03 83 48 18 04 26 f7  ..c...P....H..&.
  0001:  3e 30 fe 93 16 de 4c 77 - 2c ff 8a 49 68 1c 7a 51  >0....Lw,..Ih.zQ
  0002:  b7 54 bb 62 bd 9f aa f3 - 14 f2 5e 89 cc 43 66 7e  .T.b......^..Cf~
  0003:  cd 50 db f3 2e 27 6b 78 - b4 4d d5 14 74 2b 74 f7  .P...'kx.M..t+t.
  0004:  90 6e 5f c5 df 04 cb 21 - e5 82 b9 f6 02 43 db 53  .n_....!.....C.S
  0005:  13 96 5e d2 91 be 6a f6 - c4 8f c2 34 42 4b 3b fb  ..^...j....4BK;.
  0006:  7d d5 b0 bf c5 2b 77 12 - 6b 8b 45 67              }....+w.k.Eg
  0000:  00 11 65 a6 00 00 5b 33 - 00 11 77 9b 31 19 af 3b  ..e...[3..w.1..;
  0001:  03 c8 8d 94             -                          ....
  0000:  00                      -                          .
  0000:  00                      -                          .
  0000:  01 01 01 00 00 01 6c 06 - a6 59 00 07 c2 d5 10 0b  ......l..Y......
  0001:  6e 66 17 d8 c2 d5 0f a9 - 6e 66 17 d8 c2 d5 0f aa  nf......nf......
  0002:  6e 66 17 d8 c2 d5 0f ab - 6e 66 17 d8 c2 d5 0f ac  nf......nf......
  0003:  6e 66 17 d8 c2 d5 0f ad - 6e 66 17 d8 df dd 36 e4  nf......nf....6.
  0004:  04 7a 0c e3 00 00 00 00 - 00 00 00 00 00 00 00 00  .z..............
  0005:  00 00 00 00 00 00 00 00 - 00 00 00 00 df dd 36 e4  ..............6.
  0006:  04 7a 0c e3 00 00 00 00 - 00 00 00 00 00 00 00 00  .z..............
  0007:  00 00 00 00 00 00 00 00 - 00 00 00 00              ............
  0000:  01 01 01 00 00 01 6c 06 - a6 59 00 07 c2 d5 10 0b  ......l..Y......
  0001:  6e 66 17 d8 c2 d5 0f a9 - 6e 66 17 d8 c2 d5 0f aa  nf......nf......
  0002:  6e 66 17 d8 c2 d5 0f ab - 6e 66 17 d8 c2 d5 0f ac  nf......nf......
  0003:  6e 66 17 d8 c2 d5 0f ad - 6e 66 17 d8 70 3f b4 c1  nf......nf..p?..
  0004:  01 22 88 c6 00 00 00 00 - 00 00 00 00 00 00 00 00  ."..............
  0005:  00 00 00 00 00 00 00 00 - 00 00 00 00 ff ff ff ff  ................
  0006:  ff ff ff ff ff ff ff ff - ff ff ff ff ff ff ff ff  ................
  0007:  ff ff ff ff ff ff ff ff - ff ff ff ff              ............
  0000:  01 00 00 00             -                          ....
  0000:  00 3e 00 00 50 52 4e 2d - 66 71 68 2d 31 37 34 36  .>..PRN-fqh-1746
  0001:  00 00 00 00 00 00 00 00 - 00 00 00 00 00 00 00 00  ................
  0002:  00 00 00 00             -                          ....
  0000:  00 00 00 00 00 01 01 00 - 00 00 00 00 00 00 00 00  ................
  0001:  00 00 00 00 00 00 00 00 - 00 00 00 00 00 00 00 00  ................
  0002:  00 00 00 00 00 00 00 00 - 00 00 00 00 00 00 00 01  ................
  0003:  00 01 00 00 01 00 00 00 - 00 00 00 00 00 00 00 00  ................
  0004:  00 00 01 00 00 00 00 00 - 00 00 00 00 01 00 00 00  ................
  0005:  01 00 00 01 00 01 00 00 - 01 00 00 00 00 00 00 00  ................
  0006:  00 00 00 00 00 00 00 00 - 00 00 01 00 00 00 00 00  ................
  0007:  01 00 00 00 00 00 00 00 - 00 00 00 00 00 00 00 00  ................
  0008:  00 01 01 00 00 00 00 00 - 00 00 00 00 00 00 00 00  ................
  0009:  00 00 00 00 00 00 00 00 - 00 01 00 00 00 01 00 00  ................
  000A:  00 00 00 00 00 00 00 00 - 00 00 00 00 00 00 00 00  ................
  000B:  00 01 00 00 00 00 01 00 - 00 00 00 00 00 00 00 00  ................
  000C:  00 00 00 00 00 00 00 00 - 00 01 00 01 00 01 00 00  ................
  000D:  00 00 00 00 00 00 01 00 - 01 00 00 00 00 00 00 01  ................
  000E:  00 00 00 00 00 00 01 00 - 00 00 00 00 00 00 00 00  ................
  000F:  00 00 00 00 00 00 00 00 - 00 00 00 00 00 00 00 00  ................
  0010:  01 00 00 00 00 00 00 00 - 00 00 00 00 00 00 00 67  ...............g
  0000:  00                      -                          .
  0000:  07 07 03 05 00 00 00 00 - b4 ae bf da d6 d5 b6 cb  ................
  0001:  00 00 00 00 b2 cb b5 a5 - 00 00 00 00 00 00 ca 22  ..............."
  0002:  be 1a fe da 53 53 48 39 - ff 7f 00 00 30 f6 c6 39  ....SSH9....0..9
  0003:  bf aa bb fa 00 7b 28 a7 - b4 a2 d0 ee cf b5 cd b3  .....{(.........
  0004:  00 00 00 00 9e a6 11 00 - 00 00 00 00 00 00 00 00  ................
  0005:  76 74 31 30 30 ec 0f d5 - 96 7f 00 00 61 26 62 54  vt100.......a&bT
  0006:  00 63 ab c4 00 80 af 2c - 00 3b b0 db 00 15 a8 73  .c.....,.;.....s
  0007:  00 00 65 ce 00 00 7d cc - 00 00 87 d7 01 00 ca 22  ..e...}........"
  0008:  be 1a fe da 53 53 48 39 - ff 7f 00 00 30 f6 c6 39  ....SSH9....0..9
  0009:  d2 d1 b5 c7 c2 bc 28 a7 - bb f9 bd f0 bf aa bb a7  ......(.........
  000A:  00 00 00 00 9e a6 11 00 - 00 00 00 00 00 00 00 00  ................
  000B:  76 74 32 32 30 ec 0f d5 - 96 7f 00 00 61 26 62 54  vt220.......a&bT
  000C:  00 67 e5 65 00 1c 2a 86 - 00 3f 74 c4 00 70 75 b3  .g.e..*..?t..pu.
  000D:  00 00 6e ef 00 01 06 cd - 00 01 60 a3 02 00 ca 22  ..n.......`...."
  000E:  be 1a fe da d7 a8 d3 c3 - 53 53 48 00 30 f6 c6 39  ........SSH.0..9
  000F:  bf aa bb fa c2 bc 28 a7 - bb f9 bd f0 bf aa bb a7  ......(.........
  0000:  06                      -                          .
  0000:  24 84 bd 91 21 02 f6 1c - 25 9d 5d dd c3 d3 8e f3  $...!...%.].....
  0001:  f8 1b 01 99 0e 4f 73 8f - 6f 47 e2 94 15 50 d8 61  .....Os.oG...P.a
  0002:  9e 89 4d cf 04 13 9d 3b - 3f b5 95 29 b3 f0 9a 39  ..M....;?..)...9
  0003:  3a b0 a9 78 ff 1c 07 08 - 50 92 ca 75 f7 b0 c5 a2  :..x....P..u....
  0004:  64 d1 74 47 af 0e 95 17 - a7 07 47 0e 2a bd 4a 17  d.tG......G.*.J.
  0005:  ed 33 85 fc 47 d8 e4 e8 - b1 26 93 e8 63 ab 41 26  .3..G....&..c.A&
  0006:  61 e0 e2 f0 d2 22 a0 d8 - 7d fe 01 b1              a...."..}...
  0000:  00 11 66 bf 00 00 5b 33 - 00 11 78 3f 31 1d b0 9a  ..f...[3..x?1...
  0001:  03 c8 53 14             -                          ..S.
  0000:  00                      -                          .
  0000:  00                      -                          .
  0000:  01 01 01 00 00 01 6c 06 - a6 59 00 07 c2 d5 10 0b  ......l..Y......
  0001:  6e 66 17 d8 c2 d5 0f a9 - 6e 66 17 d8 c2 d5 0f aa  nf......nf......
  0002:  6e 66 17 d8 c2 d5 0f ab - 6e 66 17 d8 c2 d5 0f ac  nf......nf......
  0003:  6e 66 17 d8 c2 d5 0f ad - 6e 66 17 d8 df dd 36 e4  nf......nf....6.
  0004:  04 7a 0c e3 00 00 00 00 - 00 00 00 00 00 00 00 00  .z..............
  0005:  00 00 00 00 00 00 00 00 - 00 00 00 00 df dd 36 e4  ..............6.
  0006:  04 7a 0c e3 00 00 00 00 - 00 00 00 00 00 00 00 00  .z..............
  0007:  00 00 00 00 00 00 00 00 - 00 00 00 00              ............
  0000:  01 01 01 00 00 01 6c 06 - a6 59 00 07 c2 d5 10 0b  ......l..Y......
  0001:  6e 66 17 d8 c2 d5 0f a9 - 6e 66 17 d8 c2 d5 0f aa  nf......nf......
  0002:  6e 66 17 d8 c2 d5 0f ab - 6e 66 17 d8 c2 d5 0f ac  nf......nf......
  0003:  6e 66 17 d8 c2 d5 0f ad - 6e 66 17 d8 70 84 73 8d  nf......nf..p.s.
  0004:  01 22 9e a2 00 00 00 00 - 00 00 00 00 00 00 00 00  ."..............
  0005:  00 00 00 00 00 00 00 00 - 00 00 00 00 ff ff ff ff  ................
  0006:  ff ff ff ff ff ff ff ff - ff ff ff ff ff ff ff ff  ................
  0007:  ff ff ff ff ff ff ff ff - ff ff ff ff              ............
  0000:  01 00 00 00             -                          ....
  0000:  00 53 00 00 50 52 4e 2d - 66 71 68 2d 31 37 34 36  .S..PRN-fqh-1746
  0001:  00 00 00 00 00 00 00 00 - 00 00 00 00 00 00 00 00  ................
  0002:  00 00 00 00             -                          ....
  0000:  00 00 00 01 00 00 01 00 - 00 00 00 00 00 00 00 00  ................
  0001:  00 00 00 00 00 00 01 00 - 00 00 00 00 00 00 00 00  ................
  0002:  00 00 00 00 00 00 00 00 - 00 00 00 00 00 00 00 00  ................
  0003:  00 00 00 00 00 00 00 00 - 00 00 00 00 00 00 00 00  ................
  0004:  00 00 00 00 00 00 00 00 - 00 00 00 00 00 00 00 00  ................
  0005:  00 00 00 00 00 00 00 00 - 00 00 00 00 00 00 00 00  ................
  0006:  00 00 00 01 00 00 00 00 - 00 00 00 01 00 00 00 00  ................
  0007:  00 00 00 00 00 00 00 00 - 00 00 00 00 00 00 00 00  ................
  0008:  00 01 00 00 00 01 00 00 - 00 00 00 00 00 00 00 00  ................
  0009:  00 00 00 00 00 00 00 00 - 00 00 00 00 00 00 00 00  ................
  000A:  00 00 00 00 00 00 00 00 - 00 00 00 00 00 00 00 00  ................
  000B:  00 00 00 00 00 00 00 00 - 00 00 00 00 00 00 00 00  ................
  000C:  00 00 00 00 00 00 00 00 - 00 00 00 00 00 00 00 00  ................
  000D:  00 00 00 00 00 00 00 00 - 00 00 00 00 00 00 00 00  ................
  000E:  00 00 00 00 00 00 00 00 - 00 00 00 00 00 00 00 00  ................
  000F:  00 00 00 00 00 00 00 01 - 00 00 00 00 00 00 00 00  ................
  0010:  00 00 00 00 00 00 00 00 - 00 00 00 00 00 00 00 6f  ...............o
  0000:  00                      -                          .
  0000:  07 07 04 09 00 00 00 00 - b4 ae bf da d6 d5 b6 cb  ................
  0001:  00 00 00 00 d5 fd b3 a3 - 00 00 00 00 00 00 ca 22  ..............."
  0002:  be 1a fe da 46 54 50 31 - fc 7f 00 00 d0 0a 7e 31  ....FTP1......~1
  0003:  bf aa bb fa 00 ea d6 d4 - bb f9 bd f0 bf aa bb a7  ................
  0004:  00 00 00 00 64 a7 11 00 - 00 00 00 00 00 00 00 00  ....d...........
  0005:  78 63 6f 64 65 ec f4 fd - fd 7e 00 00 61 26 63 9d  xcode....~..a&c.
  0006:  00 8f 5d 00 00 5e 9b 7a - 00 79 63 2e 00 53 28 7b  ..]..^.z.yc..S({
  0007:  00 00 6f dc 00 00 32 c9 - 00 00 78 21 01 00 ca 22  ..o...2...x!..."
  0008:  be 1a fe da 46 54 50 31 - fc 7f 00 00 d0 0a 7e 31  ....FTP1......~1
  0009:  bf aa bb fa 00 ea d6 d4 - bc c6 cd f8 d7 f7 d2 b5  ................
  000A:  00 00 00 00 64 a7 11 00 - 00 00 00 00 00 00 00 00  ....d...........
  000B:  76 74 32 32 30 ec f4 fd - fd 7e 00 00 61 26 63 9d  vt220....~..a&c.
  000C:  00 26 74 33 00 02 af 79 - 00 5a 0f 95 00 18 5a a4  .&t3...y.Z....Z.
  000D:  00 01 d9 f1 00 00 bf d5 - 00 01 30 b9 02 00 ca 22  ..........0...."
  000E:  be 1a fe da d7 a8 d3 c3 - 53 53 48 00 d0 0a 7e 31  ........SSH...~1
  000F:  bf aa bb fa 00 ea d6 d4 - b8 df b3 cc d7 f7 d2 b5  ................
  0000:  04                      -                          .
