12:45:29 [185174601] Connected(192.168.1.242:51746) OK.

12:45:29 [185174601] 读取60字节
12:45:29 [185174601] (读取数据为:)
  0000:  11 01 00 3c 00 00 00 34 - 00 02 01 03 00 0f 03 84  ...<...4........
  0001:  00 eb bb ba db 0d e3 18 - 3b 1f f5 83 79 94 41 a3  ........;...y.A.
  0002:  6b 55 5f 13 e8 0e a8 fb - ad 1a c6 4c b6 d7 72 fe  kU_........L..r.
  0003:  4a cd a1 bc 2c 96 c3 4a - 9e d8 e3 96              J...,..J....
12:45:29 [185174601] 收到客户端状态请求[intf=认证请求]
12:45:29 [185174601] 收到客户端状态应答[intf=发认证串及基本配置信息 len=116(C-0)]
12:45:29 [185174601] 发送数据116字节
12:45:29 [185174601] (发送数据为:)
  0000:  91 01 00 74 00 00 00 6c - 33 b3 b6 a7 d6 53 8c 1b  ...t...l3....S..
  0001:  be 7c 89 a3 8c 77 81 82 - c5 c5 41 eb 07 89 3a e4  .|...w....A...:.
  0002:  4f 5a 20 92 39 11 3c 78 - a3 ed 55 6a 17 91 34 c4  OZ .9.<x..Uj..4.
  0003:  5d 7e e4 ca 00 b2 ef d7 - 32 1c cd 69 a6 07 4d cf  ]~......2..i..M.
  0004:  30 95 9e 42 bb 9a 8b 51 - 64 e6 31 12 df ef 1f e9  0..B...Qd.1.....
  0005:  72 cf b7 53 55 d1 24 04 - b5 c1 a5 03 80 05 33 4b  r..SU.$.......3K
  0006:  99 a1 09 1d 08 98 ad 9f - 83 f9 19 fe 1a 2d c1 24  .............-.$
  0007:  1a a9 d8 f2             -                          ....
12:45:29 [185174601] 读取48字节
12:45:29 [185174601] (读取数据为:)
  0000:  11 02 00 08 00 00 00 00 - 11 03 00 08 00 00 00 00  ................
  0001:  11 04 00 08 00 00 00 00 - 11 05 00 08 00 00 00 00  ................
  0002:  11 05 00 08 00 01 00 00 - 11 09 00 08 00 00 00 00  ................
12:45:29 [185174601] 收到客户端状态请求[intf=取系统信息]
12:45:29 [185174601] 收到客户端状态请求[intf=取配置信息]
12:45:29 [185174601] 收到客户端状态请求[intf=取进程信息]
12:45:29 [185174601] 收到客户端状态请求[intf=取以太口信息(0)]
12:45:29 [185174601] 收到客户端状态请求[intf=取以太口信息(1)]
12:45:29 [185174601] 收到客户端状态请求[intf=取终端服务信息]
12:45:29 [185174601] 收到客户端状态应答[intf=发系统信息 len=28(C-0)]
12:45:29 [185174601] 收到客户端状态应答[intf=发配置信息 len=9(C-0)]
12:45:29 [185174601] 收到客户端状态应答[intf=发进程信息 len=9(C-0)]
12:45:29 [185174601] 收到客户端状态应答[intf=发以太口信息(1) len=132(C-0)]
12:45:29 [185174601] 收到客户端状态应答[intf=发以太口信息(0) len=132(C-0)]
12:45:29 [185174601] 收到客户端状态应答[intf=发终端服务信息 len=280(C-0)]
12:45:29 [185174601] 发送数据590字节
12:45:29 [185174601] (发送数据为:)
  0000:  91 02 00 1c 00 00 00 14 - 00 13 b2 35 00 00 60 db  ...........5..`.
  0001:  00 15 4d 92 33 58 44 ee - 03 c8 63 bc 91 03 00 09  ..M.3XD...c.....
  0002:  00 00 00 01 00 91 04 00 - 09 00 00 00 01 00 91 05  ................
  0003:  00 84 00 01 00 7c 01 01 - 01 00 00 01 6c 06 a6 01  .....|......l...
  0004:  00 07 45 9f a0 0b 6e 66 - 17 d8 45 9f 9f a9 6e 66  ..E...nf..E...nf
  0005:  17 d8 45 9f 9f aa 6e 66 - 17 d8 45 9f 9f ab 6e 66  ..E...nf..E...nf
  0006:  17 d8 45 9f 9f ac 6e 66 - 17 d8 45 9f 9f ad 6e 66  ..E...nf..E...nf
  0007:  17 d8 df dd 3e b4 04 7a - 0d 0b 00 00 00 00 00 00  ....>..z........
  0008:  00 00 00 00 00 00 00 00 - 00 00 00 00 00 00 00 00  ................
  0009:  00 00 df dd 3e b4 04 7a - 0d 0b 00 00 00 00 00 00  ....>..z........
  000A:  00 00 00 00 00 00 00 00 - 00 00 00 00 00 00 00 00  ................
  000B:  00 00 91 05 00 84 00 00 - 00 7c 01 01 01 00 00 01  .........|......
  000C:  6c 06 a6 01 00 07 45 9f - a0 0b 6e 66 17 d8 45 9f  l.....E...nf..E.
  000D:  9f a9 6e 66 17 d8 45 9f - 9f aa 6e 66 17 d8 45 9f  ..nf..E...nf..E.
  000E:  9f ab 6e 66 17 d8 45 9f - 9f ac 6e 66 17 d8 45 9f  ..nf..E...nf..E.
  000F:  9f ad 6e 66 17 d8 85 86 - 36 f1 01 5c ef 47 00 00  ..nf....6..\.G..
  0010:  00 00 00 00 00 00 00 00 - 00 00 00 00 00 00 00 00  ................
  0011:  00 00 00 00 00 00 ff ff - ff ff ff ff ff ff ff ff  ................
  0012:  ff ff ff ff ff ff ff ff - ff ff ff ff ff ff ff ff  ................
  0013:  ff ff ff ff ff ff 91 09 - 01 18 00 00 01 10 01 00  ................
  0014:  01 00 00 01 01 01 00 01 - 01 00 01 01 00 01 00 00  ................
  0015:  00 00 00 00 00 00 00 00 - 00 00 00 00 00 00 00 00  ................
  0016:  00 00 00 00 00 00 00 00 - 00 00 00 00 00 00 00 00  ................
  0017:  00 00 00 00 00 00 00 00 - 00 00 00 00 00 00 00 00  ................
  0018:  00 00 00 00 00 00 00 00 - 00 00 00 00 00 00 00 00  ................
  0019:  00 00 00 00 00 00 00 00 - 00 00 00 00 00 00 00 00  ................
  001A:  00 00 00 00 00 00 00 00 - 00 00 00 00 00 00 00 00  ................
  001B:  00 00 00 00 00 00 00 00 - 00 00 00 00 00 00 00 00  ................
  001C:  00 00 00 00 00 00 00 00 - 00 00 00 00 00 00 00 00  ................
  001D:  00 00 00 00 00 00 00 00 - 00 00 00 00 00 00 00 00  ................
  001E:  00 00 00 00 00 00 00 00 - 00 00 00 00 00 00 00 00  ................
  001F:  00 00 00 00 00 00 00 00 - 00 00 00 00 00 00 00 00  ................
  0020:  00 00 00 00 00 00 00 00 - 00 00 00 00 00 00 00 00  ................
  0021:  00 00 00 00 00 00 00 00 - 00 00 00 00 00 00 00 00  ................
  0022:  00 00 00 00 00 00 00 00 - 00 00 00 00 00 00 00 00  ................
  0023:  00 00 00 00 00 00 00 00 - 00 00 00 00 00 00 00 00  ................
  0024:  00 00 00 00 00 00 00 00 - 00 00 00 00 00 57        .............W
12:45:29 [185174601] 读取80字节
12:45:29 [185174601] (读取数据为:)
  0000:  11 0a 00 08 00 01 00 00 - 11 0a 00 08 00 03 00 00  ................
  0001:  11 0a 00 08 00 06 00 00 - 11 0a 00 08 00 07 00 00  ................
  0002:  11 0a 00 08 00 08 00 00 - 11 0a 00 08 00 0a 00 00  ................
  0003:  11 0a 00 08 00 0b 00 00 - 11 0a 00 08 00 0d 00 00  ................
  0004:  11 0a 00 08 00 0e 00 00 - 11 0a 00 08 00 10 00 00  ................
12:45:29 [185174601] 收到客户端状态请求[intf=取哑终端信息(1)]
12:45:29 [185174601] 收到客户端状态请求[intf=取哑终端信息(3)]
12:45:29 [185174601] 收到客户端状态请求[intf=取哑终端信息(6)]
12:45:29 [185174601] 收到客户端状态请求[intf=取哑终端信息(7)]
12:45:29 [185174601] 收到客户端状态请求[intf=取哑终端信息(8)]
12:45:29 [185174601] 收到客户端状态请求[intf=取哑终端信息(10)]
12:45:29 [185174601] 收到客户端状态请求[intf=取哑终端信息(11)]
12:45:29 [185174601] 收到客户端状态请求[intf=取哑终端信息(13)]
12:45:29 [185174601] 收到客户端状态请求[intf=取哑终端信息(14)]
12:45:29 [185174601] 收到客户端状态请求[intf=取哑终端信息(16)]
12:45:29 [185174601] 收到客户端状态应答[intf=发哑终端信息(16) len=708(C-0)]
12:45:29 [185174601] 收到客户端状态应答[intf=发哑终端信息(14) len=996(C-0)]
12:45:29 [185174601] 收到客户端状态应答[intf=发哑终端信息(13) len=804(C-0)]
12:45:29 [185174601] 收到客户端状态应答[intf=发哑终端信息(11) len=996(C-0)]
12:45:29 [185174601] 收到客户端状态应答[intf=发哑终端信息(10) len=612(C-0)]
12:45:29 [185174601] 收到客户端状态应答[intf=发哑终端信息(8) len=900(C-0)]
12:45:29 [185174601] 收到客户端状态应答[intf=发哑终端信息(7) len=804(C-0)]
12:45:29 [185174601] 收到客户端状态应答[intf=发哑终端信息(6) len=996(C-0)]
12:45:29 [185174601] 收到客户端状态应答[intf=发哑终端信息(3) len=324(C-0)]
12:45:29 [185174601] 收到客户端状态应答[intf=发哑终端信息(1) len=324(C-0)]
12:45:29 [185174601] 发送数据7464字节
12:45:29 [185174601] (发送数据为:)
  0000:  91 0a 02 c4 00 10 02 bc - 10 10 00 07 00 00 00 00  ................
  0001:  b4 ae bf da d6 d5 b6 cb - 00 00 00 00 d5 fd b3 a3  ................
  0002:  00 00 00 00 01 00 ca 22 - be 1a fe da 46 54 50 ac  ......."....FTP.
  0003:  fc 7f 00 00 50 7a 09 ac - bf aa bb fa 00 f6 45 b1  ....Pz........E.
  0004:  b4 a2 d0 ee cf b5 cd b3 - 00 00 00 00 41 3a 15 00  ............A:..
  0005:  00 00 00 00 00 00 00 00 - 78 63 6f 64 65 8c c2 12  ........xcode...
  0006:  1d 7f 00 00 61 27 1c 69 - 00 08 94 b0 00 83 50 02  ....a'.i......P.
  0007:  00 60 9d cb 00 2c ef b3 - 00 01 8f 15 00 00 91 0c  .`...,..........
  0008:  00 01 8c 20 02 00 ca 22 - be 1a fe da d7 a8 d3 c3  ... ..."........
  0009:  53 53 48 00 50 7a 09 ac - bf aa bb fa 00 f6 45 b1  SSH.Pz........E.
  000A:  b4 a2 d0 ee cf b5 cd b3 - 00 00 00 00 41 3a 15 00  ............A:..
  000B:  00 00 00 00 00 00 00 00 - 76 74 31 30 30 8c c2 12  ........vt100...
  000C:  1d 7f 00 00 61 27 1c 69 - 00 10 99 83 00 4d 4e 98  ....a'.i.....MN.
  000D:  00 74 83 97 00 84 6c 68 - 00 01 da 89 00 01 3a 55  .t....lh......:U
  000E:  00 00 1c 33 03 00 ca 22 - be 1a fe da 46 54 50 c3  ...3..."....FTP.
  000F:  53 53 48 00 50 7a 09 ac - d2 d1 b5 c7 c2 bc 45 b1  SSH.Pz........E.
  0010:  b8 df b3 cc d7 f7 d2 b5 - 00 00 00 00 41 3a 15 00  ............A:..
  0011:  00 00 00 00 00 00 00 00 - 78 63 6f 64 65 8c c2 12  ........xcode...
  0012:  1d 7f 00 00 61 27 1c 69 - 00 62 fc 70 00 85 53 a3  ....a'.i.b.p..S.
  0013:  00 79 0e f4 00 76 a2 95 - 00 01 4b f2 00 01 41 f7  .y...v....K...A.
  0014:  00 01 6f d9 04 00 ca 22 - be 1a fe da 46 54 50 c3  ..o...."....FTP.
  0015:  53 53 48 00 50 7a 09 ac - d2 d1 b5 c7 c2 bc 45 b1  SSH.Pz........E.
  0016:  bb f9 bd f0 bf aa bb a7 - 00 00 00 00 41 3a 15 00  ............A:..
  0017:  00 00 00 00 00 00 00 00 - 76 74 31 30 30 8c c2 12  ........vt100...
  0018:  1d 7f 00 00 61 27 1c 69 - 00 33 78 71 00 76 fa bd  ....a'.i.3xq.v..
  0019:  00 91 c7 82 00 10 3d bd - 00 00 ab dd 00 01 24 81  ......=.......$.
  001A:  00 00 47 1e 05 00 ca 22 - be 1a fe da 53 53 48 c3  ..G...."....SSH.
  001B:  53 53 48 00 50 7a 09 ac - d2 d1 b5 c7 c2 bc 45 b1  SSH.Pz........E.
  001C:  bb f9 bd f0 bf aa bb a7 - 00 00 00 00 41 3a 15 00  ............A:..
  001D:  00 00 00 00 00 00 00 00 - 76 74 32 32 30 8c c2 12  ........vt220...
  001E:  1d 7f 00 00 61 27 1c 69 - 00 8c a5 c8 00 70 31 09  ....a'.i.....p1.
  001F:  00 6c b8 b8 00 05 04 5e - 00 01 50 7d 00 01 c4 8e  .l.....^..P}....
  0020:  00 01 33 9e 06 00 ca 22 - be 1a fe da 46 54 50 c3  ..3...."....FTP.
  0021:  53 53 48 00 50 7a 09 ac - b9 d8 bb fa c2 bc 45 b1  SSH.Pz........E.
  0022:  b8 df b3 cc d7 f7 d2 b5 - 00 00 00 00 41 3a 15 00  ............A:..
  0023:  00 00 00 00 00 00 00 00 - 76 74 32 32 30 8c c2 12  ........vt220...
  0024:  1d 7f 00 00 61 27 1c 69 - 00 80 9f fb 00 7d 34 e4  ....a'.i.....}4.
  0025:  00 73 8d e0 00 7f fb b3 - 00 00 8c bd 00 01 1f 0b  .s..............
  0026:  00 00 00 19 07 00 ca 22 - be 1a fe da d7 a8 d3 c3  ......."........
  0027:  53 53 48 00 50 7a 09 ac - b9 d8 bb fa c2 bc 45 b1  SSH.Pz........E.
  0028:  b8 df b3 cc d7 f7 d2 b5 - 00 00 00 00 41 3a 15 00  ............A:..
  0029:  00 00 00 00 00 00 00 00 - 76 74 32 32 30 8c c2 12  ........vt220...
  002A:  1d 7f 00 00 61 27 1c 69 - 00 6d 14 3b 00 4a c1 07  ....a'.i.m.;.J..
  002B:  00 03 52 a1 00 4a fb 3c - 00 01 9a e5 00 00 5c b7  ..R..J.<......\.
  002C:  00 01 43 ae 91 0a 03 e4 - 00 0e 03 dc 0e 0e 07 0a  ..C.............
  002D:  00 00 00 00 b4 ae bf da - d6 d5 b6 cb 00 00 00 00  ................
  002E:  b2 cb b5 a5 00 00 00 00 - 01 00 ca 22 be 1a fe da  ..........."....
  002F:  46 54 50 c3 53 53 48 00 - 50 7a 09 ac d2 d1 b5 c7  FTP.SSH.Pz......
  0030:  c2 bc 45 b1 b4 a2 d0 ee - cf b5 cd b3 00 00 00 00  ..E.............
  0031:  41 3a 15 00 00 00 00 00 - 00 00 00 00 78 63 6f 64  A:..........xcod
  0032:  65 8c c2 12 1d 7f 00 00 - 61 27 1c 69 00 5a ac ac  e.......a'.i.Z..
  0033:  00 26 2c 73 00 67 4c 58 - 00 62 3d b3 00 01 98 81  .&,s.gLX.b=.....
  0034:  00 01 06 86 00 00 e4 ae - 02 00 ca 22 be 1a fe da  ..........."....
  0035:  d7 a8 d3 c3 53 53 48 00 - 50 7a 09 ac d2 d1 b5 c7  ....SSH.Pz......
  0036:  c2 bc 45 b1 bb f9 bd f0 - bf aa bb a7 00 00 00 00  ..E.............
  0037:  41 3a 15 00 00 00 00 00 - 00 00 00 00 76 74 32 32  A:..........vt22
  0038:  30 8c c2 12 1d 7f 00 00 - 61 27 1c 69 00 19 54 b2  0.......a'.i..T.
  0039:  00 84 82 ba 00 5b c6 29 - 00 8d 37 eb 00 00 c5 04  .....[.)..7.....
  003A:  00 00 73 ac 00 00 89 26 - 03 00 ca 22 be 1a fe da  ..s....&..."....
  003B:  d7 a8 d3 c3 53 53 48 00 - 50 7a 09 ac b9 d8 bb fa  ....SSH.Pz......
  003C:  c2 bc 45 b1 b8 df b3 cc - d7 f7 d2 b5 00 00 00 00  ..E.............
  003D:  41 3a 15 00 00 00 00 00 - 00 00 00 00 76 74 31 30  A:..........vt10
  003E:  30 8c c2 12 1d 7f 00 00 - 61 27 1c 69 00 3d 04 c4  0.......a'.i.=..
  003F:  00 2b 6c 50 00 10 36 f8 - 00 63 cd 2a 00 01 7a 87  .+lP..6..c.*..z.
  0040:  00 01 2c 88 00 01 e1 47 - 04 00 ca 22 be 1a fe da  ..,....G..."....
  0041:  d7 a8 d3 c3 53 53 48 00 - 50 7a 09 ac d2 d1 b5 c7  ....SSH.Pz......
  0042:  c2 bc 45 b1 bc c6 cd f8 - d7 f7 d2 b5 00 00 00 00  ..E.............
  0043:  41 3a 15 00 00 00 00 00 - 00 00 00 00 76 74 31 30  A:..........vt10
  0044:  30 8c c2 12 1d 7f 00 00 - 61 27 1c 69 00 05 10 2e  0.......a'.i....
  0045:  00 83 0b a6 00 01 87 d0 - 00 11 5c f5 00 00 c6 55  ..........\....U
  0046:  00 00 fb b5 00 00 5f 5c - 05 00 ca 22 be 1a fe da  ......_\..."....
  0047:  53 53 48 c3 53 53 48 00 - 50 7a 09 ac bf aa bb fa  SSH.SSH.Pz......
  0048:  c2 bc 45 b1 b8 df b3 cc - d7 f7 d2 b5 00 00 00 00  ..E.............
  0049:  41 3a 15 00 00 00 00 00 - 00 00 00 00 78 63 6f 64  A:..........xcod
  004A:  65 8c c2 12 1d 7f 00 00 - 61 27 1c 69 00 34 eb 81  e.......a'.i.4..
  004B:  00 53 62 39 00 2c f8 f5 - 00 93 6a 2d 00 01 20 df  .Sb9.,....j-.. .
  004C:  00 00 a6 c1 00 01 2b bb - 06 00 ca 22 be 1a fe da  ......+...."....
  004D:  53 53 48 c3 53 53 48 00 - 50 7a 09 ac d2 d1 b5 c7  SSH.SSH.Pz......
  004E:  c2 bc 45 b1 bc c6 cd f8 - d7 f7 d2 b5 00 00 00 00  ..E.............
  004F:  41 3a 15 00 00 00 00 00 - 00 00 00 00 76 74 31 30  A:..........vt10
  0050:  30 8c c2 12 1d 7f 00 00 - 61 27 1c 69 00 3a b5 aa  0.......a'.i.:..
  0051:  00 19 14 e9 00 6d 6f 99 - 00 34 37 f2 00 01 30 31  .....mo..47...01
  0052:  00 01 1c b5 00 01 d0 48 - 07 00 ca 22 be 1a fe da  .......H..."....
  0053:  d7 a8 d3 c3 53 53 48 00 - 50 7a 09 ac b9 d8 bb fa  ....SSH.Pz......
  0054:  c2 bc 45 b1 bc c6 cd f8 - d7 f7 d2 b5 00 00 00 00  ..E.............
  0055:  41 3a 15 00 00 00 00 00 - 00 00 00 00 78 63 6f 64  A:..........xcod
  0056:  65 8c c2 12 1d 7f 00 00 - 61 27 1c 69 00 8a f3 93  e.......a'.i....
  0057:  00 0e ce 6c 00 92 66 20 - 00 52 0d 09 00 00 c3 08  ...l..f .R......
  0058:  00 01 9b 56 00 01 0e 21 - 08 00 ca 22 be 1a fe da  ...V...!..."....
  0059:  46 54 50 c3 53 53 48 00 - 50 7a 09 ac b9 d8 bb fa  FTP.SSH.Pz......
  005A:  c2 bc 45 b1 b8 df b3 cc - d7 f7 d2 b5 00 00 00 00  ..E.............
  005B:  41 3a 15 00 00 00 00 00 - 00 00 00 00 76 74 31 30  A:..........vt10
  005C:  30 8c c2 12 1d 7f 00 00 - 61 27 1c 69 00 6e 54 bd  0.......a'.i.nT.
  005D:  00 34 8c 0f 00 18 17 6f - 00 01 b6 be 00 01 ab 0a  .4.....o........
  005E:  00 00 43 71 00 01 11 30 - 09 00 ca 22 be 1a fe da  ..Cq...0..."....
  005F:  46 54 50 c3 53 53 48 00 - 50 7a 09 ac b9 d8 bb fa  FTP.SSH.Pz......
  0060:  c2 bc 45 b1 b8 df b3 cc - d7 f7 d2 b5 00 00 00 00  ..E.............
  0061:  41 3a 15 00 00 00 00 00 - 00 00 00 00 76 74 31 30  A:..........vt10
  0062:  30 8c c2 12 1d 7f 00 00 - 61 27 1c 69 00 7b 93 5d  0.......a'.i.{.]
  0063:  00 28 f2 0c 00 19 5d e4 - 00 97 9f 92 00 00 26 15  .(....].......&.
  0064:  00 01 b5 09 00 00 35 d6 - 0a 00 ca 22 be 1a fe da  ......5...."....
  0065:  53 53 48 c3 53 53 48 00 - 50 7a 09 ac d2 d1 b5 c7  SSH.SSH.Pz......
  0066:  c2 bc 45 b1 bb f9 bd f0 - bf aa bb a7 00 00 00 00  ..E.............
  0067:  41 3a 15 00 00 00 00 00 - 00 00 00 00 76 74 32 32  A:..........vt22
  0068:  30 8c c2 12 1d 7f 00 00 - 61 27 1c 69 00 70 db 74  0.......a'.i.p.t
  0069:  00 0d e2 f2 00 0f 9c c0 - 00 85 48 4a 00 01 de 93  ..........HJ....
  006A:  00 00 98 d6 00 00 ef 12 - 91 0a 03 24 00 0d 03 1c  ...........$....
  006B:  0d 0d 06 08 00 00 00 00 - b4 ae bf da d6 d5 b6 cb  ................
  006C:  00 00 00 00 d5 fd b3 a3 - 00 00 00 00 01 00 ca 22  ..............."
  006D:  be 1a fe da 46 54 50 c3 - 53 53 48 00 50 7a 09 ac  ....FTP.SSH.Pz..
  006E:  b9 d8 bb fa c2 bc 45 b1 - bb f9 bd f0 bf aa bb a7  ......E.........
  006F:  00 00 00 00 41 3a 15 00 - 00 00 00 00 00 00 00 00  ....A:..........
  0070:  78 63 6f 64 65 8c c2 12 - 1d 7f 00 00 61 27 1c 69  xcode.......a'.i
  0071:  00 60 fc 47 00 7e 82 fd - 00 75 3b 99 00 6f 20 0b  .`.G.~...u;..o .
  0072:  00 00 7c 17 00 00 67 0d - 00 01 d9 69 02 00 ca 22  ..|...g....i..."
  0073:  be 1a fe da 46 54 50 c3 - 53 53 48 00 50 7a 09 ac  ....FTP.SSH.Pz..
  0074:  d2 d1 b5 c7 c2 bc 45 b1 - bc c6 cd f8 d7 f7 d2 b5  ......E.........
  0075:  00 00 00 00 41 3a 15 00 - 00 00 00 00 00 00 00 00  ....A:..........
  0076:  76 74 32 32 30 8c c2 12 - 1d 7f 00 00 61 27 1c 69  vt220.......a'.i
  0077:  00 96 57 ba 00 41 04 51 - 00 44 b0 44 00 02 9c 0e  ..W..A.Q.D.D....
  0078:  00 01 61 bb 00 00 d5 3c - 00 00 b6 02 03 00 ca 22  ..a....<......."
  0079:  be 1a fe da d7 a8 d3 c3 - 53 53 48 00 50 7a 09 ac  ........SSH.Pz..
  007A:  bf aa bb fa c2 bc 45 b1 - bb f9 bd f0 bf aa bb a7  ......E.........
  007B:  00 00 00 00 41 3a 15 00 - 00 00 00 00 00 00 00 00  ....A:..........
  007C:  76 74 32 32 30 8c c2 12 - 1d 7f 00 00 61 27 1c 69  vt220.......a'.i
  007D:  00 86 7b d3 00 1c 05 df - 00 44 6f 36 00 85 ad f9  ..{......Do6....
  007E:  00 00 b1 ae 00 00 7e 7b - 00 00 cc 4f 04 00 ca 22  ......~{...O..."
  007F:  be 1a fe da d7 a8 d3 c3 - 53 53 48 00 50 7a 09 ac  ........SSH.Pz..
  0080:  bf aa bb fa c2 bc 45 b1 - bc c6 cd f8 d7 f7 d2 b5  ......E.........
  0081:  00 00 00 00 41 3a 15 00 - 00 00 00 00 00 00 00 00  ....A:..........
  0082:  76 74 31 30 30 8c c2 12 - 1d 7f 00 00 61 27 1c 69  vt100.......a'.i
  0083:  00 38 34 e4 00 88 b1 e2 - 00 7f 7d 4f 00 75 67 31  .84.......}O.ug1
  0084:  00 01 26 8b 00 00 cf 72 - 00 01 4b e3 05 00 ca 22  ..&....r..K...."
  0085:  be 1a fe da 46 54 50 c3 - 53 53 48 00 50 7a 09 ac  ....FTP.SSH.Pz..
  0086:  bf aa bb fa c2 bc 45 b1 - bb f9 bd f0 bf aa bb a7  ......E.........
  0087:  00 00 00 00 41 3a 15 00 - 00 00 00 00 00 00 00 00  ....A:..........
  0088:  76 74 31 30 30 8c c2 12 - 1d 7f 00 00 61 27 1c 69  vt100.......a'.i
  0089:  00 7b 80 af 00 80 89 2c - 00 39 a5 d3 00 09 62 2c  .{.....,.9....b,
  008A:  00 01 c0 6e 00 00 37 41 - 00 00 4b 28 06 00 ca 22  ...n..7A..K(..."
  008B:  be 1a fe da 46 54 50 c3 - 53 53 48 00 50 7a 09 ac  ....FTP.SSH.Pz..
  008C:  b9 d8 bb fa c2 bc 45 b1 - bc c6 cd f8 d7 f7 d2 b5  ......E.........
  008D:  00 00 00 00 41 3a 15 00 - 00 00 00 00 00 00 00 00  ....A:..........
  008E:  76 74 32 32 30 8c c2 12 - 1d 7f 00 00 61 27 1c 69  vt220.......a'.i
  008F:  00 35 0d b8 00 40 d9 35 - 00 86 39 88 00 88 40 34  .5...@.5..9...@4
  0090:  00 00 6d 44 00 00 90 c3 - 00 00 0e 3f 07 00 ca 22  ..mD.......?..."
  0091:  be 1a fe da 46 54 50 c3 - 53 53 48 00 50 7a 09 ac  ....FTP.SSH.Pz..
  0092:  bf aa bb fa c2 bc 45 b1 - bc c6 cd f8 d7 f7 d2 b5  ......E.........
  0093:  00 00 00 00 41 3a 15 00 - 00 00 00 00 00 00 00 00  ....A:..........
  0094:  76 74 31 30 30 8c c2 12 - 1d 7f 00 00 61 27 1c 69  vt100.......a'.i
  0095:  00 07 1d ca 00 14 73 95 - 00 6b b9 c9 00 64 cd bd  ......s..k...d..
  0096:  00 01 21 f8 00 01 37 50 - 00 00 05 68 08 00 ca 22  ..!...7P...h..."
  0097:  be 1a fe da 46 54 50 c3 - 53 53 48 00 50 7a 09 ac  ....FTP.SSH.Pz..
  0098:  bf aa bb fa c2 bc 45 b1 - bc c6 cd f8 d7 f7 d2 b5  ......E.........
  0099:  00 00 00 00 41 3a 15 00 - 00 00 00 00 00 00 00 00  ....A:..........
  009A:  76 74 32 32 30 8c c2 12 - 1d 7f 00 00 61 27 1c 69  vt220.......a'.i
  009B:  00 1e f6 7c 00 3c 1f 03 - 00 4b 21 f0 00 3d f3 7d  ...|.<...K!..=.}
  009C:  00 00 c9 ac 00 01 2b ab - 00 01 64 7f 91 0a 03 e4  ......+...d.....
  009D:  00 0b 03 dc 0b 0b 06 0a - 00 00 00 00 b4 ae bf da  ................
  009E:  d6 d5 b6 cb 00 00 00 00 - b2 cb b5 a5 00 00 00 00  ................
  009F:  01 00 ca 22 be 1a fe da - d7 a8 d3 c3 53 53 48 00  ..."........SSH.
  00A0:  50 7a 09 ac bf aa bb fa - c2 bc 45 b1 b4 a2 d0 ee  Pz........E.....
  00A1:  cf b5 cd b3 00 00 00 00 - 41 3a 15 00 00 00 00 00  ........A:......
  00A2:  00 00 00 00 76 74 31 30 - 30 8c c2 12 1d 7f 00 00  ....vt100.......
  00A3:  61 27 1c 69 00 63 ef 92 - 00 2c 51 eb 00 5e a3 bc  a'.i.c...,Q..^..
  00A4:  00 84 26 8d 00 00 3f 0e - 00 01 e1 3a 00 00 a8 d8  ..&...?....:....
  00A5:  02 00 ca 22 be 1a fe da - 53 53 48 c3 53 53 48 00  ..."....SSH.SSH.
  00A6:  50 7a 09 ac d2 d1 b5 c7 - c2 bc 45 b1 bb f9 bd f0  Pz........E.....
  00A7:  bf aa bb a7 00 00 00 00 - 41 3a 15 00 00 00 00 00  ........A:......
  00A8:  00 00 00 00 76 74 31 30 - 30 8c c2 12 1d 7f 00 00  ....vt100.......
  00A9:  61 27 1c 69 00 2a 33 14 - 00 35 1d 3d 00 55 d0 f1  a'.i.*3..5.=.U..
  00AA:  00 0f 83 bd 00 00 40 d4 - 00 01 cb 72 00 00 45 ba  ......@....r..E.
  00AB:  03 00 ca 22 be 1a fe da - 46 54 50 c3 53 53 48 00  ..."....FTP.SSH.
  00AC:  50 7a 09 ac d2 d1 b5 c7 - c2 bc 45 b1 bc c6 cd f8  Pz........E.....
  00AD:  d7 f7 d2 b5 00 00 00 00 - 41 3a 15 00 00 00 00 00  ........A:......
  00AE:  00 00 00 00 76 74 32 32 - 30 8c c2 12 1d 7f 00 00  ....vt220.......
  00AF:  61 27 1c 69 00 67 32 8e - 00 4f 34 37 00 72 ed ab  a'.i.g2..O47.r..
  00B0:  00 30 f1 d4 00 01 d9 ef - 00 00 31 88 00 01 97 a2  .0........1.....
  00B1:  04 00 ca 22 be 1a fe da - d7 a8 d3 c3 53 53 48 00  ..."........SSH.
  00B2:  50 7a 09 ac d2 d1 b5 c7 - c2 bc 45 b1 b4 a2 d0 ee  Pz........E.....
  00B3:  cf b5 cd b3 00 00 00 00 - 41 3a 15 00 00 00 00 00  ........A:......
  00B4:  00 00 00 00 76 74 32 32 - 30 8c c2 12 1d 7f 00 00  ....vt220.......
  00B5:  61 27 1c 69 00 18 d5 e5 - 00 84 9e c2 00 3f d1 14  a'.i.........?..
  00B6:  00 08 64 a0 00 01 6c 1a - 00 00 61 b8 00 00 a1 64  ..d...l...a....d
  00B7:  05 00 ca 22 be 1a fe da - d7 a8 d3 c3 53 53 48 00  ..."........SSH.
  00B8:  50 7a 09 ac bf aa bb fa - c2 bc 45 b1 b4 a2 d0 ee  Pz........E.....
  00B9:  cf b5 cd b3 00 00 00 00 - 41 3a 15 00 00 00 00 00  ........A:......
  00BA:  00 00 00 00 76 74 31 30 - 30 8c c2 12 1d 7f 00 00  ....vt100.......
  00BB:  61 27 1c 69 00 2b e8 c4 - 00 51 98 76 00 15 2c 80  a'.i.+...Q.v..,.
  00BC:  00 71 71 77 00 01 90 70 - 00 01 57 98 00 00 d8 99  .qqw...p..W.....
  00BD:  06 00 ca 22 be 1a fe da - d7 a8 d3 c3 53 53 48 00  ..."........SSH.
  00BE:  50 7a 09 ac b9 d8 bb fa - c2 bc 45 b1 bc c6 cd f8  Pz........E.....
  00BF:  d7 f7 d2 b5 00 00 00 00 - 41 3a 15 00 00 00 00 00  ........A:......
  00C0:  00 00 00 00 78 63 6f 64 - 65 8c c2 12 1d 7f 00 00  ....xcode.......
  00C1:  61 27 1c 69 00 10 ad 48 - 00 1d 47 fb 00 4c 2a 0d  a'.i...H..G..L*.
  00C2:  00 63 9e 50 00 00 c8 1e - 00 00 ac e8 00 01 a6 39  .c.P...........9
  00C3:  07 00 ca 22 be 1a fe da - d7 a8 d3 c3 53 53 48 00  ..."........SSH.
  00C4:  50 7a 09 ac bf aa bb fa - c2 bc 45 b1 b8 df b3 cc  Pz........E.....
  00C5:  d7 f7 d2 b5 00 00 00 00 - 41 3a 15 00 00 00 00 00  ........A:......
  00C6:  00 00 00 00 76 74 32 32 - 30 8c c2 12 1d 7f 00 00  ....vt220.......
  00C7:  61 27 1c 69 00 63 2d 43 - 00 65 70 7e 00 1d 9d ae  a'.i.c-C.ep~....
  00C8:  00 10 9f 3b 00 00 6c 62 - 00 01 68 dd 00 01 1f 4e  ...;..lb..h....N
  00C9:  08 00 ca 22 be 1a fe da - 46 54 50 c3 53 53 48 00  ..."....FTP.SSH.
  00CA:  50 7a 09 ac bf aa bb fa - c2 bc 45 b1 bc c6 cd f8  Pz........E.....
  00CB:  d7 f7 d2 b5 00 00 00 00 - 41 3a 15 00 00 00 00 00  ........A:......
  00CC:  00 00 00 00 76 74 32 32 - 30 8c c2 12 1d 7f 00 00  ....vt220.......
  00CD:  61 27 1c 69 00 3d b3 4a - 00 84 11 4a 00 3a 7f 01  a'.i.=.J...J.:..
  00CE:  00 84 a7 e2 00 01 b5 a3 - 00 01 01 28 00 00 8f ff  ...........(....
  00CF:  09 00 ca 22 be 1a fe da - d7 a8 d3 c3 53 53 48 00  ..."........SSH.
  00D0:  50 7a 09 ac bf aa bb fa - c2 bc 45 b1 bc c6 cd f8  Pz........E.....
  00D1:  d7 f7 d2 b5 00 00 00 00 - 41 3a 15 00 00 00 00 00  ........A:......
  00D2:  00 00 00 00 76 74 32 32 - 30 8c c2 12 1d 7f 00 00  ....vt220.......
  00D3:  61 27 1c 69 00 29 1d 14 - 00 24 82 17 00 3e d4 a4  a'.i.)...$...>..
  00D4:  00 97 02 7d 00 00 7d 50 - 00 00 11 b7 00 00 0f 2b  ...}..}P.......+
  00D5:  0a 00 ca 22 be 1a fe da - 53 53 48 c3 53 53 48 00  ..."....SSH.SSH.
  00D6:  50 7a 09 ac bf aa bb fa - c2 bc 45 b1 b8 df b3 cc  Pz........E.....
  00D7:  d7 f7 d2 b5 00 00 00 00 - 41 3a 15 00 00 00 00 00  ........A:......
  00D8:  00 00 00 00 76 74 31 30 - 30 8c c2 12 1d 7f 00 00  ....vt100.......
  00D9:  61 27 1c 69 00 2f 3d 3a - 00 49 c9 29 00 50 f4 0f  a'.i./=:.I.).P..
  00DA:  00 84 0c 17 00 01 93 38 - 00 01 23 ea 00 01 28 e1  .......8..#...(.
  00DB:  91 0a 02 64 00 0a 02 5c - 0a 0a 01 06 00 00 00 00  ...d...\........
  00DC:  b4 ae bf da d6 d5 b6 cb - 00 00 00 00 d5 fd b3 a3  ................
  00DD:  00 00 00 00 01 00 ca 22 - be 1a fe da 46 54 50 c3  ......."....FTP.
  00DE:  53 53 48 00 50 7a 09 ac - bf aa bb fa c2 bc 45 b1  SSH.Pz........E.
  00DF:  bb f9 bd f0 bf aa bb a7 - 00 00 00 00 41 3a 15 00  ............A:..
  00E0:  00 00 00 00 00 00 00 00 - 78 63 6f 64 65 8c c2 12  ........xcode...
  00E1:  1d 7f 00 00 61 27 1c 69 - 00 3d 1c 25 00 86 8e 0c  ....a'.i.=.%....
  00E2:  00 53 c0 43 00 8c 40 2c - 00 01 2e 93 00 01 04 0a  .S.C..@,........
  00E3:  00 00 b4 80 02 00 ca 22 - be 1a fe da d7 a8 d3 c3  ......."........
  00E4:  53 53 48 00 50 7a 09 ac - b9 d8 bb fa c2 bc 45 b1  SSH.Pz........E.
  00E5:  bb f9 bd f0 bf aa bb a7 - 00 00 00 00 41 3a 15 00  ............A:..
  00E6:  00 00 00 00 00 00 00 00 - 76 74 31 30 30 8c c2 12  ........vt100...
  00E7:  1d 7f 00 00 61 27 1c 69 - 00 05 ee e5 00 63 60 69  ....a'.i.....c`i
  00E8:  00 1c 77 e9 00 17 8e 71 - 00 00 51 d7 00 01 de 16  ..w....q..Q.....
  00E9:  00 01 de 6b 03 00 ca 22 - be 1a fe da d7 a8 d3 c3  ...k..."........
  00EA:  53 53 48 00 50 7a 09 ac - d2 d1 b5 c7 c2 bc 45 b1  SSH.Pz........E.
  00EB:  b8 df b3 cc d7 f7 d2 b5 - 00 00 00 00 41 3a 15 00  ............A:..
  00EC:  00 00 00 00 00 00 00 00 - 78 63 6f 64 65 8c c2 12  ........xcode...
  00ED:  1d 7f 00 00 61 27 1c 69 - 00 6d 06 d0 00 6c a3 23  ....a'.i.m...l.#
  00EE:  00 03 60 c4 00 52 6c 8b - 00 00 cd 4e 00 00 09 d9  ..`..Rl....N....
  00EF:  00 01 5c 88 04 00 ca 22 - be 1a fe da 53 53 48 c3  ..\...."....SSH.
  00F0:  53 53 48 00 50 7a 09 ac - b9 d8 bb fa c2 bc 45 b1  SSH.Pz........E.
  00F1:  bb f9 bd f0 bf aa bb a7 - 00 00 00 00 41 3a 15 00  ............A:..
  00F2:  00 00 00 00 00 00 00 00 - 76 74 31 30 30 8c c2 12  ........vt100...
  00F3:  1d 7f 00 00 61 27 1c 69 - 00 25 f4 95 00 30 e6 19  ....a'.i.%...0..
  00F4:  00 4d 1b 3c 00 1a 56 df - 00 01 46 59 00 00 7a a6  .M.<..V...FY..z.
  00F5:  00 00 7a cd 05 00 ca 22 - be 1a fe da 53 53 48 c3  ..z...."....SSH.
  00F6:  53 53 48 00 50 7a 09 ac - b9 d8 bb fa c2 bc 45 b1  SSH.Pz........E.
  00F7:  bc c6 cd f8 d7 f7 d2 b5 - 00 00 00 00 41 3a 15 00  ............A:..
  00F8:  00 00 00 00 00 00 00 00 - 76 74 32 32 30 8c c2 12  ........vt220...
  00F9:  1d 7f 00 00 61 27 1c 69 - 00 79 06 0a 00 1f 3f a4  ....a'.i.y....?.
  00FA:  00 38 9c d7 00 8f 85 60 - 00 01 36 4f 00 01 71 98  .8.....`..6O..q.
  00FB:  00 01 03 85 06 00 ca 22 - be 1a fe da 53 53 48 c3  ......."....SSH.
  00FC:  53 53 48 00 50 7a 09 ac - b9 d8 bb fa c2 bc 45 b1  SSH.Pz........E.
  00FD:  bb f9 bd f0 bf aa bb a7 - 00 00 00 00 41 3a 15 00  ............A:..
  00FE:  00 00 00 00 00 00 00 00 - 76 74 32 32 30 8c c2 12  ........vt220...
  00FF:  1d 7f 00 00 61 27 1c 69 - 00 49 fb 55 00 13 0e 21  ....a'.i.I.U...!
  0100:  00 20 e4 03 00 30 2b 6e - 00 00 5d 69 00 00 2f 9f  . ...0+n..]i../.
  0101:  00 00 a2 80 91 0a 03 84 - 00 08 03 7c 08 08 04 09  ...........|....
  0102:  00 00 00 00 b4 ae bf da - d6 d5 b6 cb 00 00 00 00  ................
  0103:  d5 fd b3 a3 00 00 00 00 - 01 00 ca 22 be 1a fe da  ..........."....
  0104:  d7 a8 d3 c3 53 53 48 00 - 50 7a 09 ac d2 d1 b5 c7  ....SSH.Pz......
  0105:  c2 bc 45 b1 b4 a2 d0 ee - cf b5 cd b3 00 00 00 00  ..E.............
  0106:  41 3a 15 00 00 00 00 00 - 00 00 00 00 76 74 31 30  A:..........vt10
  0107:  30 8c c2 12 1d 7f 00 00 - 61 27 1c 69 00 39 a2 2a  0.......a'.i.9.*
  0108:  00 44 6d 81 00 07 af df - 00 96 30 4b 00 00 d6 b4  .Dm.......0K....
  0109:  00 00 28 1f 00 01 de 15 - 02 00 ca 22 be 1a fe da  ..(........"....
  010A:  53 53 48 c3 53 53 48 00 - 50 7a 09 ac b9 d8 bb fa  SSH.SSH.Pz......
  010B:  c2 bc 45 b1 bb f9 bd f0 - bf aa bb a7 00 00 00 00  ..E.............
  010C:  41 3a 15 00 00 00 00 00 - 00 00 00 00 76 74 31 30  A:..........vt10
  010D:  30 8c c2 12 1d 7f 00 00 - 61 27 1c 69 00 16 ed 8f  0.......a'.i....
  010E:  00 80 25 7b 00 86 53 b9 - 00 5d 88 21 00 00 e8 90  ..%{..S..].!....
  010F:  00 00 c3 ae 00 00 bf b6 - 03 00 ca 22 be 1a fe da  ..........."....
  0110:  53 53 48 c3 53 53 48 00 - 50 7a 09 ac d2 d1 b5 c7  SSH.SSH.Pz......
  0111:  c2 bc 45 b1 bb f9 bd f0 - bf aa bb a7 00 00 00 00  ..E.............
  0112:  41 3a 15 00 00 00 00 00 - 00 00 00 00 76 74 31 30  A:..........vt10
  0113:  30 8c c2 12 1d 7f 00 00 - 61 27 1c 69 00 42 5e d1  0.......a'.i.B^.
  0114:  00 1c 12 25 00 45 3d 70 - 00 0e 6d 19 00 01 70 fa  ...%.E=p..m...p.
  0115:  00 01 85 9f 00 00 c2 1d - 04 00 ca 22 be 1a fe da  ..........."....
  0116:  d7 a8 d3 c3 53 53 48 00 - 50 7a 09 ac bf aa bb fa  ....SSH.Pz......
  0117:  c2 bc 45 b1 bc c6 cd f8 - d7 f7 d2 b5 00 00 00 00  ..E.............
  0118:  41 3a 15 00 00 00 00 00 - 00 00 00 00 76 74 31 30  A:..........vt10
  0119:  30 8c c2 12 1d 7f 00 00 - 61 27 1c 69 00 6d 0e 87  0.......a'.i.m..
  011A:  00 85 38 13 00 80 06 e4 - 00 10 d0 e7 00 01 81 68  ..8............h
  011B:  00 00 b4 fc 00 00 ce 5e - 05 00 ca 22 be 1a fe da  .......^..."....
  011C:  46 54 50 c3 53 53 48 00 - 50 7a 09 ac d2 d1 b5 c7  FTP.SSH.Pz......
  011D:  c2 bc 45 b1 bb f9 bd f0 - bf aa bb a7 00 00 00 00  ..E.............
  011E:  41 3a 15 00 00 00 00 00 - 00 00 00 00 76 74 31 30  A:..........vt10
  011F:  30 8c c2 12 1d 7f 00 00 - 61 27 1c 69 00 7a 5e 9d  0.......a'.i.z^.
  0120:  00 15 da 4e 00 14 c4 29 - 00 3c de 0b 00 00 a1 45  ...N...).<.....E
  0121:  00 00 a0 1b 00 01 13 bc - 06 00 ca 22 be 1a fe da  ..........."....
  0122:  46 54 50 c3 53 53 48 00 - 50 7a 09 ac d2 d1 b5 c7  FTP.SSH.Pz......
  0123:  c2 bc 45 b1 bb f9 bd f0 - bf aa bb a7 00 00 00 00  ..E.............
  0124:  41 3a 15 00 00 00 00 00 - 00 00 00 00 76 74 32 32  A:..........vt22
  0125:  30 8c c2 12 1d 7f 00 00 - 61 27 1c 69 00 7d 43 66  0.......a'.i.}Cf
  0126:  00 25 41 e6 00 79 8c 49 - 00 39 0a 45 00 00 72 43  .%A..y.I.9.E..rC
  0127:  00 01 82 f7 00 00 3a ad - 07 00 ca 22 be 1a fe da  ......:...."....
  0128:  53 53 48 c3 53 53 48 00 - 50 7a 09 ac bf aa bb fa  SSH.SSH.Pz......
  0129:  c2 bc 45 b1 bb f9 bd f0 - bf aa bb a7 00 00 00 00  ..E.............
  012A:  41 3a 15 00 00 00 00 00 - 00 00 00 00 76 74 31 30  A:..........vt10
  012B:  30 8c c2 12 1d 7f 00 00 - 61 27 1c 69 00 84 5f 8a  0.......a'.i.._.
  012C:  00 83 b1 dc 00 8c c2 c6 - 00 8b 62 c7 00 01 58 7a  ..........b...Xz
  012D:  00 00 11 64 00 01 46 2b - 08 00 ca 22 be 1a fe da  ...d..F+..."....
  012E:  46 54 50 c3 53 53 48 00 - 50 7a 09 ac b9 d8 bb fa  FTP.SSH.Pz......
  012F:  c2 bc 45 b1 b4 a2 d0 ee - cf b5 cd b3 00 00 00 00  ..E.............
  0130:  41 3a 15 00 00 00 00 00 - 00 00 00 00 76 74 31 30  A:..........vt10
  0131:  30 8c c2 12 1d 7f 00 00 - 61 27 1c 69 00 61 f2 27  0.......a'.i.a.'
  0132:  00 2b e2 d3 00 64 d5 3b - 00 7e c0 02 00 01 b4 cf  .+...d.;.~......
  0133:  00 01 09 a5 00 00 3a f7 - 09 00 ca 22 be 1a fe da  ......:...."....
  0134:  d7 a8 d3 c3 53 53 48 00 - 50 7a 09 ac bf aa bb fa  ....SSH.Pz......
  0135:  c2 bc 45 b1 bb f9 bd f0 - bf aa bb a7 00 00 00 00  ..E.............
  0136:  41 3a 15 00 00 00 00 00 - 00 00 00 00 78 63 6f 64  A:..........xcod
  0137:  65 8c c2 12 1d 7f 00 00 - 61 27 1c 69 00 94 04 7d  e.......a'.i...}
  0138:  00 88 b1 a3 00 17 17 07 - 00 64 74 f4 00 01 68 10  .........dt...h.
  0139:  00 00 68 12 00 00 0d 1a - 91 0a 03 24 00 07 03 1c  ..h........$....
  013A:  07 07 00 08 00 00 00 00 - b4 ae bf da d6 d5 b6 cb  ................
  013B:  00 00 00 00 d5 fd b3 a3 - 00 00 00 00 01 00 ca 22  ..............."
  013C:  be 1a fe da 46 54 50 c3 - 53 53 48 00 50 7a 09 ac  ....FTP.SSH.Pz..
  013D:  bf aa bb fa c2 bc 45 b1 - b4 a2 d0 ee cf b5 cd b3  ......E.........
  013E:  00 00 00 00 41 3a 15 00 - 00 00 00 00 00 00 00 00  ....A:..........
  013F:  76 74 31 30 30 8c c2 12 - 1d 7f 00 00 61 27 1c 69  vt100.......a'.i
  0140:  00 05 73 db 00 7b 05 17 - 00 0a 9d 83 00 2c 3c 58  ..s..{.......,<X
  0141:  00 00 92 5f 00 01 c9 f9 - 00 01 a9 7f 02 00 ca 22  ..._..........."
  0142:  be 1a fe da d7 a8 d3 c3 - 53 53 48 00 50 7a 09 ac  ........SSH.Pz..
  0143:  b9 d8 bb fa c2 bc 45 b1 - bb f9 bd f0 bf aa bb a7  ......E.........
  0144:  00 00 00 00 41 3a 15 00 - 00 00 00 00 00 00 00 00  ....A:..........
  0145:  76 74 31 30 30 8c c2 12 - 1d 7f 00 00 61 27 1c 69  vt100.......a'.i
  0146:  00 6e 6d 99 00 46 bb f9 - 00 14 dc 9e 00 62 80 4d  .nm..F.......b.M
  0147:  00 01 ac 96 00 00 72 62 - 00 01 c4 8a 03 00 ca 22  ......rb......."
  0148:  be 1a fe da d7 a8 d3 c3 - 53 53 48 00 50 7a 09 ac  ........SSH.Pz..
  0149:  b9 d8 bb fa c2 bc 45 b1 - b8 df b3 cc d7 f7 d2 b5  ......E.........
  014A:  00 00 00 00 41 3a 15 00 - 00 00 00 00 00 00 00 00  ....A:..........
  014B:  76 74 31 30 30 8c c2 12 - 1d 7f 00 00 61 27 1c 69  vt100.......a'.i
  014C:  00 23 c3 7b 00 46 ce d8 - 00 27 3e 0f 00 7a d6 2b  .#.{.F...'>..z.+
  014D:  00 00 8f fd 00 00 55 f1 - 00 01 93 a1 04 00 ca 22  ......U........"
  014E:  be 1a fe da 46 54 50 c3 - 53 53 48 00 50 7a 09 ac  ....FTP.SSH.Pz..
  014F:  d2 d1 b5 c7 c2 bc 45 b1 - b4 a2 d0 ee cf b5 cd b3  ......E.........
  0150:  00 00 00 00 41 3a 15 00 - 00 00 00 00 00 00 00 00  ....A:..........
  0151:  78 63 6f 64 65 8c c2 12 - 1d 7f 00 00 61 27 1c 69  xcode.......a'.i
  0152:  00 8d 94 4f 00 5f 2e d5 - 00 25 78 df 00 8b 74 c8  ...O._...%x...t.
  0153:  00 00 e3 14 00 01 10 d1 - 00 00 6a 3c 05 00 ca 22  ..........j<..."
  0154:  be 1a fe da 53 53 48 c3 - 53 53 48 00 50 7a 09 ac  ....SSH.SSH.Pz..
  0155:  bf aa bb fa c2 bc 45 b1 - bb f9 bd f0 bf aa bb a7  ......E.........
  0156:  00 00 00 00 41 3a 15 00 - 00 00 00 00 00 00 00 00  ....A:..........
  0157:  78 63 6f 64 65 8c c2 12 - 1d 7f 00 00 61 27 1c 69  xcode.......a'.i
  0158:  00 5b c0 31 00 68 85 62 - 00 03 df a5 00 3a db 53  .[.1.h.b.....:.S
  0159:  00 00 d4 ec 00 01 9e df - 00 00 44 7c 06 00 ca 22  ..........D|..."
  015A:  be 1a fe da d7 a8 d3 c3 - 53 53 48 00 50 7a 09 ac  ........SSH.Pz..
  015B:  d2 d1 b5 c7 c2 bc 45 b1 - bc c6 cd f8 d7 f7 d2 b5  ......E.........
  015C:  00 00 00 00 41 3a 15 00 - 00 00 00 00 00 00 00 00  ....A:..........
  015D:  76 74 32 32 30 8c c2 12 - 1d 7f 00 00 61 27 1c 69  vt220.......a'.i
  015E:  00 70 0b b8 00 83 db a2 - 00 09 b0 c0 00 06 d1 a9  .p..............
  015F:  00 01 97 c4 00 00 f0 aa - 00 00 58 36 07 00 ca 22  ..........X6..."
  0160:  be 1a fe da 53 53 48 c3 - 53 53 48 00 50 7a 09 ac  ....SSH.SSH.Pz..
  0161:  b9 d8 bb fa c2 bc 45 b1 - bb f9 bd f0 bf aa bb a7  ......E.........
  0162:  00 00 00 00 41 3a 15 00 - 00 00 00 00 00 00 00 00  ....A:..........
  0163:  78 63 6f 64 65 8c c2 12 - 1d 7f 00 00 61 27 1c 69  xcode.......a'.i
  0164:  00 82 95 0a 00 98 0a 0e - 00 8d 7a ea 00 0c cd 9b  ..........z.....
  0165:  00 01 c6 8a 00 00 de 80 - 00 01 87 2e 08 00 ca 22  ..............."
  0166:  be 1a fe da 53 53 48 c3 - 53 53 48 00 50 7a 09 ac  ....SSH.SSH.Pz..
  0167:  d2 d1 b5 c7 c2 bc 45 b1 - b4 a2 d0 ee cf b5 cd b3  ......E.........
  0168:  00 00 00 00 41 3a 15 00 - 00 00 00 00 00 00 00 00  ....A:..........
  0169:  76 74 31 30 30 8c c2 12 - 1d 7f 00 00 61 27 1c 69  vt100.......a'.i
  016A:  00 30 5e b4 00 78 1b b3 - 00 33 72 af 00 48 8b d3  .0^..x...3r..H..
  016B:  00 00 79 b0 00 01 2d 99 - 00 00 76 fc 91 0a 03 e4  ..y...-...v.....
  016C:  00 06 03 dc 06 06 06 0a - 00 00 00 00 b4 ae bf da  ................
  016D:  d6 d5 b6 cb 00 00 00 00 - d5 fd b3 a3 00 00 00 00  ................
  016E:  01 00 ca 22 be 1a fe da - 46 54 50 c3 53 53 48 00  ..."....FTP.SSH.
  016F:  50 7a 09 ac d2 d1 b5 c7 - c2 bc 45 b1 b8 df b3 cc  Pz........E.....
  0170:  d7 f7 d2 b5 00 00 00 00 - 41 3a 15 00 00 00 00 00  ........A:......
  0171:  00 00 00 00 76 74 31 30 - 30 8c c2 12 1d 7f 00 00  ....vt100.......
  0172:  61 27 1c 69 00 0c 2f 47 - 00 15 06 d4 00 69 57 4e  a'.i../G.....iWN
  0173:  00 69 4b 71 00 00 f7 1a - 00 01 63 a4 00 00 8e 3b  .iKq......c....;
  0174:  02 00 ca 22 be 1a fe da - 53 53 48 c3 53 53 48 00  ..."....SSH.SSH.
  0175:  50 7a 09 ac d2 d1 b5 c7 - c2 bc 45 b1 bc c6 cd f8  Pz........E.....
  0176:  d7 f7 d2 b5 00 00 00 00 - 41 3a 15 00 00 00 00 00  ........A:......
  0177:  00 00 00 00 76 74 32 32 - 30 8c c2 12 1d 7f 00 00  ....vt220.......
  0178:  61 27 1c 69 00 4b 2b 0e - 00 67 fd 45 00 13 27 52  a'.i.K+..g.E..'R
  0179:  00 77 aa 1d 00 00 34 25 - 00 00 45 55 00 00 93 d1  .w....4%..EU....
  017A:  03 00 ca 22 be 1a fe da - d7 a8 d3 c3 53 53 48 00  ..."........SSH.
  017B:  50 7a 09 ac b9 d8 bb fa - c2 bc 45 b1 bb f9 bd f0  Pz........E.....
  017C:  bf aa bb a7 00 00 00 00 - 41 3a 15 00 00 00 00 00  ........A:......
  017D:  00 00 00 00 78 63 6f 64 - 65 8c c2 12 1d 7f 00 00  ....xcode.......
  017E:  61 27 1c 69 00 8b 80 9d - 00 04 f5 a1 00 17 56 b0  a'.i..........V.
  017F:  00 84 e8 7a 00 01 55 16 - 00 01 83 3a 00 01 e0 d7  ...z..U....:....
  0180:  04 00 ca 22 be 1a fe da - 53 53 48 c3 53 53 48 00  ..."....SSH.SSH.
  0181:  50 7a 09 ac b9 d8 bb fa - c2 bc 45 b1 b8 df b3 cc  Pz........E.....
  0182:  d7 f7 d2 b5 00 00 00 00 - 41 3a 15 00 00 00 00 00  ........A:......
  0183:  00 00 00 00 76 74 31 30 - 30 8c c2 12 1d 7f 00 00  ....vt100.......
  0184:  61 27 1c 69 00 0b 95 57 - 00 3f 7f 4f 00 2f a5 a3  a'.i...W.?.O./..
  0185:  00 15 0a 3b 00 00 b8 cb - 00 01 a9 cb 00 01 5c 49  ...;..........\I
  0186:  05 00 ca 22 be 1a fe da - d7 a8 d3 c3 53 53 48 00  ..."........SSH.
  0187:  50 7a 09 ac b9 d8 bb fa - c2 bc 45 b1 bc c6 cd f8  Pz........E.....
  0188:  d7 f7 d2 b5 00 00 00 00 - 41 3a 15 00 00 00 00 00  ........A:......
  0189:  00 00 00 00 76 74 31 30 - 30 8c c2 12 1d 7f 00 00  ....vt100.......
  018A:  61 27 1c 69 00 1b f7 50 - 00 8a 6d 34 00 37 57 cd  a'.i...P..m4.7W.
  018B:  00 34 b4 25 00 00 2a c5 - 00 01 52 66 00 00 e5 29  .4.%..*...Rf...)
  018C:  06 00 ca 22 be 1a fe da - 46 54 50 c3 53 53 48 00  ..."....FTP.SSH.
  018D:  50 7a 09 ac d2 d1 b5 c7 - c2 bc 45 b1 bc c6 cd f8  Pz........E.....
  018E:  d7 f7 d2 b5 00 00 00 00 - 41 3a 15 00 00 00 00 00  ........A:......
  018F:  00 00 00 00 76 74 31 30 - 30 8c c2 12 1d 7f 00 00  ....vt100.......
  0190:  61 27 1c 69 00 13 33 5f - 00 86 85 41 00 34 6a 22  a'.i..3_...A.4j"
  0191:  00 7c 32 5a 00 00 e3 d8 - 00 01 22 97 00 00 73 e2  .|2Z......"...s.
  0192:  07 00 ca 22 be 1a fe da - d7 a8 d3 c3 53 53 48 00  ..."........SSH.
  0193:  50 7a 09 ac d2 d1 b5 c7 - c2 bc 45 b1 bb f9 bd f0  Pz........E.....
  0194:  bf aa bb a7 00 00 00 00 - 41 3a 15 00 00 00 00 00  ........A:......
  0195:  00 00 00 00 76 74 31 30 - 30 8c c2 12 1d 7f 00 00  ....vt100.......
  0196:  61 27 1c 69 00 45 b6 04 - 00 8b da f4 00 14 a4 50  a'.i.E.........P
  0197:  00 24 3a 50 00 01 df 3d - 00 00 d4 72 00 01 21 ce  .$:P...=...r..!.
  0198:  08 00 ca 22 be 1a fe da - d7 a8 d3 c3 53 53 48 00  ..."........SSH.
  0199:  50 7a 09 ac b9 d8 bb fa - c2 bc 45 b1 b8 df b3 cc  Pz........E.....
  019A:  d7 f7 d2 b5 00 00 00 00 - 41 3a 15 00 00 00 00 00  ........A:......
  019B:  00 00 00 00 76 74 31 30 - 30 8c c2 12 1d 7f 00 00  ....vt100.......
  019C:  61 27 1c 69 00 5f c5 a7 - 00 7d b5 c4 00 59 55 ce  a'.i._...}...YU.
  019D:  00 37 7e 4d 00 00 74 ed - 00 00 14 b8 00 01 db bc  .7~M..t.........
  019E:  09 00 ca 22 be 1a fe da - 53 53 48 c3 53 53 48 00  ..."....SSH.SSH.
  019F:  50 7a 09 ac bf aa bb fa - c2 bc 45 b1 bc c6 cd f8  Pz........E.....
  01A0:  d7 f7 d2 b5 00 00 00 00 - 41 3a 15 00 00 00 00 00  ........A:......
  01A1:  00 00 00 00 76 74 32 32 - 30 8c c2 12 1d 7f 00 00  ....vt220.......
  01A2:  61 27 1c 69 00 88 46 e7 - 00 2a 2a 35 00 33 e7 4d  a'.i..F..**5.3.M
  01A3:  00 69 e8 3e 00 01 e0 18 - 00 00 47 c3 00 00 10 df  .i.>......G.....
  01A4:  0a 00 ca 22 be 1a fe da - d7 a8 d3 c3 53 53 48 00  ..."........SSH.
  01A5:  50 7a 09 ac bf aa bb fa - c2 bc 45 b1 b4 a2 d0 ee  Pz........E.....
  01A6:  cf b5 cd b3 00 00 00 00 - 41 3a 15 00 00 00 00 00  ........A:......
  01A7:  00 00 00 00 76 74 32 32 - 30 8c c2 12 1d 7f 00 00  ....vt220.......
  01A8:  61 27 1c 69 00 89 ba d9 - 00 05 86 f4 00 93 f1 c3  a'.i............
  01A9:  00 61 12 8c 00 01 0f c2 - 00 00 e5 d8 00 01 4a 26  .a............J&
  01AA:  91 0a 01 44 00 03 01 3c - 03 03 02 03 00 00 00 00  ...D...<........
  01AB:  b4 ae bf da d6 d5 b6 cb - 00 00 00 00 d5 fd b3 a3  ................
  01AC:  00 00 00 00 01 00 ca 22 - be 1a fe da 46 54 50 c3  ......."....FTP.
  01AD:  53 53 48 00 50 7a 09 ac - bf aa bb fa c2 bc 45 b1  SSH.Pz........E.
  01AE:  b8 df b3 cc d7 f7 d2 b5 - 00 00 00 00 41 3a 15 00  ............A:..
  01AF:  00 00 00 00 00 00 00 00 - 78 63 6f 64 65 8c c2 12  ........xcode...
  01B0:  1d 7f 00 00 61 27 1c 69 - 00 6e fd e7 00 22 f2 56  ....a'.i.n...".V
  01B1:  00 23 8d 46 00 2a 44 2b - 00 00 20 31 00 01 69 7c  .#.F.*D+.. 1..i|
  01B2:  00 00 6c 92 02 00 ca 22 - be 1a fe da d7 a8 d3 c3  ..l...."........
  01B3:  53 53 48 00 50 7a 09 ac - bf aa bb fa c2 bc 45 b1  SSH.Pz........E.
  01B4:  bb f9 bd f0 bf aa bb a7 - 00 00 00 00 41 3a 15 00  ............A:..
  01B5:  00 00 00 00 00 00 00 00 - 78 63 6f 64 65 8c c2 12  ........xcode...
  01B6:  1d 7f 00 00 61 27 1c 69 - 00 23 46 0d 00 45 d8 f0  ....a'.i.#F..E..
  01B7:  00 6b 83 50 00 71 f7 16 - 00 01 7d d4 00 00 bf 56  .k.P.q....}....V
  01B8:  00 01 57 af 03 00 ca 22 - be 1a fe da 46 54 50 c3  ..W...."....FTP.
  01B9:  53 53 48 00 50 7a 09 ac - b9 d8 bb fa c2 bc 45 b1  SSH.Pz........E.
  01BA:  bc c6 cd f8 d7 f7 d2 b5 - 00 00 00 00 41 3a 15 00  ............A:..
  01BB:  00 00 00 00 00 00 00 00 - 76 74 31 30 30 8c c2 12  ........vt100...
  01BC:  1d 7f 00 00 61 27 1c 69 - 00 70 58 32 00 42 e6 e1  ....a'.i.pX2.B..
  01BD:  00 42 3a 2b 00 6a fa 52 - 00 00 1e 6e 00 00 fb 4f  .B:+.j.R...n...O
  01BE:  00 01 9b 81 91 0a 01 44 - 00 01 01 3c 01 01 00 03  .......D...<....
  01BF:  00 00 00 00 b4 ae bf da - d6 d5 b6 cb 00 00 00 00  ................
  01C0:  b2 cb b5 a5 00 00 00 00 - 01 00 ca 22 be 1a fe da  ..........."....
  01C1:  d7 a8 d3 c3 53 53 48 00 - 50 7a 09 ac b9 d8 bb fa  ....SSH.Pz......
  01C2:  c2 bc 45 b1 bc c6 cd f8 - d7 f7 d2 b5 00 00 00 00  ..E.............
  01C3:  41 3a 15 00 00 00 00 00 - 00 00 00 00 76 74 31 30  A:..........vt10
  01C4:  30 8c c2 12 1d 7f 00 00 - 61 27 1c 69 00 17 20 e4  0.......a'.i.. .
  01C5:  00 68 60 e6 00 26 53 37 - 00 78 58 6d 00 00 6f f7  .h`..&S7.xXm..o.
  01C6:  00 00 fa b6 00 01 38 ba - 02 00 ca 22 be 1a fe da  ......8...."....
  01C7:  46 54 50 c3 53 53 48 00 - 50 7a 09 ac b9 d8 bb fa  FTP.SSH.Pz......
  01C8:  c2 bc 45 b1 b4 a2 d0 ee - cf b5 cd b3 00 00 00 00  ..E.............
  01C9:  41 3a 15 00 00 00 00 00 - 00 00 00 00 78 63 6f 64  A:..........xcod
  01CA:  65 8c c2 12 1d 7f 00 00 - 61 27 1c 69 00 51 5a 1d  e.......a'.i.QZ.
  01CB:  00 65 e9 80 00 2f 55 c4 - 00 86 86 77 00 00 13 7b  .e.../U....w...{
  01CC:  00 01 63 8f 00 00 eb 29 - 03 00 ca 22 be 1a fe da  ..c....)..."....
  01CD:  53 53 48 c3 53 53 48 00 - 50 7a 09 ac b9 d8 bb fa  SSH.SSH.Pz......
  01CE:  c2 bc 45 b1 bc c6 cd f8 - d7 f7 d2 b5 00 00 00 00  ..E.............
  01CF:  41 3a 15 00 00 00 00 00 - 00 00 00 00 76 74 31 30  A:..........vt10
  01D0:  30 8c c2 12 1d 7f 00 00 - 61 27 1c 69 00 42 8d 09  0.......a'.i.B..
  01D1:  00 58 07 3c 00 6e 33 94 - 00 2f 35 eb 00 00 54 64  .X.<.n3../5...Td
  01D2:  00 00 3d f2 00 01 45 13 -                          ..=...E.
12:45:30 [185174601] 读取8字节
12:45:30 [185174601] (读取数据为:)
  0000:  11 ff 00 08 00 00 00 00 -                          ........
12:45:30 [185174601] 收到客户端状态请求[intf=所有包均收到]
12:45:30 [185174601] 收到客户端状态应答[intf=所有包均收到 len=8(C-0)]
12:45:30 [185174601] 发送数据8字节
12:45:30 [185174601] (发送数据为:)
  0000:  91 ff 00 08 00 00 00 00 -                          ........
