22:43:11 [2925473] fork子进程开始[2021-08-26 22:43:11]
22:43:11 [185174601] Connected(192.168.1.242:51746) OK.
22:43:11 [185174601] 读取60字节
22:43:11 [185174601] 收到客户端状态请求[intf=认证请求]
22:43:11 [185174601] 收到客户端状态应答[intf=发认证串及基本配置信息 len=116(C-0)]
22:43:11 [185174601] 发送数据116字节
22:43:11 [185174601] 读取48字节
22:43:11 [185174601] 收到客户端状态请求[intf=取系统信息]
22:43:11 [185174601] 收到客户端状态请求[intf=取配置信息]
22:43:11 [185174601] 收到客户端状态请求[intf=取进程信息]
22:43:11 [185174601] 收到客户端状态请求[intf=取以太口信息(0)]
22:43:11 [185174601] 收到客户端状态请求[intf=取以太口信息(1)]
22:43:11 [185174601] 收到客户端状态请求[intf=取终端服务信息]
22:43:11 [185174601] 收到客户端状态应答[intf=发系统信息 len=28(C-0)]
22:43:11 [185174601] 收到客户端状态应答[intf=发配置信息 len=9(C-0)]
22:43:11 [185174601] 收到客户端状态应答[intf=发进程信息 len=9(C-0)]
22:43:11 [185174601] 收到客户端状态应答[intf=发以太口信息(1) len=132(C-0)]
22:43:11 [185174601] 收到客户端状态应答[intf=发以太口信息(0) len=132(C-0)]
22:43:11 [185174601] 收到客户端状态应答[intf=发终端服务信息 len=280(C-0)]
22:43:11 [185174601] 发送数据590字节
22:43:11 [185174601] 读取120字节
22:43:11 [185174601] 收到客户端状态请求[intf=取哑终端信息(1)]
22:43:11 [185174601] 收到客户端状态请求[intf=取哑终端信息(2)]
22:43:11 [185174601] 收到客户端状态请求[intf=取哑终端信息(3)]
22:43:11 [185174601] 收到客户端状态请求[intf=取哑终端信息(4)]
22:43:11 [185174601] 收到客户端状态请求[intf=取哑终端信息(5)]
22:43:11 [185174601] 收到客户端状态请求[intf=取哑终端信息(6)]
22:43:11 [185174601] 收到客户端状态请求[intf=取哑终端信息(7)]
22:43:11 [185174601] 收到客户端状态请求[intf=取哑终端信息(8)]
22:43:11 [185174601] 收到客户端状态请求[intf=取哑终端信息(10)]
22:43:11 [185174601] 收到客户端状态请求[intf=取哑终端信息(11)]
22:43:11 [185174601] 收到客户端状态请求[intf=取哑终端信息(12)]
22:43:11 [185174601] 收到客户端状态请求[intf=取哑终端信息(13)]
22:43:11 [185174601] 收到客户端状态请求[intf=取哑终端信息(14)]
22:43:11 [185174601] 收到客户端状态请求[intf=取哑终端信息(15)]
22:43:11 [185174601] 收到客户端状态请求[intf=取哑终端信息(16)]
22:43:11 [185174601] 收到客户端状态应答[intf=发哑终端信息(16) len=996(C-0)]
22:43:11 [185174601] 收到客户端状态应答[intf=发哑终端信息(15) len=420(C-0)]
22:43:11 [185174601] 收到客户端状态应答[intf=发哑终端信息(14) len=708(C-0)]
22:43:11 [185174601] 收到客户端状态应答[intf=发哑终端信息(13) len=900(C-0)]
22:43:11 [185174601] 收到客户端状态应答[intf=发哑终端信息(12) len=900(C-0)]
22:43:11 [185174601] 收到客户端状态应答[intf=发哑终端信息(11) len=900(C-0)]
22:43:11 [185174601] 收到客户端状态应答[intf=发哑终端信息(10) len=708(C-0)]
22:43:11 [185174601] 收到客户端状态应答[intf=发哑终端信息(8) len=324(C-0)]
22:43:11 [185174601] 收到客户端状态应答[intf=发哑终端信息(7) len=804(C-0)]
22:43:11 [185174601] 收到客户端状态应答[intf=发哑终端信息(6) len=996(C-0)]
22:43:11 [185174601] 收到客户端状态应答[intf=发哑终端信息(5) len=516(C-0)]
22:43:11 [185174601] 发送数据8172字节
22:43:11 [185174601] 收到客户端状态应答[intf=发哑终端信息(4) len=708(C-0)]
22:43:11 [185174601] 收到客户端状态应答[intf=发哑终端信息(3) len=804(C-0)]
22:43:11 [185174601] 收到客户端状态应答[intf=发哑终端信息(2) len=900(C-0)]
22:43:11 [185174601] 收到客户端状态应答[intf=发哑终端信息(1) len=804(C-0)]
22:43:11 [185174601] 发送数据3216字节
22:43:12 [185174601] 读取8字节
22:43:12 [185174601] 收到客户端状态请求[intf=所有包均收到]
22:43:12 [185174601] 收到客户端状态应答[intf=所有包均收到 len=8(C-0)]
22:43:12 [185174601] 发送数据8字节
22:43:12 [2925473] 本次子进程回收全部完成(0/1/1).
22:43:12 [2925473] fork子进程结束[2021-08-26 22:43:12]，总数=1，耗时=1秒
22:45:49 [2925505] fork子进程开始[2021-08-26 22:45:49]
22:45:49 [185174601] Connected(192.168.1.242:51746) OK.
22:45:49 [185174601] 读取60字节
22:45:49 [185174601] 收到客户端状态请求[intf=认证请求]
22:45:49 [185174601] 收到客户端状态应答[intf=发认证串及基本配置信息 len=116(C-0)]
22:45:49 [185174601] 发送数据116字节
22:45:49 [185174601] 读取48字节
22:45:49 [185174601] 收到客户端状态请求[intf=取系统信息]
22:45:49 [185174601] 收到客户端状态请求[intf=取配置信息]
22:45:49 [185174601] 收到客户端状态请求[intf=取进程信息]
22:45:49 [185174601] 收到客户端状态请求[intf=取以太口信息(0)]
22:45:49 [185174601] 收到客户端状态请求[intf=取以太口信息(1)]
22:45:49 [185174601] 收到客户端状态请求[intf=取终端服务信息]
22:45:49 [185174601] 收到客户端状态应答[intf=发系统信息 len=28(C-0)]
22:45:49 [185174601] 收到客户端状态应答[intf=发配置信息 len=9(C-0)]
22:45:49 [185174601] 收到客户端状态应答[intf=发进程信息 len=9(C-0)]
22:45:49 [185174601] 收到客户端状态应答[intf=发以太口信息(1) len=132(C-0)]
22:45:49 [185174601] 收到客户端状态应答[intf=发以太口信息(0) len=132(C-0)]
22:45:49 [185174601] 收到客户端状态应答[intf=发终端服务信息 len=280(C-0)]
22:45:49 [185174601] 发送数据590字节
22:45:49 [185174601] 读取120字节
22:45:49 [185174601] 收到客户端状态请求[intf=取哑终端信息(1)]
22:45:49 [185174601] 收到客户端状态请求[intf=取哑终端信息(2)]
22:45:49 [185174601] 收到客户端状态请求[intf=取哑终端信息(3)]
22:45:49 [185174601] 收到客户端状态请求[intf=取哑终端信息(4)]
22:45:49 [185174601] 收到客户端状态请求[intf=取哑终端信息(5)]
22:45:49 [185174601] 收到客户端状态请求[intf=取哑终端信息(6)]
22:45:49 [185174601] 收到客户端状态请求[intf=取哑终端信息(7)]
22:45:49 [185174601] 收到客户端状态请求[intf=取哑终端信息(8)]
22:45:49 [185174601] 收到客户端状态请求[intf=取哑终端信息(10)]
22:45:49 [185174601] 收到客户端状态请求[intf=取哑终端信息(11)]
22:45:49 [185174601] 收到客户端状态请求[intf=取哑终端信息(12)]
22:45:49 [185174601] 收到客户端状态请求[intf=取哑终端信息(13)]
22:45:49 [185174601] 收到客户端状态请求[intf=取哑终端信息(14)]
22:45:49 [185174601] 收到客户端状态请求[intf=取哑终端信息(15)]
22:45:49 [185174601] 收到客户端状态请求[intf=取哑终端信息(16)]
22:45:49 [185174601] 收到客户端状态应答[intf=发哑终端信息(16) len=996(C-0)]
22:45:49 [185174601] 收到客户端状态应答[intf=发哑终端信息(15) len=420(C-0)]
22:45:49 [185174601] 收到客户端状态应答[intf=发哑终端信息(14) len=708(C-0)]
22:45:49 [185174601] 收到客户端状态应答[intf=发哑终端信息(13) len=900(C-0)]
22:45:49 [185174601] 收到客户端状态应答[intf=发哑终端信息(12) len=900(C-0)]
22:45:49 [185174601] 收到客户端状态应答[intf=发哑终端信息(11) len=900(C-0)]
22:45:49 [185174601] 收到客户端状态应答[intf=发哑终端信息(10) len=708(C-0)]
22:45:49 [185174601] 收到客户端状态应答[intf=发哑终端信息(8) len=324(C-0)]
22:45:49 [185174601] 收到客户端状态应答[intf=发哑终端信息(7) len=804(C-0)]
22:45:49 [185174601] 收到客户端状态应答[intf=发哑终端信息(6) len=996(C-0)]
22:45:49 [185174601] 收到客户端状态应答[intf=发哑终端信息(5) len=516(C-0)]
22:45:49 [185174601] 发送数据8172字节
22:45:49 [185174601] 收到客户端状态应答[intf=发哑终端信息(4) len=708(C-0)]
22:45:49 [185174601] 收到客户端状态应答[intf=发哑终端信息(3) len=804(C-0)]
22:45:49 [185174601] 收到客户端状态应答[intf=发哑终端信息(2) len=900(C-0)]
22:45:49 [185174601] 收到客户端状态应答[intf=发哑终端信息(1) len=804(C-0)]
22:45:49 [185174601] 发送数据3216字节
22:45:50 [185174601] 读取8字节
22:45:50 [185174601] 收到客户端状态请求[intf=所有包均收到]
22:45:50 [185174601] 收到客户端状态应答[intf=所有包均收到 len=8(C-0)]
22:45:50 [185174601] 发送数据8字节
22:45:50 [2925505] 本次子进程回收全部完成(0/1/1).
22:45:50 [2925505] fork子进程结束[2021-08-26 22:45:50]，总数=1，耗时=1秒
22:45:58 [2925508] fork子进程开始[2021-08-26 22:45:58]
22:45:58 [185174601] Connected(192.168.1.242:51746) OK.
22:45:58 [185174601] 读取60字节
22:45:58 [185174601] 收到客户端状态请求[intf=认证请求]
22:45:58 [185174601] 收到客户端状态应答[intf=发认证串及基本配置信息 len=116(C-0)]
22:45:58 [185174601] 发送数据116字节
22:45:58 [185174601] 读取48字节
22:45:58 [185174601] 收到客户端状态请求[intf=取系统信息]
22:45:58 [185174601] 收到客户端状态请求[intf=取配置信息]
22:45:58 [185174601] 收到客户端状态请求[intf=取进程信息]
22:45:58 [185174601] 收到客户端状态请求[intf=取以太口信息(0)]
22:45:58 [185174601] 收到客户端状态请求[intf=取以太口信息(1)]
22:45:58 [185174601] 收到客户端状态请求[intf=取终端服务信息]
22:45:58 [185174601] 收到客户端状态应答[intf=发系统信息 len=28(C-0)]
22:45:58 [185174601] 收到客户端状态应答[intf=发配置信息 len=9(C-0)]
22:45:58 [185174601] 收到客户端状态应答[intf=发进程信息 len=9(C-0)]
22:45:58 [185174601] 收到客户端状态应答[intf=发以太口信息(1) len=132(C-0)]
22:45:58 [185174601] 收到客户端状态应答[intf=发以太口信息(0) len=132(C-0)]
22:45:58 [185174601] 收到客户端状态应答[intf=发终端服务信息 len=280(C-0)]
22:45:58 [185174601] 发送数据590字节
22:45:58 [185174601] 读取120字节
22:45:58 [185174601] 收到客户端状态请求[intf=取哑终端信息(1)]
22:45:58 [185174601] 收到客户端状态请求[intf=取哑终端信息(2)]
22:45:58 [185174601] 收到客户端状态请求[intf=取哑终端信息(3)]
22:45:58 [185174601] 收到客户端状态请求[intf=取哑终端信息(4)]
22:45:58 [185174601] 收到客户端状态请求[intf=取哑终端信息(5)]
22:45:58 [185174601] 收到客户端状态请求[intf=取哑终端信息(6)]
22:45:58 [185174601] 收到客户端状态请求[intf=取哑终端信息(7)]
22:45:58 [185174601] 收到客户端状态请求[intf=取哑终端信息(8)]
22:45:58 [185174601] 收到客户端状态请求[intf=取哑终端信息(10)]
22:45:58 [185174601] 收到客户端状态请求[intf=取哑终端信息(11)]
22:45:58 [185174601] 收到客户端状态请求[intf=取哑终端信息(12)]
22:45:58 [185174601] 收到客户端状态请求[intf=取哑终端信息(13)]
22:45:58 [185174601] 收到客户端状态请求[intf=取哑终端信息(14)]
22:45:58 [185174601] 收到客户端状态请求[intf=取哑终端信息(15)]
22:45:58 [185174601] 收到客户端状态请求[intf=取哑终端信息(16)]
22:45:58 [185174601] 收到客户端状态应答[intf=发哑终端信息(16) len=996(C-0)]
22:45:58 [185174601] 收到客户端状态应答[intf=发哑终端信息(15) len=420(C-0)]
22:45:58 [185174601] 收到客户端状态应答[intf=发哑终端信息(14) len=708(C-0)]
22:45:58 [185174601] 收到客户端状态应答[intf=发哑终端信息(13) len=900(C-0)]
22:45:58 [185174601] 收到客户端状态应答[intf=发哑终端信息(12) len=900(C-0)]
22:45:58 [185174601] 收到客户端状态应答[intf=发哑终端信息(11) len=900(C-0)]
22:45:58 [185174601] 收到客户端状态应答[intf=发哑终端信息(10) len=708(C-0)]
22:45:58 [185174601] 收到客户端状态应答[intf=发哑终端信息(8) len=324(C-0)]
22:45:58 [185174601] 收到客户端状态应答[intf=发哑终端信息(7) len=804(C-0)]
22:45:58 [185174601] 收到客户端状态应答[intf=发哑终端信息(6) len=996(C-0)]
22:45:58 [185174601] 收到客户端状态应答[intf=发哑终端信息(5) len=516(C-0)]
22:45:58 [185174601] 发送数据8172字节
22:45:58 [185174601] 收到客户端状态应答[intf=发哑终端信息(4) len=708(C-0)]
22:45:58 [185174601] 收到客户端状态应答[intf=发哑终端信息(3) len=804(C-0)]
22:45:58 [185174601] 收到客户端状态应答[intf=发哑终端信息(2) len=900(C-0)]
22:45:58 [185174601] 收到客户端状态应答[intf=发哑终端信息(1) len=804(C-0)]
22:45:58 [185174601] 发送数据3216字节
22:45:59 [185174601] 读取8字节
22:45:59 [185174601] 收到客户端状态请求[intf=所有包均收到]
22:45:59 [185174601] 收到客户端状态应答[intf=所有包均收到 len=8(C-0)]
22:45:59 [185174601] 发送数据8字节
22:45:59 [2925508] 本次子进程回收全部完成(0/1/1).
22:45:59 [2925508] fork子进程结束[2021-08-26 22:45:59]，总数=1，耗时=1秒
22:46:10 [2925512] fork子进程开始[2021-08-26 22:46:10]
22:46:10 [185174601] Connected(192.168.1.242:51746) OK.
22:46:10 [185174601] 读取60字节
22:46:10 [185174601] 收到客户端状态请求[intf=认证请求]
22:46:10 [185174601] 收到客户端状态应答[intf=发认证串及基本配置信息 len=116(C-0)]
22:46:10 [185174601] 发送数据116字节
22:46:10 [185174601] 读取48字节
22:46:10 [185174601] 收到客户端状态请求[intf=取系统信息]
22:46:10 [185174601] 收到客户端状态请求[intf=取配置信息]
22:46:10 [185174601] 收到客户端状态请求[intf=取进程信息]
22:46:10 [185174601] 收到客户端状态请求[intf=取以太口信息(0)]
22:46:10 [185174601] 收到客户端状态请求[intf=取以太口信息(1)]
22:46:10 [185174601] 收到客户端状态请求[intf=取终端服务信息]
22:46:10 [185174601] 收到客户端状态应答[intf=发系统信息 len=28(C-0)]
22:46:10 [185174601] 收到客户端状态应答[intf=发配置信息 len=9(C-0)]
22:46:10 [185174601] 收到客户端状态应答[intf=发进程信息 len=9(C-0)]
22:46:10 [185174601] 收到客户端状态应答[intf=发以太口信息(1) len=132(C-0)]
22:46:10 [185174601] 收到客户端状态应答[intf=发以太口信息(0) len=132(C-0)]
22:46:10 [185174601] 收到客户端状态应答[intf=发终端服务信息 len=280(C-0)]
22:46:10 [185174601] 发送数据590字节
22:46:10 [185174601] 读取120字节
22:46:10 [185174601] 收到客户端状态请求[intf=取哑终端信息(1)]
22:46:10 [185174601] 收到客户端状态请求[intf=取哑终端信息(2)]
22:46:10 [185174601] 收到客户端状态请求[intf=取哑终端信息(3)]
22:46:10 [185174601] 收到客户端状态请求[intf=取哑终端信息(4)]
22:46:10 [185174601] 收到客户端状态请求[intf=取哑终端信息(5)]
22:46:10 [185174601] 收到客户端状态请求[intf=取哑终端信息(6)]
22:46:10 [185174601] 收到客户端状态请求[intf=取哑终端信息(7)]
22:46:10 [185174601] 收到客户端状态请求[intf=取哑终端信息(8)]
22:46:10 [185174601] 收到客户端状态请求[intf=取哑终端信息(10)]
22:46:10 [185174601] 收到客户端状态请求[intf=取哑终端信息(11)]
22:46:10 [185174601] 收到客户端状态请求[intf=取哑终端信息(12)]
22:46:10 [185174601] 收到客户端状态请求[intf=取哑终端信息(13)]
22:46:10 [185174601] 收到客户端状态请求[intf=取哑终端信息(14)]
22:46:10 [185174601] 收到客户端状态请求[intf=取哑终端信息(15)]
22:46:10 [185174601] 收到客户端状态请求[intf=取哑终端信息(16)]
22:46:10 [185174601] 收到客户端状态应答[intf=发哑终端信息(16) len=996(C-0)]
22:46:10 [185174601] 收到客户端状态应答[intf=发哑终端信息(15) len=420(C-0)]
22:46:10 [185174601] 收到客户端状态应答[intf=发哑终端信息(14) len=708(C-0)]
22:46:10 [185174601] 收到客户端状态应答[intf=发哑终端信息(13) len=900(C-0)]
22:46:10 [185174601] 收到客户端状态应答[intf=发哑终端信息(12) len=900(C-0)]
22:46:10 [185174601] 收到客户端状态应答[intf=发哑终端信息(11) len=900(C-0)]
22:46:10 [185174601] 收到客户端状态应答[intf=发哑终端信息(10) len=708(C-0)]
22:46:10 [185174601] 收到客户端状态应答[intf=发哑终端信息(8) len=324(C-0)]
22:46:10 [185174601] 收到客户端状态应答[intf=发哑终端信息(7) len=804(C-0)]
22:46:10 [185174601] 收到客户端状态应答[intf=发哑终端信息(6) len=996(C-0)]
22:46:10 [185174601] 收到客户端状态应答[intf=发哑终端信息(5) len=516(C-0)]
22:46:10 [185174601] 发送数据8172字节
22:46:10 [185174601] 收到客户端状态应答[intf=发哑终端信息(4) len=708(C-0)]
22:46:10 [185174601] 收到客户端状态应答[intf=发哑终端信息(3) len=804(C-0)]
22:46:10 [185174601] 收到客户端状态应答[intf=发哑终端信息(2) len=900(C-0)]
22:46:10 [185174601] 收到客户端状态应答[intf=发哑终端信息(1) len=804(C-0)]
22:46:10 [185174601] 发送数据3216字节
22:46:10 [185174601] 读取8字节
22:46:10 [185174601] 收到客户端状态请求[intf=所有包均收到]
22:46:10 [185174601] 收到客户端状态应答[intf=所有包均收到 len=8(C-0)]
22:46:10 [185174601] 发送数据8字节
22:46:10 [2925512] 本次子进程回收全部完成(0/1/1).
22:46:10 [2925512] fork子进程结束[2021-08-26 22:46:10]，总数=1，耗时=0秒
22:52:00 [2925579] fork子进程开始[2021-08-26 22:52:00]
22:52:00 [185174601] Connected(192.168.1.242:51746) OK.
22:52:00 [185174601] 读取60字节
22:52:00 [185174601] 收到客户端状态请求[intf=认证请求]
22:52:00 [185174601] 收到客户端状态应答[intf=发认证串及基本配置信息 len=116(C-0)]
22:52:00 [185174601] 发送数据116字节
22:52:00 [185174601] 读取48字节
22:52:00 [185174601] 收到客户端状态请求[intf=取系统信息]
22:52:00 [185174601] 收到客户端状态请求[intf=取配置信息]
22:52:00 [185174601] 收到客户端状态请求[intf=取进程信息]
22:52:00 [185174601] 收到客户端状态请求[intf=取以太口信息(0)]
22:52:00 [185174601] 收到客户端状态请求[intf=取以太口信息(1)]
22:52:00 [185174601] 收到客户端状态请求[intf=取终端服务信息]
22:52:00 [185174601] 收到客户端状态应答[intf=发系统信息 len=28(C-0)]
22:52:00 [185174601] 收到客户端状态应答[intf=发配置信息 len=9(C-0)]
22:52:00 [185174601] 收到客户端状态应答[intf=发进程信息 len=9(C-0)]
22:52:00 [185174601] 收到客户端状态应答[intf=发以太口信息(1) len=132(C-0)]
22:52:00 [185174601] 收到客户端状态应答[intf=发以太口信息(0) len=132(C-0)]
22:52:00 [185174601] 收到客户端状态应答[intf=发终端服务信息 len=280(C-0)]
22:52:00 [185174601] 发送数据590字节
22:52:00 [185174601] 读取120字节
22:52:00 [185174601] 收到客户端状态请求[intf=取哑终端信息(1)]
22:52:00 [185174601] 收到客户端状态请求[intf=取哑终端信息(2)]
22:52:00 [185174601] 收到客户端状态请求[intf=取哑终端信息(3)]
22:52:00 [185174601] 收到客户端状态请求[intf=取哑终端信息(4)]
22:52:00 [185174601] 收到客户端状态请求[intf=取哑终端信息(5)]
22:52:00 [185174601] 收到客户端状态请求[intf=取哑终端信息(6)]
22:52:00 [185174601] 收到客户端状态请求[intf=取哑终端信息(7)]
22:52:00 [185174601] 收到客户端状态请求[intf=取哑终端信息(8)]
22:52:00 [185174601] 收到客户端状态请求[intf=取哑终端信息(10)]
22:52:00 [185174601] 收到客户端状态请求[intf=取哑终端信息(11)]
22:52:00 [185174601] 收到客户端状态请求[intf=取哑终端信息(12)]
22:52:00 [185174601] 收到客户端状态请求[intf=取哑终端信息(13)]
22:52:00 [185174601] 收到客户端状态请求[intf=取哑终端信息(14)]
22:52:00 [185174601] 收到客户端状态请求[intf=取哑终端信息(15)]
22:52:00 [185174601] 收到客户端状态请求[intf=取哑终端信息(16)]
22:52:00 [185174601] 收到客户端状态应答[intf=发哑终端信息(16) len=996(C-0)]
22:52:00 [185174601] 收到客户端状态应答[intf=发哑终端信息(15) len=420(C-0)]
22:52:00 [185174601] 收到客户端状态应答[intf=发哑终端信息(14) len=708(C-0)]
22:52:00 [185174601] 收到客户端状态应答[intf=发哑终端信息(13) len=900(C-0)]
22:52:00 [185174601] 收到客户端状态应答[intf=发哑终端信息(12) len=900(C-0)]
22:52:00 [185174601] 收到客户端状态应答[intf=发哑终端信息(11) len=900(C-0)]
22:52:00 [185174601] 收到客户端状态应答[intf=发哑终端信息(10) len=708(C-0)]
22:52:00 [185174601] 收到客户端状态应答[intf=发哑终端信息(8) len=324(C-0)]
22:52:00 [185174601] 收到客户端状态应答[intf=发哑终端信息(7) len=804(C-0)]
22:52:00 [185174601] 收到客户端状态应答[intf=发哑终端信息(6) len=996(C-0)]
22:52:00 [185174601] 收到客户端状态应答[intf=发哑终端信息(5) len=516(C-0)]
22:52:00 [185174601] 发送数据8172字节
22:52:00 [185174601] 收到客户端状态应答[intf=发哑终端信息(4) len=708(C-0)]
22:52:00 [185174601] 收到客户端状态应答[intf=发哑终端信息(3) len=804(C-0)]
22:52:00 [185174601] 收到客户端状态应答[intf=发哑终端信息(2) len=900(C-0)]
22:52:00 [185174601] 收到客户端状态应答[intf=发哑终端信息(1) len=804(C-0)]
22:52:00 [185174601] 发送数据3216字节
22:52:01 [185174601] 读取8字节
22:52:01 [185174601] 收到客户端状态请求[intf=所有包均收到]
22:52:01 [185174601] 收到客户端状态应答[intf=所有包均收到 len=8(C-0)]
22:52:01 [185174601] 发送数据8字节
22:52:01 [2925579] 本次子进程回收全部完成(0/1/1).
22:52:01 [2925579] fork子进程结束[2021-08-26 22:52:01]，总数=1，耗时=1秒
22:52:01 [2925579] fork子进程开始[2021-08-26 22:52:01]
22:52:01 [185174601] Connected(192.168.1.242:51746) OK.
22:52:01 [185174601] 读取60字节
22:52:01 [185174601] 收到客户端状态请求[intf=认证请求]
22:52:01 [185174601] 收到客户端状态应答[intf=发认证串及基本配置信息 len=116(C-0)]
22:52:01 [185174601] 发送数据116字节
22:52:01 [185174601] 读取48字节
22:52:01 [185174601] 收到客户端状态请求[intf=取系统信息]
22:52:01 [185174601] 收到客户端状态请求[intf=取配置信息]
22:52:01 [185174601] 收到客户端状态请求[intf=取进程信息]
22:52:01 [185174601] 收到客户端状态请求[intf=取以太口信息(0)]
22:52:01 [185174601] 收到客户端状态请求[intf=取以太口信息(1)]
22:52:01 [185174601] 收到客户端状态请求[intf=取终端服务信息]
22:52:01 [185174601] 收到客户端状态应答[intf=发系统信息 len=28(C-0)]
22:52:01 [185174601] 收到客户端状态应答[intf=发配置信息 len=9(C-0)]
22:52:01 [185174601] 收到客户端状态应答[intf=发进程信息 len=9(C-0)]
22:52:01 [185174601] 收到客户端状态应答[intf=发以太口信息(1) len=132(C-0)]
22:52:01 [185174601] 收到客户端状态应答[intf=发以太口信息(0) len=132(C-0)]
22:52:01 [185174601] 收到客户端状态应答[intf=发终端服务信息 len=280(C-0)]
22:52:01 [185174601] 发送数据590字节
22:52:01 [185174601] 读取120字节
22:52:01 [185174601] 收到客户端状态请求[intf=取哑终端信息(1)]
22:52:01 [185174601] 收到客户端状态请求[intf=取哑终端信息(2)]
22:52:01 [185174601] 收到客户端状态请求[intf=取哑终端信息(3)]
22:52:01 [185174601] 收到客户端状态请求[intf=取哑终端信息(4)]
22:52:01 [185174601] 收到客户端状态请求[intf=取哑终端信息(5)]
22:52:01 [185174601] 收到客户端状态请求[intf=取哑终端信息(6)]
22:52:01 [185174601] 收到客户端状态请求[intf=取哑终端信息(7)]
22:52:01 [185174601] 收到客户端状态请求[intf=取哑终端信息(8)]
22:52:01 [185174601] 收到客户端状态请求[intf=取哑终端信息(10)]
22:52:01 [185174601] 收到客户端状态请求[intf=取哑终端信息(11)]
22:52:01 [185174601] 收到客户端状态请求[intf=取哑终端信息(12)]
22:52:01 [185174601] 收到客户端状态请求[intf=取哑终端信息(13)]
22:52:01 [185174601] 收到客户端状态请求[intf=取哑终端信息(14)]
22:52:01 [185174601] 收到客户端状态请求[intf=取哑终端信息(15)]
22:52:01 [185174601] 收到客户端状态请求[intf=取哑终端信息(16)]
22:52:01 [185174601] 收到客户端状态应答[intf=发哑终端信息(16) len=996(C-0)]
22:52:01 [185174601] 收到客户端状态应答[intf=发哑终端信息(15) len=420(C-0)]
22:52:01 [185174601] 收到客户端状态应答[intf=发哑终端信息(14) len=708(C-0)]
22:52:01 [185174601] 收到客户端状态应答[intf=发哑终端信息(13) len=900(C-0)]
22:52:01 [185174601] 收到客户端状态应答[intf=发哑终端信息(12) len=900(C-0)]
22:52:01 [185174601] 收到客户端状态应答[intf=发哑终端信息(11) len=900(C-0)]
22:52:01 [185174601] 收到客户端状态应答[intf=发哑终端信息(10) len=708(C-0)]
22:52:01 [185174601] 收到客户端状态应答[intf=发哑终端信息(8) len=324(C-0)]
22:52:01 [185174601] 收到客户端状态应答[intf=发哑终端信息(7) len=804(C-0)]
22:52:01 [185174601] 收到客户端状态应答[intf=发哑终端信息(6) len=996(C-0)]
22:52:01 [185174601] 收到客户端状态应答[intf=发哑终端信息(5) len=516(C-0)]
22:52:01 [185174601] 发送数据8172字节
22:52:01 [185174601] 收到客户端状态应答[intf=发哑终端信息(4) len=708(C-0)]
22:52:01 [185174601] 收到客户端状态应答[intf=发哑终端信息(3) len=804(C-0)]
22:52:01 [185174601] 收到客户端状态应答[intf=发哑终端信息(2) len=900(C-0)]
22:52:01 [185174601] 收到客户端状态应答[intf=发哑终端信息(1) len=804(C-0)]
22:52:01 [185174601] 发送数据3216字节
22:52:02 [185174601] 读取8字节
22:52:02 [185174601] 收到客户端状态请求[intf=所有包均收到]
22:52:02 [185174601] 收到客户端状态应答[intf=所有包均收到 len=8(C-0)]
22:52:02 [185174601] 发送数据8字节
22:52:02 [2925579] 本次子进程回收全部完成(0/1/1).
22:52:02 [2925579] fork子进程结束[2021-08-26 22:52:02]，总数=1，耗时=1秒
22:52:02 [2925579] fork子进程开始[2021-08-26 22:52:02]
22:52:02 [185174601] Connected(192.168.1.242:51746) OK.
22:52:02 [185174601] 读取60字节
22:52:02 [185174601] 收到客户端状态请求[intf=认证请求]
22:52:02 [185174601] 收到客户端状态应答[intf=发认证串及基本配置信息 len=116(C-0)]
22:52:02 [185174601] 发送数据116字节
22:52:02 [185174601] 读取48字节
22:52:02 [185174601] 收到客户端状态请求[intf=取系统信息]
22:52:02 [185174601] 收到客户端状态请求[intf=取配置信息]
22:52:02 [185174601] 收到客户端状态请求[intf=取进程信息]
22:52:02 [185174601] 收到客户端状态请求[intf=取以太口信息(0)]
22:52:02 [185174601] 收到客户端状态请求[intf=取以太口信息(1)]
22:52:02 [185174601] 收到客户端状态请求[intf=取终端服务信息]
22:52:02 [185174601] 收到客户端状态应答[intf=发系统信息 len=28(C-0)]
22:52:02 [185174601] 收到客户端状态应答[intf=发配置信息 len=9(C-0)]
22:52:02 [185174601] 收到客户端状态应答[intf=发进程信息 len=9(C-0)]
22:52:02 [185174601] 收到客户端状态应答[intf=发以太口信息(1) len=132(C-0)]
22:52:02 [185174601] 收到客户端状态应答[intf=发以太口信息(0) len=132(C-0)]
22:52:02 [185174601] 收到客户端状态应答[intf=发终端服务信息 len=280(C-0)]
22:52:02 [185174601] 发送数据590字节
22:52:02 [185174601] 读取120字节
22:52:02 [185174601] 收到客户端状态请求[intf=取哑终端信息(1)]
22:52:02 [185174601] 收到客户端状态请求[intf=取哑终端信息(2)]
22:52:02 [185174601] 收到客户端状态请求[intf=取哑终端信息(3)]
22:52:02 [185174601] 收到客户端状态请求[intf=取哑终端信息(4)]
22:52:02 [185174601] 收到客户端状态请求[intf=取哑终端信息(5)]
22:52:02 [185174601] 收到客户端状态请求[intf=取哑终端信息(6)]
22:52:02 [185174601] 收到客户端状态请求[intf=取哑终端信息(7)]
22:52:02 [185174601] 收到客户端状态请求[intf=取哑终端信息(8)]
22:52:02 [185174601] 收到客户端状态请求[intf=取哑终端信息(10)]
22:52:02 [185174601] 收到客户端状态请求[intf=取哑终端信息(11)]
22:52:02 [185174601] 收到客户端状态请求[intf=取哑终端信息(12)]
22:52:02 [185174601] 收到客户端状态请求[intf=取哑终端信息(13)]
22:52:02 [185174601] 收到客户端状态请求[intf=取哑终端信息(14)]
22:52:02 [185174601] 收到客户端状态请求[intf=取哑终端信息(15)]
22:52:02 [185174601] 收到客户端状态请求[intf=取哑终端信息(16)]
22:52:02 [185174601] 收到客户端状态应答[intf=发哑终端信息(16) len=996(C-0)]
22:52:02 [185174601] 收到客户端状态应答[intf=发哑终端信息(15) len=420(C-0)]
22:52:02 [185174601] 收到客户端状态应答[intf=发哑终端信息(14) len=708(C-0)]
22:52:02 [185174601] 收到客户端状态应答[intf=发哑终端信息(13) len=900(C-0)]
22:52:02 [185174601] 收到客户端状态应答[intf=发哑终端信息(12) len=900(C-0)]
22:52:02 [185174601] 收到客户端状态应答[intf=发哑终端信息(11) len=900(C-0)]
22:52:02 [185174601] 收到客户端状态应答[intf=发哑终端信息(10) len=708(C-0)]
22:52:02 [185174601] 收到客户端状态应答[intf=发哑终端信息(8) len=324(C-0)]
22:52:02 [185174601] 收到客户端状态应答[intf=发哑终端信息(7) len=804(C-0)]
22:52:02 [185174601] 收到客户端状态应答[intf=发哑终端信息(6) len=996(C-0)]
22:52:02 [185174601] 收到客户端状态应答[intf=发哑终端信息(5) len=516(C-0)]
22:52:02 [185174601] 发送数据8172字节
22:52:02 [185174601] 收到客户端状态应答[intf=发哑终端信息(4) len=708(C-0)]
22:52:02 [185174601] 收到客户端状态应答[intf=发哑终端信息(3) len=804(C-0)]
22:52:02 [185174601] 收到客户端状态应答[intf=发哑终端信息(2) len=900(C-0)]
22:52:02 [185174601] 收到客户端状态应答[intf=发哑终端信息(1) len=804(C-0)]
22:52:02 [185174601] 发送数据3216字节
22:52:03 [185174601] 读取8字节
22:52:03 [185174601] 收到客户端状态请求[intf=所有包均收到]
22:52:03 [185174601] 收到客户端状态应答[intf=所有包均收到 len=8(C-0)]
22:52:03 [185174601] 发送数据8字节
22:52:03 [2925579] 本次子进程回收全部完成(0/1/1).
22:52:03 [2925579] fork子进程结束[2021-08-26 22:52:03]，总数=1，耗时=1秒
22:52:03 [2925579] fork子进程开始[2021-08-26 22:52:03]
22:52:03 [185174601] Connected(192.168.1.242:51746) OK.
22:52:03 [185174601] 读取60字节
22:52:03 [185174601] 收到客户端状态请求[intf=认证请求]
22:52:03 [185174601] 收到客户端状态应答[intf=发认证串及基本配置信息 len=116(C-0)]
22:52:03 [185174601] 发送数据116字节
22:52:03 [185174601] 读取48字节
22:52:03 [185174601] 收到客户端状态请求[intf=取系统信息]
22:52:03 [185174601] 收到客户端状态请求[intf=取配置信息]
22:52:03 [185174601] 收到客户端状态请求[intf=取进程信息]
22:52:03 [185174601] 收到客户端状态请求[intf=取以太口信息(0)]
22:52:03 [185174601] 收到客户端状态请求[intf=取以太口信息(1)]
22:52:03 [185174601] 收到客户端状态请求[intf=取终端服务信息]
22:52:03 [185174601] 收到客户端状态应答[intf=发系统信息 len=28(C-0)]
22:52:03 [185174601] 收到客户端状态应答[intf=发配置信息 len=9(C-0)]
22:52:03 [185174601] 收到客户端状态应答[intf=发进程信息 len=9(C-0)]
22:52:03 [185174601] 收到客户端状态应答[intf=发以太口信息(1) len=132(C-0)]
22:52:03 [185174601] 收到客户端状态应答[intf=发以太口信息(0) len=132(C-0)]
22:52:03 [185174601] 收到客户端状态应答[intf=发终端服务信息 len=280(C-0)]
22:52:03 [185174601] 发送数据590字节
22:52:03 [185174601] 读取120字节
22:52:03 [185174601] 收到客户端状态请求[intf=取哑终端信息(1)]
22:52:03 [185174601] 收到客户端状态请求[intf=取哑终端信息(2)]
22:52:03 [185174601] 收到客户端状态请求[intf=取哑终端信息(3)]
22:52:03 [185174601] 收到客户端状态请求[intf=取哑终端信息(4)]
22:52:03 [185174601] 收到客户端状态请求[intf=取哑终端信息(5)]
22:52:03 [185174601] 收到客户端状态请求[intf=取哑终端信息(6)]
22:52:03 [185174601] 收到客户端状态请求[intf=取哑终端信息(7)]
22:52:03 [185174601] 收到客户端状态请求[intf=取哑终端信息(8)]
22:52:03 [185174601] 收到客户端状态请求[intf=取哑终端信息(10)]
22:52:03 [185174601] 收到客户端状态请求[intf=取哑终端信息(11)]
22:52:03 [185174601] 收到客户端状态请求[intf=取哑终端信息(12)]
22:52:03 [185174601] 收到客户端状态请求[intf=取哑终端信息(13)]
22:52:03 [185174601] 收到客户端状态请求[intf=取哑终端信息(14)]
22:52:03 [185174601] 收到客户端状态请求[intf=取哑终端信息(15)]
22:52:03 [185174601] 收到客户端状态请求[intf=取哑终端信息(16)]
22:52:03 [185174601] 收到客户端状态应答[intf=发哑终端信息(16) len=996(C-0)]
22:52:03 [185174601] 收到客户端状态应答[intf=发哑终端信息(15) len=420(C-0)]
22:52:03 [185174601] 收到客户端状态应答[intf=发哑终端信息(14) len=708(C-0)]
22:52:03 [185174601] 收到客户端状态应答[intf=发哑终端信息(13) len=900(C-0)]
22:52:03 [185174601] 收到客户端状态应答[intf=发哑终端信息(12) len=900(C-0)]
22:52:03 [185174601] 收到客户端状态应答[intf=发哑终端信息(11) len=900(C-0)]
22:52:03 [185174601] 收到客户端状态应答[intf=发哑终端信息(10) len=708(C-0)]
22:52:03 [185174601] 收到客户端状态应答[intf=发哑终端信息(8) len=324(C-0)]
22:52:03 [185174601] 收到客户端状态应答[intf=发哑终端信息(7) len=804(C-0)]
22:52:03 [185174601] 收到客户端状态应答[intf=发哑终端信息(6) len=996(C-0)]
22:52:03 [185174601] 收到客户端状态应答[intf=发哑终端信息(5) len=516(C-0)]
22:52:03 [185174601] 发送数据8172字节
22:52:03 [185174601] 收到客户端状态应答[intf=发哑终端信息(4) len=708(C-0)]
22:52:03 [185174601] 收到客户端状态应答[intf=发哑终端信息(3) len=804(C-0)]
22:52:03 [185174601] 收到客户端状态应答[intf=发哑终端信息(2) len=900(C-0)]
22:52:03 [185174601] 收到客户端状态应答[intf=发哑终端信息(1) len=804(C-0)]
22:52:03 [185174601] 发送数据3216字节
22:52:04 [185174601] 读取8字节
22:52:04 [185174601] 收到客户端状态请求[intf=所有包均收到]
22:52:04 [185174601] 收到客户端状态应答[intf=所有包均收到 len=8(C-0)]
22:52:04 [185174601] 发送数据8字节
22:52:04 [2925579] 本次子进程回收全部完成(0/1/1).
22:52:04 [2925579] fork子进程结束[2021-08-26 22:52:04]，总数=1，耗时=1秒
22:52:04 [2925579] fork子进程开始[2021-08-26 22:52:04]
22:52:04 [185174601] Connected(192.168.1.242:51746) OK.
22:52:04 [185174601] 读取60字节
22:52:04 [185174601] 收到客户端状态请求[intf=认证请求]
22:52:04 [185174601] 收到客户端状态应答[intf=发认证串及基本配置信息 len=116(C-0)]
22:52:04 [185174601] 发送数据116字节
22:52:04 [185174601] 读取48字节
22:52:04 [185174601] 收到客户端状态请求[intf=取系统信息]
22:52:04 [185174601] 收到客户端状态请求[intf=取配置信息]
22:52:04 [185174601] 收到客户端状态请求[intf=取进程信息]
22:52:04 [185174601] 收到客户端状态请求[intf=取以太口信息(0)]
22:52:04 [185174601] 收到客户端状态请求[intf=取以太口信息(1)]
22:52:04 [185174601] 收到客户端状态请求[intf=取终端服务信息]
22:52:04 [185174601] 收到客户端状态应答[intf=发系统信息 len=28(C-0)]
22:52:04 [185174601] 收到客户端状态应答[intf=发配置信息 len=9(C-0)]
22:52:04 [185174601] 收到客户端状态应答[intf=发进程信息 len=9(C-0)]
22:52:04 [185174601] 收到客户端状态应答[intf=发以太口信息(1) len=132(C-0)]
22:52:04 [185174601] 收到客户端状态应答[intf=发以太口信息(0) len=132(C-0)]
22:52:04 [185174601] 收到客户端状态应答[intf=发终端服务信息 len=280(C-0)]
22:52:04 [185174601] 发送数据590字节
22:52:04 [185174601] 读取120字节
22:52:04 [185174601] 收到客户端状态请求[intf=取哑终端信息(1)]
22:52:04 [185174601] 收到客户端状态请求[intf=取哑终端信息(2)]
22:52:04 [185174601] 收到客户端状态请求[intf=取哑终端信息(3)]
22:52:04 [185174601] 收到客户端状态请求[intf=取哑终端信息(4)]
22:52:04 [185174601] 收到客户端状态请求[intf=取哑终端信息(5)]
22:52:04 [185174601] 收到客户端状态请求[intf=取哑终端信息(6)]
22:52:04 [185174601] 收到客户端状态请求[intf=取哑终端信息(7)]
22:52:04 [185174601] 收到客户端状态请求[intf=取哑终端信息(8)]
22:52:04 [185174601] 收到客户端状态请求[intf=取哑终端信息(10)]
22:52:04 [185174601] 收到客户端状态请求[intf=取哑终端信息(11)]
22:52:04 [185174601] 收到客户端状态请求[intf=取哑终端信息(12)]
22:52:04 [185174601] 收到客户端状态请求[intf=取哑终端信息(13)]
22:52:04 [185174601] 收到客户端状态请求[intf=取哑终端信息(14)]
22:52:04 [185174601] 收到客户端状态请求[intf=取哑终端信息(15)]
22:52:04 [185174601] 收到客户端状态请求[intf=取哑终端信息(16)]
22:52:04 [185174601] 收到客户端状态应答[intf=发哑终端信息(16) len=996(C-0)]
22:52:04 [185174601] 收到客户端状态应答[intf=发哑终端信息(15) len=420(C-0)]
22:52:04 [185174601] 收到客户端状态应答[intf=发哑终端信息(14) len=708(C-0)]
22:52:04 [185174601] 收到客户端状态应答[intf=发哑终端信息(13) len=900(C-0)]
22:52:04 [185174601] 收到客户端状态应答[intf=发哑终端信息(12) len=900(C-0)]
22:52:04 [185174601] 收到客户端状态应答[intf=发哑终端信息(11) len=900(C-0)]
22:52:04 [185174601] 收到客户端状态应答[intf=发哑终端信息(10) len=708(C-0)]
22:52:04 [185174601] 收到客户端状态应答[intf=发哑终端信息(8) len=324(C-0)]
22:52:04 [185174601] 收到客户端状态应答[intf=发哑终端信息(7) len=804(C-0)]
22:52:04 [185174601] 收到客户端状态应答[intf=发哑终端信息(6) len=996(C-0)]
22:52:04 [185174601] 收到客户端状态应答[intf=发哑终端信息(5) len=516(C-0)]
22:52:04 [185174601] 发送数据8172字节
22:52:04 [185174601] 收到客户端状态应答[intf=发哑终端信息(4) len=708(C-0)]
22:52:04 [185174601] 收到客户端状态应答[intf=发哑终端信息(3) len=804(C-0)]
22:52:04 [185174601] 收到客户端状态应答[intf=发哑终端信息(2) len=900(C-0)]
22:52:04 [185174601] 收到客户端状态应答[intf=发哑终端信息(1) len=804(C-0)]
22:52:04 [185174601] 发送数据3216字节
22:52:05 [185174601] 读取8字节
22:52:05 [185174601] 收到客户端状态请求[intf=所有包均收到]
22:52:05 [185174601] 收到客户端状态应答[intf=所有包均收到 len=8(C-0)]
22:52:05 [185174601] 发送数据8字节
22:52:05 [2925579] 本次子进程回收全部完成(0/1/1).
22:52:05 [2925579] fork子进程结束[2021-08-26 22:52:05]，总数=1，耗时=1秒
22:52:05 [2925579] fork子进程开始[2021-08-26 22:52:05]
22:52:05 [185174601] Connected(192.168.1.242:51746) OK.
22:52:05 [185174601] 读取60字节
22:52:05 [185174601] 收到客户端状态请求[intf=认证请求]
22:52:05 [185174601] 收到客户端状态应答[intf=发认证串及基本配置信息 len=116(C-0)]
22:52:05 [185174601] 发送数据116字节
22:52:05 [185174601] 读取48字节
22:52:05 [185174601] 收到客户端状态请求[intf=取系统信息]
22:52:05 [185174601] 收到客户端状态请求[intf=取配置信息]
22:52:05 [185174601] 收到客户端状态请求[intf=取进程信息]
22:52:05 [185174601] 收到客户端状态请求[intf=取以太口信息(0)]
22:52:05 [185174601] 收到客户端状态请求[intf=取以太口信息(1)]
22:52:05 [185174601] 收到客户端状态请求[intf=取终端服务信息]
22:52:05 [185174601] 收到客户端状态应答[intf=发系统信息 len=28(C-0)]
22:52:05 [185174601] 收到客户端状态应答[intf=发配置信息 len=9(C-0)]
22:52:05 [185174601] 收到客户端状态应答[intf=发进程信息 len=9(C-0)]
22:52:05 [185174601] 收到客户端状态应答[intf=发以太口信息(1) len=132(C-0)]
22:52:05 [185174601] 收到客户端状态应答[intf=发以太口信息(0) len=132(C-0)]
22:52:05 [185174601] 收到客户端状态应答[intf=发终端服务信息 len=280(C-0)]
22:52:05 [185174601] 发送数据590字节
22:52:05 [185174601] 读取120字节
22:52:05 [185174601] 收到客户端状态请求[intf=取哑终端信息(1)]
22:52:05 [185174601] 收到客户端状态请求[intf=取哑终端信息(2)]
22:52:05 [185174601] 收到客户端状态请求[intf=取哑终端信息(3)]
22:52:05 [185174601] 收到客户端状态请求[intf=取哑终端信息(4)]
22:52:05 [185174601] 收到客户端状态请求[intf=取哑终端信息(5)]
22:52:05 [185174601] 收到客户端状态请求[intf=取哑终端信息(6)]
22:52:05 [185174601] 收到客户端状态请求[intf=取哑终端信息(7)]
22:52:05 [185174601] 收到客户端状态请求[intf=取哑终端信息(8)]
22:52:05 [185174601] 收到客户端状态请求[intf=取哑终端信息(10)]
22:52:05 [185174601] 收到客户端状态请求[intf=取哑终端信息(11)]
22:52:05 [185174601] 收到客户端状态请求[intf=取哑终端信息(12)]
22:52:05 [185174601] 收到客户端状态请求[intf=取哑终端信息(13)]
22:52:05 [185174601] 收到客户端状态请求[intf=取哑终端信息(14)]
22:52:05 [185174601] 收到客户端状态请求[intf=取哑终端信息(15)]
22:52:05 [185174601] 收到客户端状态请求[intf=取哑终端信息(16)]
22:52:05 [185174601] 收到客户端状态应答[intf=发哑终端信息(16) len=996(C-0)]
22:52:05 [185174601] 收到客户端状态应答[intf=发哑终端信息(15) len=420(C-0)]
22:52:05 [185174601] 收到客户端状态应答[intf=发哑终端信息(14) len=708(C-0)]
22:52:05 [185174601] 收到客户端状态应答[intf=发哑终端信息(13) len=900(C-0)]
22:52:05 [185174601] 收到客户端状态应答[intf=发哑终端信息(12) len=900(C-0)]
22:52:05 [185174601] 收到客户端状态应答[intf=发哑终端信息(11) len=900(C-0)]
22:52:05 [185174601] 收到客户端状态应答[intf=发哑终端信息(10) len=708(C-0)]
22:52:05 [185174601] 收到客户端状态应答[intf=发哑终端信息(8) len=324(C-0)]
22:52:05 [185174601] 收到客户端状态应答[intf=发哑终端信息(7) len=804(C-0)]
22:52:05 [185174601] 收到客户端状态应答[intf=发哑终端信息(6) len=996(C-0)]
22:52:05 [185174601] 收到客户端状态应答[intf=发哑终端信息(5) len=516(C-0)]
22:52:05 [185174601] 发送数据8172字节
22:52:05 [185174601] 收到客户端状态应答[intf=发哑终端信息(4) len=708(C-0)]
22:52:05 [185174601] 收到客户端状态应答[intf=发哑终端信息(3) len=804(C-0)]
22:52:05 [185174601] 收到客户端状态应答[intf=发哑终端信息(2) len=900(C-0)]
22:52:05 [185174601] 收到客户端状态应答[intf=发哑终端信息(1) len=804(C-0)]
22:52:05 [185174601] 发送数据3216字节
22:52:06 [185174601] 读取8字节
22:52:06 [185174601] 收到客户端状态请求[intf=所有包均收到]
22:52:06 [185174601] 收到客户端状态应答[intf=所有包均收到 len=8(C-0)]
22:52:06 [185174601] 发送数据8字节
22:52:06 [2925579] 本次子进程回收全部完成(0/1/1).
22:52:06 [2925579] fork子进程结束[2021-08-26 22:52:06]，总数=1，耗时=1秒
22:52:06 [2925579] fork子进程开始[2021-08-26 22:52:06]
22:52:06 [185174601] Connected(192.168.1.242:51746) OK.
22:52:06 [185174601] 读取60字节
22:52:06 [185174601] 收到客户端状态请求[intf=认证请求]
22:52:06 [185174601] 收到客户端状态应答[intf=发认证串及基本配置信息 len=116(C-0)]
22:52:06 [185174601] 发送数据116字节
22:52:06 [185174601] 读取48字节
22:52:06 [185174601] 收到客户端状态请求[intf=取系统信息]
22:52:06 [185174601] 收到客户端状态请求[intf=取配置信息]
22:52:06 [185174601] 收到客户端状态请求[intf=取进程信息]
22:52:06 [185174601] 收到客户端状态请求[intf=取以太口信息(0)]
22:52:06 [185174601] 收到客户端状态请求[intf=取以太口信息(1)]
22:52:06 [185174601] 收到客户端状态请求[intf=取终端服务信息]
22:52:06 [185174601] 收到客户端状态应答[intf=发系统信息 len=28(C-0)]
22:52:06 [185174601] 收到客户端状态应答[intf=发配置信息 len=9(C-0)]
22:52:06 [185174601] 收到客户端状态应答[intf=发进程信息 len=9(C-0)]
22:52:06 [185174601] 收到客户端状态应答[intf=发以太口信息(1) len=132(C-0)]
22:52:06 [185174601] 收到客户端状态应答[intf=发以太口信息(0) len=132(C-0)]
22:52:06 [185174601] 收到客户端状态应答[intf=发终端服务信息 len=280(C-0)]
22:52:06 [185174601] 发送数据590字节
22:52:06 [185174601] 读取120字节
22:52:06 [185174601] 收到客户端状态请求[intf=取哑终端信息(1)]
22:52:06 [185174601] 收到客户端状态请求[intf=取哑终端信息(2)]
22:52:06 [185174601] 收到客户端状态请求[intf=取哑终端信息(3)]
22:52:06 [185174601] 收到客户端状态请求[intf=取哑终端信息(4)]
22:52:06 [185174601] 收到客户端状态请求[intf=取哑终端信息(5)]
22:52:06 [185174601] 收到客户端状态请求[intf=取哑终端信息(6)]
22:52:06 [185174601] 收到客户端状态请求[intf=取哑终端信息(7)]
22:52:06 [185174601] 收到客户端状态请求[intf=取哑终端信息(8)]
22:52:06 [185174601] 收到客户端状态请求[intf=取哑终端信息(10)]
22:52:06 [185174601] 收到客户端状态请求[intf=取哑终端信息(11)]
22:52:06 [185174601] 收到客户端状态请求[intf=取哑终端信息(12)]
22:52:06 [185174601] 收到客户端状态请求[intf=取哑终端信息(13)]
22:52:06 [185174601] 收到客户端状态请求[intf=取哑终端信息(14)]
22:52:06 [185174601] 收到客户端状态请求[intf=取哑终端信息(15)]
22:52:06 [185174601] 收到客户端状态请求[intf=取哑终端信息(16)]
22:52:06 [185174601] 收到客户端状态应答[intf=发哑终端信息(16) len=996(C-0)]
22:52:06 [185174601] 收到客户端状态应答[intf=发哑终端信息(15) len=420(C-0)]
22:52:06 [185174601] 收到客户端状态应答[intf=发哑终端信息(14) len=708(C-0)]
22:52:06 [185174601] 收到客户端状态应答[intf=发哑终端信息(13) len=900(C-0)]
22:52:06 [185174601] 收到客户端状态应答[intf=发哑终端信息(12) len=900(C-0)]
22:52:06 [185174601] 收到客户端状态应答[intf=发哑终端信息(11) len=900(C-0)]
22:52:06 [185174601] 收到客户端状态应答[intf=发哑终端信息(10) len=708(C-0)]
22:52:06 [185174601] 收到客户端状态应答[intf=发哑终端信息(8) len=324(C-0)]
22:52:06 [185174601] 收到客户端状态应答[intf=发哑终端信息(7) len=804(C-0)]
22:52:06 [185174601] 收到客户端状态应答[intf=发哑终端信息(6) len=996(C-0)]
22:52:06 [185174601] 收到客户端状态应答[intf=发哑终端信息(5) len=516(C-0)]
22:52:06 [185174601] 发送数据8172字节
22:52:06 [185174601] 收到客户端状态应答[intf=发哑终端信息(4) len=708(C-0)]
22:52:06 [185174601] 收到客户端状态应答[intf=发哑终端信息(3) len=804(C-0)]
22:52:06 [185174601] 收到客户端状态应答[intf=发哑终端信息(2) len=900(C-0)]
22:52:06 [185174601] 收到客户端状态应答[intf=发哑终端信息(1) len=804(C-0)]
22:52:06 [185174601] 发送数据3216字节
22:52:07 [185174601] 读取8字节
22:52:07 [185174601] 收到客户端状态请求[intf=所有包均收到]
22:52:07 [185174601] 收到客户端状态应答[intf=所有包均收到 len=8(C-0)]
22:52:07 [185174601] 发送数据8字节
22:52:07 [2925579] 本次子进程回收全部完成(0/1/1).
22:52:07 [2925579] fork子进程结束[2021-08-26 22:52:07]，总数=1，耗时=1秒
22:52:07 [2925579] fork子进程开始[2021-08-26 22:52:07]
22:52:07 [185174601] Connected(192.168.1.242:51746) OK.
22:52:07 [185174601] 读取60字节
22:52:07 [185174601] 收到客户端状态请求[intf=认证请求]
22:52:07 [185174601] 收到客户端状态应答[intf=发认证串及基本配置信息 len=116(C-0)]
22:52:07 [185174601] 发送数据116字节
22:52:07 [185174601] 读取48字节
22:52:07 [185174601] 收到客户端状态请求[intf=取系统信息]
22:52:07 [185174601] 收到客户端状态请求[intf=取配置信息]
22:52:07 [185174601] 收到客户端状态请求[intf=取进程信息]
22:52:07 [185174601] 收到客户端状态请求[intf=取以太口信息(0)]
22:52:07 [185174601] 收到客户端状态请求[intf=取以太口信息(1)]
22:52:07 [185174601] 收到客户端状态请求[intf=取终端服务信息]
22:52:07 [185174601] 收到客户端状态应答[intf=发系统信息 len=28(C-0)]
22:52:07 [185174601] 收到客户端状态应答[intf=发配置信息 len=9(C-0)]
22:52:07 [185174601] 收到客户端状态应答[intf=发进程信息 len=9(C-0)]
22:52:07 [185174601] 收到客户端状态应答[intf=发以太口信息(1) len=132(C-0)]
22:52:07 [185174601] 收到客户端状态应答[intf=发以太口信息(0) len=132(C-0)]
22:52:07 [185174601] 收到客户端状态应答[intf=发终端服务信息 len=280(C-0)]
22:52:07 [185174601] 发送数据590字节
22:52:07 [185174601] 读取120字节
22:52:07 [185174601] 收到客户端状态请求[intf=取哑终端信息(1)]
22:52:07 [185174601] 收到客户端状态请求[intf=取哑终端信息(2)]
22:52:07 [185174601] 收到客户端状态请求[intf=取哑终端信息(3)]
22:52:07 [185174601] 收到客户端状态请求[intf=取哑终端信息(4)]
22:52:07 [185174601] 收到客户端状态请求[intf=取哑终端信息(5)]
22:52:07 [185174601] 收到客户端状态请求[intf=取哑终端信息(6)]
22:52:07 [185174601] 收到客户端状态请求[intf=取哑终端信息(7)]
22:52:07 [185174601] 收到客户端状态请求[intf=取哑终端信息(8)]
22:52:07 [185174601] 收到客户端状态请求[intf=取哑终端信息(10)]
22:52:07 [185174601] 收到客户端状态请求[intf=取哑终端信息(11)]
22:52:07 [185174601] 收到客户端状态请求[intf=取哑终端信息(12)]
22:52:07 [185174601] 收到客户端状态请求[intf=取哑终端信息(13)]
22:52:07 [185174601] 收到客户端状态请求[intf=取哑终端信息(14)]
22:52:07 [185174601] 收到客户端状态请求[intf=取哑终端信息(15)]
22:52:07 [185174601] 收到客户端状态请求[intf=取哑终端信息(16)]
22:52:07 [185174601] 收到客户端状态应答[intf=发哑终端信息(16) len=996(C-0)]
22:52:07 [185174601] 收到客户端状态应答[intf=发哑终端信息(15) len=420(C-0)]
22:52:07 [185174601] 收到客户端状态应答[intf=发哑终端信息(14) len=708(C-0)]
22:52:07 [185174601] 收到客户端状态应答[intf=发哑终端信息(13) len=900(C-0)]
22:52:07 [185174601] 收到客户端状态应答[intf=发哑终端信息(12) len=900(C-0)]
22:52:07 [185174601] 收到客户端状态应答[intf=发哑终端信息(11) len=900(C-0)]
22:52:07 [185174601] 收到客户端状态应答[intf=发哑终端信息(10) len=708(C-0)]
22:52:07 [185174601] 收到客户端状态应答[intf=发哑终端信息(8) len=324(C-0)]
22:52:07 [185174601] 收到客户端状态应答[intf=发哑终端信息(7) len=804(C-0)]
22:52:07 [185174601] 收到客户端状态应答[intf=发哑终端信息(6) len=996(C-0)]
22:52:07 [185174601] 收到客户端状态应答[intf=发哑终端信息(5) len=516(C-0)]
22:52:07 [185174601] 发送数据8172字节
22:52:07 [185174601] 收到客户端状态应答[intf=发哑终端信息(4) len=708(C-0)]
22:52:07 [185174601] 收到客户端状态应答[intf=发哑终端信息(3) len=804(C-0)]
22:52:07 [185174601] 收到客户端状态应答[intf=发哑终端信息(2) len=900(C-0)]
22:52:07 [185174601] 收到客户端状态应答[intf=发哑终端信息(1) len=804(C-0)]
22:52:07 [185174601] 发送数据3216字节
22:52:08 [185174601] 读取8字节
22:52:08 [185174601] 收到客户端状态请求[intf=所有包均收到]
22:52:08 [185174601] 收到客户端状态应答[intf=所有包均收到 len=8(C-0)]
22:52:08 [185174601] 发送数据8字节
22:52:08 [2925579] 本次子进程回收全部完成(0/1/1).
22:52:08 [2925579] fork子进程结束[2021-08-26 22:52:08]，总数=1，耗时=1秒
22:52:08 [2925579] fork子进程开始[2021-08-26 22:52:08]
22:52:08 [185174601] Connected(192.168.1.242:51746) OK.
22:52:08 [185174601] 读取60字节
22:52:08 [185174601] 收到客户端状态请求[intf=认证请求]
22:52:08 [185174601] 收到客户端状态应答[intf=发认证串及基本配置信息 len=116(C-0)]
22:52:08 [185174601] 发送数据116字节
22:52:08 [185174601] 读取48字节
22:52:08 [185174601] 收到客户端状态请求[intf=取系统信息]
22:52:08 [185174601] 收到客户端状态请求[intf=取配置信息]
22:52:08 [185174601] 收到客户端状态请求[intf=取进程信息]
22:52:08 [185174601] 收到客户端状态请求[intf=取以太口信息(0)]
22:52:08 [185174601] 收到客户端状态请求[intf=取以太口信息(1)]
22:52:08 [185174601] 收到客户端状态请求[intf=取终端服务信息]
22:52:08 [185174601] 收到客户端状态应答[intf=发系统信息 len=28(C-0)]
22:52:08 [185174601] 收到客户端状态应答[intf=发配置信息 len=9(C-0)]
22:52:08 [185174601] 收到客户端状态应答[intf=发进程信息 len=9(C-0)]
22:52:08 [185174601] 收到客户端状态应答[intf=发以太口信息(1) len=132(C-0)]
22:52:08 [185174601] 收到客户端状态应答[intf=发以太口信息(0) len=132(C-0)]
22:52:08 [185174601] 收到客户端状态应答[intf=发终端服务信息 len=280(C-0)]
22:52:08 [185174601] 发送数据590字节
22:52:08 [185174601] 读取120字节
22:52:08 [185174601] 收到客户端状态请求[intf=取哑终端信息(1)]
22:52:08 [185174601] 收到客户端状态请求[intf=取哑终端信息(2)]
22:52:08 [185174601] 收到客户端状态请求[intf=取哑终端信息(3)]
22:52:08 [185174601] 收到客户端状态请求[intf=取哑终端信息(4)]
22:52:08 [185174601] 收到客户端状态请求[intf=取哑终端信息(5)]
22:52:08 [185174601] 收到客户端状态请求[intf=取哑终端信息(6)]
22:52:08 [185174601] 收到客户端状态请求[intf=取哑终端信息(7)]
22:52:08 [185174601] 收到客户端状态请求[intf=取哑终端信息(8)]
22:52:08 [185174601] 收到客户端状态请求[intf=取哑终端信息(10)]
22:52:08 [185174601] 收到客户端状态请求[intf=取哑终端信息(11)]
22:52:08 [185174601] 收到客户端状态请求[intf=取哑终端信息(12)]
22:52:08 [185174601] 收到客户端状态请求[intf=取哑终端信息(13)]
22:52:08 [185174601] 收到客户端状态请求[intf=取哑终端信息(14)]
22:52:08 [185174601] 收到客户端状态请求[intf=取哑终端信息(15)]
22:52:08 [185174601] 收到客户端状态请求[intf=取哑终端信息(16)]
22:52:08 [185174601] 收到客户端状态应答[intf=发哑终端信息(16) len=996(C-0)]
22:52:08 [185174601] 收到客户端状态应答[intf=发哑终端信息(15) len=420(C-0)]
22:52:08 [185174601] 收到客户端状态应答[intf=发哑终端信息(14) len=708(C-0)]
22:52:08 [185174601] 收到客户端状态应答[intf=发哑终端信息(13) len=900(C-0)]
22:52:08 [185174601] 收到客户端状态应答[intf=发哑终端信息(12) len=900(C-0)]
22:52:08 [185174601] 收到客户端状态应答[intf=发哑终端信息(11) len=900(C-0)]
22:52:08 [185174601] 收到客户端状态应答[intf=发哑终端信息(10) len=708(C-0)]
22:52:08 [185174601] 收到客户端状态应答[intf=发哑终端信息(8) len=324(C-0)]
22:52:08 [185174601] 收到客户端状态应答[intf=发哑终端信息(7) len=804(C-0)]
22:52:08 [185174601] 收到客户端状态应答[intf=发哑终端信息(6) len=996(C-0)]
22:52:08 [185174601] 收到客户端状态应答[intf=发哑终端信息(5) len=516(C-0)]
22:52:08 [185174601] 发送数据8172字节
22:52:08 [185174601] 收到客户端状态应答[intf=发哑终端信息(4) len=708(C-0)]
22:52:08 [185174601] 收到客户端状态应答[intf=发哑终端信息(3) len=804(C-0)]
22:52:08 [185174601] 收到客户端状态应答[intf=发哑终端信息(2) len=900(C-0)]
22:52:08 [185174601] 收到客户端状态应答[intf=发哑终端信息(1) len=804(C-0)]
22:52:08 [185174601] 发送数据3216字节
22:52:09 [185174601] 读取8字节
22:52:09 [185174601] 收到客户端状态请求[intf=所有包均收到]
22:52:09 [185174601] 收到客户端状态应答[intf=所有包均收到 len=8(C-0)]
22:52:09 [185174601] 发送数据8字节
22:52:09 [2925579] 本次子进程回收全部完成(0/1/1).
22:52:09 [2925579] fork子进程结束[2021-08-26 22:52:09]，总数=1，耗时=1秒
22:52:09 [2925579] fork子进程开始[2021-08-26 22:52:09]
22:52:09 [185174601] Connected(192.168.1.242:51746) OK.
22:52:09 [185174601] 读取60字节
22:52:09 [185174601] 收到客户端状态请求[intf=认证请求]
22:52:09 [185174601] 收到客户端状态应答[intf=发认证串及基本配置信息 len=116(C-0)]
22:52:09 [185174601] 发送数据116字节
22:52:09 [185174601] 读取48字节
22:52:09 [185174601] 收到客户端状态请求[intf=取系统信息]
22:52:09 [185174601] 收到客户端状态请求[intf=取配置信息]
22:52:09 [185174601] 收到客户端状态请求[intf=取进程信息]
22:52:09 [185174601] 收到客户端状态请求[intf=取以太口信息(0)]
22:52:09 [185174601] 收到客户端状态请求[intf=取以太口信息(1)]
22:52:09 [185174601] 收到客户端状态请求[intf=取终端服务信息]
22:52:09 [185174601] 收到客户端状态应答[intf=发系统信息 len=28(C-0)]
22:52:09 [185174601] 收到客户端状态应答[intf=发配置信息 len=9(C-0)]
22:52:09 [185174601] 收到客户端状态应答[intf=发进程信息 len=9(C-0)]
22:52:09 [185174601] 收到客户端状态应答[intf=发以太口信息(1) len=132(C-0)]
22:52:09 [185174601] 收到客户端状态应答[intf=发以太口信息(0) len=132(C-0)]
22:52:09 [185174601] 收到客户端状态应答[intf=发终端服务信息 len=280(C-0)]
22:52:09 [185174601] 发送数据590字节
22:52:09 [185174601] 读取120字节
22:52:09 [185174601] 收到客户端状态请求[intf=取哑终端信息(1)]
22:52:09 [185174601] 收到客户端状态请求[intf=取哑终端信息(2)]
22:52:09 [185174601] 收到客户端状态请求[intf=取哑终端信息(3)]
22:52:09 [185174601] 收到客户端状态请求[intf=取哑终端信息(4)]
22:52:09 [185174601] 收到客户端状态请求[intf=取哑终端信息(5)]
22:52:09 [185174601] 收到客户端状态请求[intf=取哑终端信息(6)]
22:52:09 [185174601] 收到客户端状态请求[intf=取哑终端信息(7)]
22:52:09 [185174601] 收到客户端状态请求[intf=取哑终端信息(8)]
22:52:09 [185174601] 收到客户端状态请求[intf=取哑终端信息(10)]
22:52:09 [185174601] 收到客户端状态请求[intf=取哑终端信息(11)]
22:52:09 [185174601] 收到客户端状态请求[intf=取哑终端信息(12)]
22:52:09 [185174601] 收到客户端状态请求[intf=取哑终端信息(13)]
22:52:09 [185174601] 收到客户端状态请求[intf=取哑终端信息(14)]
22:52:09 [185174601] 收到客户端状态请求[intf=取哑终端信息(15)]
22:52:09 [185174601] 收到客户端状态请求[intf=取哑终端信息(16)]
22:52:09 [185174601] 收到客户端状态应答[intf=发哑终端信息(16) len=996(C-0)]
22:52:09 [185174601] 收到客户端状态应答[intf=发哑终端信息(15) len=420(C-0)]
22:52:09 [185174601] 收到客户端状态应答[intf=发哑终端信息(14) len=708(C-0)]
22:52:09 [185174601] 收到客户端状态应答[intf=发哑终端信息(13) len=900(C-0)]
22:52:09 [185174601] 收到客户端状态应答[intf=发哑终端信息(12) len=900(C-0)]
22:52:09 [185174601] 收到客户端状态应答[intf=发哑终端信息(11) len=900(C-0)]
22:52:09 [185174601] 收到客户端状态应答[intf=发哑终端信息(10) len=708(C-0)]
22:52:09 [185174601] 收到客户端状态应答[intf=发哑终端信息(8) len=324(C-0)]
22:52:09 [185174601] 收到客户端状态应答[intf=发哑终端信息(7) len=804(C-0)]
22:52:09 [185174601] 收到客户端状态应答[intf=发哑终端信息(6) len=996(C-0)]
22:52:09 [185174601] 收到客户端状态应答[intf=发哑终端信息(5) len=516(C-0)]
22:52:09 [185174601] 发送数据8172字节
22:52:09 [185174601] 收到客户端状态应答[intf=发哑终端信息(4) len=708(C-0)]
22:52:09 [185174601] 收到客户端状态应答[intf=发哑终端信息(3) len=804(C-0)]
22:52:09 [185174601] 收到客户端状态应答[intf=发哑终端信息(2) len=900(C-0)]
22:52:09 [185174601] 收到客户端状态应答[intf=发哑终端信息(1) len=804(C-0)]
22:52:09 [185174601] 发送数据3216字节
22:52:10 [185174601] 读取8字节
22:52:10 [185174601] 收到客户端状态请求[intf=所有包均收到]
22:52:10 [185174601] 收到客户端状态应答[intf=所有包均收到 len=8(C-0)]
22:52:10 [185174601] 发送数据8字节
22:52:10 [2925579] 本次子进程回收全部完成(0/1/1).
22:52:10 [2925579] fork子进程结束[2021-08-26 22:52:10]，总数=1，耗时=1秒
22:52:10 [2925579] fork子进程开始[2021-08-26 22:52:10]
22:52:10 [185174601] Connected(192.168.1.242:51746) OK.
22:52:10 [185174601] 读取60字节
22:52:10 [185174601] 收到客户端状态请求[intf=认证请求]
22:52:10 [185174601] 收到客户端状态应答[intf=发认证串及基本配置信息 len=116(C-0)]
22:52:10 [185174601] 发送数据116字节
22:52:10 [185174601] 读取48字节
22:52:10 [185174601] 收到客户端状态请求[intf=取系统信息]
22:52:10 [185174601] 收到客户端状态请求[intf=取配置信息]
22:52:10 [185174601] 收到客户端状态请求[intf=取进程信息]
22:52:10 [185174601] 收到客户端状态请求[intf=取以太口信息(0)]
22:52:10 [185174601] 收到客户端状态请求[intf=取以太口信息(1)]
22:52:10 [185174601] 收到客户端状态请求[intf=取终端服务信息]
22:52:10 [185174601] 收到客户端状态应答[intf=发系统信息 len=28(C-0)]
22:52:10 [185174601] 收到客户端状态应答[intf=发配置信息 len=9(C-0)]
22:52:10 [185174601] 收到客户端状态应答[intf=发进程信息 len=9(C-0)]
22:52:10 [185174601] 收到客户端状态应答[intf=发以太口信息(1) len=132(C-0)]
22:52:10 [185174601] 收到客户端状态应答[intf=发以太口信息(0) len=132(C-0)]
22:52:10 [185174601] 收到客户端状态应答[intf=发终端服务信息 len=280(C-0)]
22:52:10 [185174601] 发送数据590字节
22:52:10 [185174601] 读取120字节
22:52:10 [185174601] 收到客户端状态请求[intf=取哑终端信息(1)]
22:52:10 [185174601] 收到客户端状态请求[intf=取哑终端信息(2)]
22:52:10 [185174601] 收到客户端状态请求[intf=取哑终端信息(3)]
22:52:10 [185174601] 收到客户端状态请求[intf=取哑终端信息(4)]
22:52:10 [185174601] 收到客户端状态请求[intf=取哑终端信息(5)]
22:52:10 [185174601] 收到客户端状态请求[intf=取哑终端信息(6)]
22:52:10 [185174601] 收到客户端状态请求[intf=取哑终端信息(7)]
22:52:10 [185174601] 收到客户端状态请求[intf=取哑终端信息(8)]
22:52:10 [185174601] 收到客户端状态请求[intf=取哑终端信息(10)]
22:52:10 [185174601] 收到客户端状态请求[intf=取哑终端信息(11)]
22:52:10 [185174601] 收到客户端状态请求[intf=取哑终端信息(12)]
22:52:10 [185174601] 收到客户端状态请求[intf=取哑终端信息(13)]
22:52:10 [185174601] 收到客户端状态请求[intf=取哑终端信息(14)]
22:52:10 [185174601] 收到客户端状态请求[intf=取哑终端信息(15)]
22:52:10 [185174601] 收到客户端状态请求[intf=取哑终端信息(16)]
22:52:10 [185174601] 收到客户端状态应答[intf=发哑终端信息(16) len=996(C-0)]
22:52:10 [185174601] 收到客户端状态应答[intf=发哑终端信息(15) len=420(C-0)]
22:52:10 [185174601] 收到客户端状态应答[intf=发哑终端信息(14) len=708(C-0)]
22:52:10 [185174601] 收到客户端状态应答[intf=发哑终端信息(13) len=900(C-0)]
22:52:10 [185174601] 收到客户端状态应答[intf=发哑终端信息(12) len=900(C-0)]
22:52:10 [185174601] 收到客户端状态应答[intf=发哑终端信息(11) len=900(C-0)]
22:52:10 [185174601] 收到客户端状态应答[intf=发哑终端信息(10) len=708(C-0)]
22:52:10 [185174601] 收到客户端状态应答[intf=发哑终端信息(8) len=324(C-0)]
22:52:10 [185174601] 收到客户端状态应答[intf=发哑终端信息(7) len=804(C-0)]
22:52:10 [185174601] 收到客户端状态应答[intf=发哑终端信息(6) len=996(C-0)]
22:52:10 [185174601] 收到客户端状态应答[intf=发哑终端信息(5) len=516(C-0)]
22:52:10 [185174601] 发送数据8172字节
22:52:10 [185174601] 收到客户端状态应答[intf=发哑终端信息(4) len=708(C-0)]
22:52:10 [185174601] 收到客户端状态应答[intf=发哑终端信息(3) len=804(C-0)]
22:52:10 [185174601] 收到客户端状态应答[intf=发哑终端信息(2) len=900(C-0)]
22:52:10 [185174601] 收到客户端状态应答[intf=发哑终端信息(1) len=804(C-0)]
22:52:10 [185174601] 发送数据3216字节
